#
# There is insufficient memory for the Java Runtime Environment to continue.
# Native memory allocation (malloc) failed to allocate 1076656 bytes for Chunk::new
# Possible reasons:
#   The system is out of physical RAM or swap space
#   The process is running with CompressedOops enabled, and the Java Heap may be blocking the growth of the native heap
# Possible solutions:
#   Reduce memory load on the system
#   Increase physical memory or swap space
#   Check if swap backing store is full
#   Decrease Java heap size (-Xmx/-Xms)
#   Decrease number of Java threads
#   Decrease Java thread stack sizes (-Xss)
#   Set larger code cache with -XX:ReservedCodeCacheSize=
#   JVM is running with Unscaled Compressed Oops mode in which the Java heap is
#     placed in the first 4GB address space. The Java Heap base address is the
#     maximum limit for the native heap growth. Please use -XX:HeapBaseMinAddress
#     to set the Java Heap base and to place the Java Heap above 4GB virtual address.
# This output file may be truncated or incomplete.
#
#  Out of Memory Error (./src/hotspot/share/memory/arena.cpp:197), pid=15248, tid=16796
#
# JRE version: OpenJDK Runtime Environment (11.0.11+9) (build 11.0.11+9-b60-7590822)
# Java VM: OpenJDK 64-Bit Server VM (11.0.11+9-b60-7590822, mixed mode, tiered, compressed oops, g1 gc, windows-amd64)
# No core dump will be written. Minidumps are not enabled by default on client versions of Windows
#

---------------  S U M M A R Y ------------

Command Line: --add-opens=java.base/java.util=ALL-UNNAMED --add-opens=java.base/java.lang=ALL-UNNAMED --add-opens=java.base/java.lang.invoke=ALL-UNNAMED --add-opens=java.base/java.util=ALL-UNNAMED --add-opens=java.prefs/java.util.prefs=ALL-UNNAMED --add-opens=java.prefs/java.util.prefs=ALL-UNNAMED --add-opens=java.base/java.nio.charset=ALL-UNNAMED --add-opens=java.base/java.net=ALL-UNNAMED --add-opens=java.base/java.util.concurrent.atomic=ALL-UNNAMED -Xmx2048m -Dfile.encoding=UTF-8 -Duser.country=IN -Duser.language=en -Duser.variant org.gradle.launcher.daemon.bootstrap.GradleDaemon 7.2

Host: AMD Ryzen 5 5600H with Radeon Graphics         , 12 cores, 7G,  Windows 10 , 64 bit Build 22000 (10.0.22000.434)
Time: Tue Mar 22 09:18:48 2022 India Standard Time elapsed time: 11.333746 seconds (0d 0h 0m 11s)

---------------  T H R E A D  ---------------

Current thread (0x0000016006652000):  JavaThread "C2 CompilerThread1" daemon [_thread_in_native, id=16796, stack(0x00000012d8600000,0x00000012d8700000)]


Current CompileTask:
C2:  11333 6290       4       java.util.TreeMap::put (247 bytes)

Stack: [0x00000012d8600000,0x00000012d8700000]
Native frames: (J=compiled Java code, j=interpreted, Vv=VM code, C=native code)
V  [jvm.dll+0x5f214a]
V  [jvm.dll+0x726fb5]
V  [jvm.dll+0x7285cd]
V  [jvm.dll+0x728c83]
V  [jvm.dll+0x243278]
V  [jvm.dll+0xbc53c]
V  [jvm.dll+0xbca3c]
V  [jvm.dll+0x353e3b]
V  [jvm.dll+0x321893]
V  [jvm.dll+0x320d8a]
V  [jvm.dll+0x1fc1e2]
V  [jvm.dll+0x1fb3d4]
V  [jvm.dll+0x183d6c]
V  [jvm.dll+0x209a57]
V  [jvm.dll+0x2082a1]
V  [jvm.dll+0x6ef58f]
V  [jvm.dll+0x6e80b5]
V  [jvm.dll+0x5f1036]
C  [ucrtbase.dll+0x26c0c]
C  [KERNEL32.DLL+0x154e0]
C  [ntdll.dll+0x485b]


---------------  P R O C E S S  ---------------

Threads class SMR info:
_java_thread_list=0x0000016007183760, length=168, elements={
0x00000160686df800, 0x000001607efa9000, 0x000001607efb8000, 0x000001607f972800,
0x000001607efc7000, 0x000001607efc7800, 0x000001607efc8800, 0x000001607efc9800,
0x000001607efd6800, 0x000001607fac7800, 0x0000016005517000, 0x0000016004038800,
0x00000160060d7000, 0x000001600575c800, 0x00000160059f3000, 0x00000160061a3000,
0x00000160055da000, 0x00000160057dc800, 0x0000016005aa0800, 0x0000016005e9c000,
0x0000016005e9d000, 0x0000016005e9f800, 0x0000016005e99800, 0x0000016005e9b000,
0x0000016005e9a800, 0x0000016005ea0000, 0x0000016005e9d800, 0x0000016005e9e800,
0x000001600948d800, 0x000001600948c000, 0x000001600948c800, 0x000001600948b000,
0x0000016009489800, 0x0000016009490000, 0x000001600948a000, 0x0000016009495800,
0x0000016009495000, 0x0000016009491800, 0x0000016009492800, 0x0000016009496800,
0x0000016009490800, 0x0000016009497800, 0x0000016009498000, 0x0000016009493000,
0x0000016009494000, 0x00000160099ea000, 0x00000160099e5800, 0x00000160099ec000,
0x00000160099e6800, 0x00000160099e7800, 0x00000160099ea800, 0x00000160099eb800,
0x00000160099ed000, 0x00000160099e9000, 0x00000160099ee000, 0x00000160099e8000,
0x00000160099f2800, 0x00000160099f2000, 0x00000160099ef800, 0x00000160099ee800,
0x00000160099f0800, 0x00000160099f1000, 0x00000160099f3800, 0x00000160099f4800,
0x0000016007766000, 0x000001600776b000, 0x000001600776a000, 0x0000016007766800,
0x0000016007765000, 0x0000016007767800, 0x0000016007768800, 0x0000016007769000,
0x000001600776b800, 0x0000016008b75800, 0x0000016008b73000, 0x0000016008b76000,
0x0000016008b74800, 0x0000016008b78000, 0x0000016008b72000, 0x0000016008b74000,
0x0000016008b7c000, 0x0000016008b7a800, 0x0000016008b77000, 0x0000016008b7b000,
0x0000016008b7e800, 0x0000016008b79800, 0x0000016008b78800, 0x0000016008b7d000,
0x0000016008b81000, 0x0000016008b7d800, 0x0000016008b7f000, 0x0000016008b80000,
0x00000160078d1000, 0x00000160078cb800, 0x00000160078ce800, 0x00000160078cc800,
0x00000160078cd000, 0x00000160078ce000, 0x00000160078cf800, 0x00000160078d0800,
0x00000160078d2000, 0x0000016008e7f800, 0x0000016008e83000, 0x0000016008e7e000,
0x0000016008e7d000, 0x0000016008e7e800, 0x0000016008e80800, 0x0000016008e81000,
0x0000016008e82000, 0x0000016008e83800, 0x000001600711a800, 0x0000016007119800,
0x0000016007118800, 0x0000016007117000, 0x000001600711d000, 0x000001600711b000,
0x000001600711c000, 0x000001600711d800, 0x0000016007118000, 0x0000016007121800,
0x0000016007123800, 0x0000016007124000, 0x000001600711e800, 0x0000016007125000,
0x0000016007122800, 0x000001600711f000, 0x0000016007120000, 0x0000016007126000,
0x0000016007121000, 0x0000016009a14000, 0x0000016009a15800, 0x0000016009a14800,
0x0000016009a10000, 0x0000016009a16800, 0x0000016009a12800, 0x0000016009a10800,
0x0000016009a17000, 0x0000016009a13000, 0x0000016009a11800, 0x0000016009a19000,
0x0000016009a1d800, 0x0000016009a1d000, 0x0000016009a18000, 0x0000016009a1c000,
0x0000016009a1e800, 0x0000016009a1b000, 0x0000016009a19800, 0x0000016009a1a800,
0x000001600a414000, 0x000001600a41a000, 0x000001600a415800, 0x000001600a41a800,
0x000001600a417800, 0x000001600a416800, 0x000001600a418000, 0x000001600a415000,
0x000001600a419000, 0x000001600a41e800, 0x000001600a420800, 0x000001600a421000,
0x000001600a41f800, 0x000001600a41d000, 0x000001600a41b800, 0x000001600a41e000,
0x000001600a41c000, 0x0000016006652000, 0x000001600a422000, 0x000001600ac78000
}

Java Threads: ( => current thread )
  0x00000160686df800 JavaThread "main" [_thread_blocked, id=18092, stack(0x00000012d5b00000,0x00000012d5c00000)]
  0x000001607efa9000 JavaThread "Reference Handler" daemon [_thread_blocked, id=11924, stack(0x00000012d6200000,0x00000012d6300000)]
  0x000001607efb8000 JavaThread "Finalizer" daemon [_thread_blocked, id=17008, stack(0x00000012d6300000,0x00000012d6400000)]
  0x000001607f972800 JavaThread "Signal Dispatcher" daemon [_thread_blocked, id=16884, stack(0x00000012d6400000,0x00000012d6500000)]
  0x000001607efc7000 JavaThread "Attach Listener" daemon [_thread_blocked, id=7540, stack(0x00000012d6500000,0x00000012d6600000)]
  0x000001607efc7800 JavaThread "Service Thread" daemon [_thread_blocked, id=12864, stack(0x00000012d6600000,0x00000012d6700000)]
  0x000001607efc8800 JavaThread "C2 CompilerThread0" daemon [_thread_in_native, id=6412, stack(0x00000012d6700000,0x00000012d6800000)]
  0x000001607efc9800 JavaThread "C1 CompilerThread0" daemon [_thread_blocked, id=3880, stack(0x00000012d6800000,0x00000012d6900000)]
  0x000001607efd6800 JavaThread "Sweeper thread" daemon [_thread_blocked, id=18192, stack(0x00000012d6900000,0x00000012d6a00000)]
  0x000001607fac7800 JavaThread "Common-Cleaner" daemon [_thread_blocked, id=17320, stack(0x00000012d6a00000,0x00000012d6b00000)]
  0x0000016005517000 JavaThread "Daemon health stats" [_thread_blocked, id=5736, stack(0x00000012d6f00000,0x00000012d7000000)]
  0x0000016004038800 JavaThread "Incoming local TCP Connector on port 53331" [_thread_in_native, id=6980, stack(0x00000012d6c00000,0x00000012d6d00000)]
  0x00000160060d7000 JavaThread "Daemon periodic checks" [_thread_blocked, id=5848, stack(0x00000012d6e00000,0x00000012d6f00000)]
  0x000001600575c800 JavaThread "Daemon" [_thread_blocked, id=6656, stack(0x00000012d7000000,0x00000012d7100000)]
  0x00000160059f3000 JavaThread "Handler for socket connection from /127.0.0.1:53331 to /127.0.0.1:53332" [_thread_in_native, id=5972, stack(0x00000012d7100000,0x00000012d7200000)]
  0x00000160061a3000 JavaThread "Cancel handler" [_thread_blocked, id=14748, stack(0x00000012d7200000,0x00000012d7300000)]
  0x00000160055da000 JavaThread "Daemon worker" [_thread_in_Java, id=5528, stack(0x00000012d7300000,0x00000012d7400000)]
  0x00000160057dc800 JavaThread "Asynchronous log dispatcher for DefaultDaemonConnection: socket connection from /127.0.0.1:53331 to /127.0.0.1:53332" [_thread_blocked, id=6392, stack(0x00000012d7400000,0x00000012d7500000)]
  0x0000016005aa0800 JavaThread "Stdin handler" [_thread_blocked, id=16056, stack(0x00000012d7500000,0x00000012d7600000)]
  0x0000016005e9c000 JavaThread "Daemon client event forwarder" [_thread_blocked, id=10832, stack(0x00000012d7600000,0x00000012d7700000)]
  0x0000016005e9d000 JavaThread "Cache worker for journal cache (C:\Users\rsris\.gradle\caches\journal-1)" [_thread_blocked, id=15156, stack(0x00000012d8100000,0x00000012d8200000)]
  0x0000016005e9f800 JavaThread "File lock request listener" [_thread_in_native, id=15240, stack(0x00000012d8200000,0x00000012d8300000)]
  0x0000016005e99800 JavaThread "Cache worker for file hash cache (C:\Users\rsris\.gradle\caches\7.2\fileHashes)" [_thread_blocked, id=4776, stack(0x00000012d8300000,0x00000012d8400000)]
  0x0000016005e9b000 JavaThread "Cache worker for file hash cache (C:\Users\rsris\AndroidStudioProjects\ex_5_graphical_primitives\.gradle\7.2\fileHashes)" [_thread_blocked, id=18400, stack(0x00000012d8700000,0x00000012d8800000)]
  0x0000016005e9a800 JavaThread "File watcher server" daemon [_thread_in_native, id=12856, stack(0x00000012d8800000,0x00000012d8900000)]
  0x0000016005ea0000 JavaThread "File watcher consumer" daemon [_thread_blocked, id=14304, stack(0x00000012d8900000,0x00000012d8a00000)]
  0x0000016005e9d800 JavaThread "Cache worker for checksums cache (C:\Users\rsris\AndroidStudioProjects\ex_5_graphical_primitives\.gradle\checksums)" [_thread_blocked, id=2140, stack(0x00000012d8a00000,0x00000012d8b00000)]
  0x0000016005e9e800 JavaThread "Cache worker for cache directory md-supplier (C:\Users\rsris\.gradle\caches\7.2\md-supplier)" [_thread_blocked, id=17172, stack(0x00000012d8b00000,0x00000012d8c00000)]
  0x000001600948d800 JavaThread "Cache worker for cache directory md-rule (C:\Users\rsris\.gradle\caches\7.2\md-rule)" [_thread_blocked, id=13268, stack(0x00000012d8d00000,0x00000012d8e00000)]
  0x000001600948c000 JavaThread "Cache worker for execution history cache (C:\Users\rsris\.gradle\caches\7.2\executionHistory)" [_thread_blocked, id=15168, stack(0x00000012d8e00000,0x00000012d8f00000)]
  0x000001600948c800 JavaThread "jar transforms" [_thread_blocked, id=14560, stack(0x00000012d8f00000,0x00000012d9000000)]
  0x000001600948b000 JavaThread "Cache worker for file content cache (C:\Users\rsris\.gradle\caches\7.2\fileContent)" [_thread_blocked, id=17152, stack(0x00000012d9000000,0x00000012d9100000)]
  0x0000016009489800 JavaThread "jar transforms Thread 2" [_thread_blocked, id=5460, stack(0x00000012d9100000,0x00000012d9200000)]
  0x0000016009490000 JavaThread "Cache worker for dependencies-accessors (C:\Users\rsris\AndroidStudioProjects\ex_5_graphical_primitives\.gradle\7.2\dependencies-accessors)" [_thread_blocked, id=14792, stack(0x00000012d9200000,0x00000012d9300000)]
  0x000001600948a000 JavaThread "jar transforms Thread 3" [_thread_blocked, id=6188, stack(0x00000012d9300000,0x00000012d9400000)]
  0x0000016009495800 JavaThread "Cache worker for Build Output Cleanup Cache (C:\Users\rsris\AndroidStudioProjects\ex_5_graphical_primitives\.gradle\buildOutputCleanup)" [_thread_blocked, id=13076, stack(0x00000012d9400000,0x00000012d9500000)]
  0x0000016009495000 JavaThread "Unconstrained build operations" [_thread_blocked, id=17504, stack(0x00000012d9500000,0x00000012d9600000)]
  0x0000016009491800 JavaThread "Unconstrained build operations Thread 2" [_thread_blocked, id=19308, stack(0x00000012d9600000,0x00000012d9700000)]
  0x0000016009492800 JavaThread "Unconstrained build operations Thread 3" [_thread_blocked, id=16684, stack(0x00000012d9700000,0x00000012d9800000)]
  0x0000016009496800 JavaThread "Unconstrained build operations Thread 4" [_thread_blocked, id=17968, stack(0x00000012d9800000,0x00000012d9900000)]
  0x0000016009490800 JavaThread "Unconstrained build operations Thread 5" [_thread_blocked, id=10872, stack(0x00000012d9900000,0x00000012d9a00000)]
  0x0000016009497800 JavaThread "Unconstrained build operations Thread 6" [_thread_blocked, id=5396, stack(0x00000012d9a00000,0x00000012d9b00000)]
  0x0000016009498000 JavaThread "Unconstrained build operations Thread 7" [_thread_blocked, id=8884, stack(0x00000012d9b00000,0x00000012d9c00000)]
  0x0000016009493000 JavaThread "Unconstrained build operations Thread 8" [_thread_blocked, id=16848, stack(0x00000012d9c00000,0x00000012d9d00000)]
  0x0000016009494000 JavaThread "Unconstrained build operations Thread 9" [_thread_blocked, id=19052, stack(0x00000012d9d00000,0x00000012d9e00000)]
  0x00000160099ea000 JavaThread "Unconstrained build operations Thread 10" [_thread_blocked, id=13692, stack(0x00000012d9e00000,0x00000012d9f00000)]
  0x00000160099e5800 JavaThread "Unconstrained build operations Thread 11" [_thread_blocked, id=11416, stack(0x00000012d9f00000,0x00000012da000000)]
  0x00000160099ec000 JavaThread "Unconstrained build operations Thread 12" [_thread_blocked, id=18704, stack(0x00000012da000000,0x00000012da100000)]
  0x00000160099e6800 JavaThread "Unconstrained build operations Thread 13" [_thread_blocked, id=9180, stack(0x00000012da100000,0x00000012da200000)]
  0x00000160099e7800 JavaThread "Unconstrained build operations Thread 14" [_thread_blocked, id=10276, stack(0x00000012da200000,0x00000012da300000)]
  0x00000160099ea800 JavaThread "Unconstrained build operations Thread 15" [_thread_blocked, id=16300, stack(0x00000012da300000,0x00000012da400000)]
  0x00000160099eb800 JavaThread "Unconstrained build operations Thread 16" [_thread_blocked, id=12872, stack(0x00000012da400000,0x00000012da500000)]
  0x00000160099ed000 JavaThread "Unconstrained build operations Thread 17" [_thread_blocked, id=8976, stack(0x00000012da500000,0x00000012da600000)]
  0x00000160099e9000 JavaThread "Unconstrained build operations Thread 18" [_thread_blocked, id=11096, stack(0x00000012da600000,0x00000012da700000)]
  0x00000160099ee000 JavaThread "Unconstrained build operations Thread 19" [_thread_blocked, id=18116, stack(0x00000012da700000,0x00000012da800000)]
  0x00000160099e8000 JavaThread "Unconstrained build operations Thread 20" [_thread_blocked, id=4516, stack(0x00000012da800000,0x00000012da900000)]
  0x00000160099f2800 JavaThread "Unconstrained build operations Thread 21" [_thread_blocked, id=13972, stack(0x00000012da900000,0x00000012daa00000)]
  0x00000160099f2000 JavaThread "Unconstrained build operations Thread 22" [_thread_blocked, id=4280, stack(0x00000012daa00000,0x00000012dab00000)]
  0x00000160099ef800 JavaThread "Unconstrained build operations Thread 23" [_thread_blocked, id=14496, stack(0x00000012dab00000,0x00000012dac00000)]
  0x00000160099ee800 JavaThread "Unconstrained build operations Thread 24" [_thread_blocked, id=11668, stack(0x00000012dac00000,0x00000012dad00000)]
  0x00000160099f0800 JavaThread "Unconstrained build operations Thread 25" [_thread_blocked, id=2120, stack(0x00000012dad00000,0x00000012dae00000)]
  0x00000160099f1000 JavaThread "Unconstrained build operations Thread 26" [_thread_blocked, id=11596, stack(0x00000012dae00000,0x00000012daf00000)]
  0x00000160099f3800 JavaThread "Unconstrained build operations Thread 27" [_thread_blocked, id=14764, stack(0x00000012daf00000,0x00000012db000000)]
  0x00000160099f4800 JavaThread "Unconstrained build operations Thread 28" [_thread_blocked, id=16172, stack(0x00000012db000000,0x00000012db100000)]
  0x0000016007766000 JavaThread "Unconstrained build operations Thread 29" [_thread_blocked, id=9660, stack(0x00000012db100000,0x00000012db200000)]
  0x000001600776b000 JavaThread "Unconstrained build operations Thread 30" [_thread_blocked, id=18504, stack(0x00000012db200000,0x00000012db300000)]
  0x000001600776a000 JavaThread "Unconstrained build operations Thread 31" [_thread_blocked, id=3452, stack(0x00000012db300000,0x00000012db400000)]
  0x0000016007766800 JavaThread "Unconstrained build operations Thread 32" [_thread_blocked, id=5240, stack(0x00000012db400000,0x00000012db500000)]
  0x0000016007765000 JavaThread "Unconstrained build operations Thread 33" [_thread_blocked, id=4444, stack(0x00000012db500000,0x00000012db600000)]
  0x0000016007767800 JavaThread "Unconstrained build operations Thread 34" [_thread_blocked, id=4648, stack(0x00000012db600000,0x00000012db700000)]
  0x0000016007768800 JavaThread "Unconstrained build operations Thread 35" [_thread_blocked, id=12736, stack(0x00000012db700000,0x00000012db800000)]
  0x0000016007769000 JavaThread "Unconstrained build operations Thread 36" [_thread_blocked, id=10576, stack(0x00000012db800000,0x00000012db900000)]
  0x000001600776b800 JavaThread "Unconstrained build operations Thread 37" [_thread_blocked, id=16444, stack(0x00000012db900000,0x00000012dba00000)]
  0x0000016008b75800 JavaThread "Unconstrained build operations Thread 38" [_thread_blocked, id=13520, stack(0x00000012dba00000,0x00000012dbb00000)]
  0x0000016008b73000 JavaThread "Unconstrained build operations Thread 39" [_thread_blocked, id=7148, stack(0x00000012dbb00000,0x00000012dbc00000)]
  0x0000016008b76000 JavaThread "Unconstrained build operations Thread 40" [_thread_blocked, id=11880, stack(0x00000012dbc00000,0x00000012dbd00000)]
  0x0000016008b74800 JavaThread "Unconstrained build operations Thread 41" [_thread_blocked, id=12980, stack(0x00000012dbd00000,0x00000012dbe00000)]
  0x0000016008b78000 JavaThread "Unconstrained build operations Thread 42" [_thread_blocked, id=16516, stack(0x00000012dbe00000,0x00000012dbf00000)]
  0x0000016008b72000 JavaThread "Unconstrained build operations Thread 43" [_thread_blocked, id=12952, stack(0x00000012dbf00000,0x00000012dc000000)]
  0x0000016008b74000 JavaThread "Unconstrained build operations Thread 44" [_thread_blocked, id=3724, stack(0x00000012dc000000,0x00000012dc100000)]
  0x0000016008b7c000 JavaThread "Unconstrained build operations Thread 45" [_thread_blocked, id=8736, stack(0x00000012dc100000,0x00000012dc200000)]
  0x0000016008b7a800 JavaThread "Unconstrained build operations Thread 46" [_thread_blocked, id=2504, stack(0x00000012dc200000,0x00000012dc300000)]
  0x0000016008b77000 JavaThread "Unconstrained build operations Thread 47" [_thread_blocked, id=13772, stack(0x00000012dc300000,0x00000012dc400000)]
  0x0000016008b7b000 JavaThread "Unconstrained build operations Thread 48" [_thread_blocked, id=17776, stack(0x00000012dc400000,0x00000012dc500000)]
  0x0000016008b7e800 JavaThread "Unconstrained build operations Thread 49" [_thread_blocked, id=5892, stack(0x00000012dc500000,0x00000012dc600000)]
  0x0000016008b79800 JavaThread "Unconstrained build operations Thread 50" [_thread_blocked, id=5064, stack(0x00000012dc600000,0x00000012dc700000)]
  0x0000016008b78800 JavaThread "Unconstrained build operations Thread 51" [_thread_blocked, id=11648, stack(0x00000012dc700000,0x00000012dc800000)]
  0x0000016008b7d000 JavaThread "Unconstrained build operations Thread 52" [_thread_blocked, id=7116, stack(0x00000012dc800000,0x00000012dc900000)]
  0x0000016008b81000 JavaThread "Unconstrained build operations Thread 53" [_thread_blocked, id=4984, stack(0x00000012dc900000,0x00000012dca00000)]
  0x0000016008b7d800 JavaThread "Unconstrained build operations Thread 54" [_thread_blocked, id=5504, stack(0x00000012dca00000,0x00000012dcb00000)]
  0x0000016008b7f000 JavaThread "Unconstrained build operations Thread 55" [_thread_blocked, id=16736, stack(0x00000012dcb00000,0x00000012dcc00000)]
  0x0000016008b80000 JavaThread "Unconstrained build operations Thread 56" [_thread_blocked, id=14724, stack(0x00000012dcc00000,0x00000012dcd00000)]
  0x00000160078d1000 JavaThread "Unconstrained build operations Thread 57" [_thread_blocked, id=18760, stack(0x00000012dcd00000,0x00000012dce00000)]
  0x00000160078cb800 JavaThread "Unconstrained build operations Thread 58" [_thread_blocked, id=7960, stack(0x00000012dce00000,0x00000012dcf00000)]
  0x00000160078ce800 JavaThread "Unconstrained build operations Thread 59" [_thread_blocked, id=7300, stack(0x00000012dcf00000,0x00000012dd000000)]
  0x00000160078cc800 JavaThread "Unconstrained build operations Thread 60" [_thread_blocked, id=376, stack(0x00000012dd000000,0x00000012dd100000)]
  0x00000160078cd000 JavaThread "Unconstrained build operations Thread 61" [_thread_blocked, id=13012, stack(0x00000012dd100000,0x00000012dd200000)]
  0x00000160078ce000 JavaThread "Unconstrained build operations Thread 62" [_thread_blocked, id=2960, stack(0x00000012dd200000,0x00000012dd300000)]
  0x00000160078cf800 JavaThread "Unconstrained build operations Thread 63" [_thread_blocked, id=9560, stack(0x00000012dd300000,0x00000012dd400000)]
  0x00000160078d0800 JavaThread "Unconstrained build operations Thread 64" [_thread_blocked, id=9324, stack(0x00000012dd400000,0x00000012dd500000)]
  0x00000160078d2000 JavaThread "Unconstrained build operations Thread 65" [_thread_blocked, id=3864, stack(0x00000012dd500000,0x00000012dd600000)]
  0x0000016008e7f800 JavaThread "Unconstrained build operations Thread 66" [_thread_blocked, id=17276, stack(0x00000012dd600000,0x00000012dd700000)]
  0x0000016008e83000 JavaThread "Unconstrained build operations Thread 67" [_thread_blocked, id=1896, stack(0x00000012dd700000,0x00000012dd800000)]
  0x0000016008e7e000 JavaThread "Unconstrained build operations Thread 68" [_thread_blocked, id=12436, stack(0x00000012dd800000,0x00000012dd900000)]
  0x0000016008e7d000 JavaThread "Unconstrained build operations Thread 69" [_thread_blocked, id=17952, stack(0x00000012dd900000,0x00000012dda00000)]
  0x0000016008e7e800 JavaThread "Unconstrained build operations Thread 70" [_thread_blocked, id=19200, stack(0x00000012dda00000,0x00000012ddb00000)]
  0x0000016008e80800 JavaThread "Unconstrained build operations Thread 71" [_thread_blocked, id=14472, stack(0x00000012ddb00000,0x00000012ddc00000)]
  0x0000016008e81000 JavaThread "Unconstrained build operations Thread 72" [_thread_blocked, id=11184, stack(0x00000012ddc00000,0x00000012ddd00000)]
  0x0000016008e82000 JavaThread "Unconstrained build operations Thread 73" [_thread_blocked, id=9260, stack(0x00000012ddd00000,0x00000012dde00000)]
  0x0000016008e83800 JavaThread "Unconstrained build operations Thread 74" [_thread_blocked, id=8308, stack(0x00000012dde00000,0x00000012ddf00000)]
  0x000001600711a800 JavaThread "Unconstrained build operations Thread 75" [_thread_blocked, id=10316, stack(0x00000012ddf00000,0x00000012de000000)]
  0x0000016007119800 JavaThread "Unconstrained build operations Thread 76" [_thread_blocked, id=11612, stack(0x00000012de000000,0x00000012de100000)]
  0x0000016007118800 JavaThread "Unconstrained build operations Thread 77" [_thread_blocked, id=16896, stack(0x00000012de100000,0x00000012de200000)]
  0x0000016007117000 JavaThread "Unconstrained build operations Thread 78" [_thread_blocked, id=14460, stack(0x00000012de200000,0x00000012de300000)]
  0x000001600711d000 JavaThread "Unconstrained build operations Thread 79" [_thread_blocked, id=1972, stack(0x00000012de300000,0x00000012de400000)]
  0x000001600711b000 JavaThread "Unconstrained build operations Thread 80" [_thread_blocked, id=1876, stack(0x00000012de400000,0x00000012de500000)]
  0x000001600711c000 JavaThread "Unconstrained build operations Thread 81" [_thread_blocked, id=5224, stack(0x00000012de500000,0x00000012de600000)]
  0x000001600711d800 JavaThread "Unconstrained build operations Thread 82" [_thread_blocked, id=17876, stack(0x00000012de600000,0x00000012de700000)]
  0x0000016007118000 JavaThread "Unconstrained build operations Thread 83" [_thread_blocked, id=3972, stack(0x00000012de700000,0x00000012de800000)]
  0x0000016007121800 JavaThread "Unconstrained build operations Thread 84" [_thread_blocked, id=15472, stack(0x00000012de800000,0x00000012de900000)]
  0x0000016007123800 JavaThread "Unconstrained build operations Thread 85" [_thread_blocked, id=14700, stack(0x00000012de900000,0x00000012dea00000)]
  0x0000016007124000 JavaThread "Unconstrained build operations Thread 86" [_thread_blocked, id=6936, stack(0x00000012dea00000,0x00000012deb00000)]
  0x000001600711e800 JavaThread "Unconstrained build operations Thread 87" [_thread_blocked, id=10116, stack(0x00000012deb00000,0x00000012dec00000)]
  0x0000016007125000 JavaThread "Unconstrained build operations Thread 88" [_thread_blocked, id=2096, stack(0x00000012dec00000,0x00000012ded00000)]
  0x0000016007122800 JavaThread "Unconstrained build operations Thread 89" [_thread_blocked, id=2976, stack(0x00000012ded00000,0x00000012dee00000)]
  0x000001600711f000 JavaThread "Unconstrained build operations Thread 90" [_thread_blocked, id=10112, stack(0x00000012dee00000,0x00000012def00000)]
  0x0000016007120000 JavaThread "Unconstrained build operations Thread 91" [_thread_blocked, id=10412, stack(0x00000012def00000,0x00000012df000000)]
  0x0000016007126000 JavaThread "Unconstrained build operations Thread 92" [_thread_blocked, id=4732, stack(0x00000012df000000,0x00000012df100000)]
  0x0000016007121000 JavaThread "Unconstrained build operations Thread 93" [_thread_blocked, id=5960, stack(0x00000012df100000,0x00000012df200000)]
  0x0000016009a14000 JavaThread "Unconstrained build operations Thread 94" [_thread_blocked, id=17768, stack(0x00000012df200000,0x00000012df300000)]
  0x0000016009a15800 JavaThread "Unconstrained build operations Thread 95" [_thread_blocked, id=2532, stack(0x00000012df300000,0x00000012df400000)]
  0x0000016009a14800 JavaThread "Unconstrained build operations Thread 96" [_thread_blocked, id=892, stack(0x00000012df400000,0x00000012df500000)]
  0x0000016009a10000 JavaThread "Unconstrained build operations Thread 97" [_thread_blocked, id=6464, stack(0x00000012df500000,0x00000012df600000)]
  0x0000016009a16800 JavaThread "Unconstrained build operations Thread 98" [_thread_blocked, id=18196, stack(0x00000012df600000,0x00000012df700000)]
  0x0000016009a12800 JavaThread "Unconstrained build operations Thread 99" [_thread_blocked, id=6056, stack(0x00000012df700000,0x00000012df800000)]
  0x0000016009a10800 JavaThread "Unconstrained build operations Thread 100" [_thread_blocked, id=15420, stack(0x00000012df800000,0x00000012df900000)]
  0x0000016009a17000 JavaThread "Unconstrained build operations Thread 101" [_thread_blocked, id=8524, stack(0x00000012df900000,0x00000012dfa00000)]
  0x0000016009a13000 JavaThread "Unconstrained build operations Thread 102" [_thread_blocked, id=7896, stack(0x00000012dfa00000,0x00000012dfb00000)]
  0x0000016009a11800 JavaThread "Unconstrained build operations Thread 103" [_thread_blocked, id=4216, stack(0x00000012dfb00000,0x00000012dfc00000)]
  0x0000016009a19000 JavaThread "Unconstrained build operations Thread 104" [_thread_blocked, id=8428, stack(0x00000012dfc00000,0x00000012dfd00000)]
  0x0000016009a1d800 JavaThread "Unconstrained build operations Thread 105" [_thread_blocked, id=13420, stack(0x00000012dfd00000,0x00000012dfe00000)]
  0x0000016009a1d000 JavaThread "Unconstrained build operations Thread 106" [_thread_blocked, id=9024, stack(0x00000012dfe00000,0x00000012dff00000)]
  0x0000016009a18000 JavaThread "Unconstrained build operations Thread 107" [_thread_blocked, id=12296, stack(0x00000012dff00000,0x00000012e0000000)]
  0x0000016009a1c000 JavaThread "Unconstrained build operations Thread 108" [_thread_blocked, id=14864, stack(0x00000012e0000000,0x00000012e0100000)]
  0x0000016009a1e800 JavaThread "Unconstrained build operations Thread 109" [_thread_blocked, id=16228, stack(0x00000012e0100000,0x00000012e0200000)]
  0x0000016009a1b000 JavaThread "Unconstrained build operations Thread 110" [_thread_blocked, id=9768, stack(0x00000012e0200000,0x00000012e0300000)]
  0x0000016009a19800 JavaThread "Unconstrained build operations Thread 111" [_thread_blocked, id=13784, stack(0x00000012e0300000,0x00000012e0400000)]
  0x0000016009a1a800 JavaThread "Unconstrained build operations Thread 112" [_thread_blocked, id=16452, stack(0x00000012e0400000,0x00000012e0500000)]
  0x000001600a414000 JavaThread "Unconstrained build operations Thread 113" [_thread_blocked, id=2488, stack(0x00000012e0500000,0x00000012e0600000)]
  0x000001600a41a000 JavaThread "Unconstrained build operations Thread 114" [_thread_blocked, id=12668, stack(0x00000012e0600000,0x00000012e0700000)]
  0x000001600a415800 JavaThread "Unconstrained build operations Thread 115" [_thread_blocked, id=11724, stack(0x00000012e0700000,0x00000012e0800000)]
  0x000001600a41a800 JavaThread "Unconstrained build operations Thread 116" [_thread_blocked, id=6932, stack(0x00000012e0800000,0x00000012e0900000)]
  0x000001600a417800 JavaThread "Unconstrained build operations Thread 117" [_thread_blocked, id=2936, stack(0x00000012e0900000,0x00000012e0a00000)]
  0x000001600a416800 JavaThread "Unconstrained build operations Thread 118" [_thread_blocked, id=13180, stack(0x00000012e0a00000,0x00000012e0b00000)]
  0x000001600a418000 JavaThread "Unconstrained build operations Thread 119" [_thread_blocked, id=14904, stack(0x00000012e0b00000,0x00000012e0c00000)]
  0x000001600a415000 JavaThread "Unconstrained build operations Thread 120" [_thread_blocked, id=14196, stack(0x00000012e0c00000,0x00000012e0d00000)]
  0x000001600a419000 JavaThread "jar transforms Thread 4" [_thread_blocked, id=1772, stack(0x00000012e0d00000,0x00000012e0e00000)]
  0x000001600a41e800 JavaThread "jar transforms Thread 5" [_thread_blocked, id=12472, stack(0x00000012e0e00000,0x00000012e0f00000)]
  0x000001600a420800 JavaThread "jar transforms Thread 6" [_thread_blocked, id=18544, stack(0x00000012e0f00000,0x00000012e1000000)]
  0x000001600a421000 JavaThread "jar transforms Thread 7" [_thread_blocked, id=18660, stack(0x00000012e1000000,0x00000012e1100000)]
  0x000001600a41f800 JavaThread "jar transforms Thread 8" [_thread_blocked, id=13176, stack(0x00000012e1100000,0x00000012e1200000)]
  0x000001600a41d000 JavaThread "jar transforms Thread 9" [_thread_blocked, id=10936, stack(0x00000012e1200000,0x00000012e1300000)]
  0x000001600a41b800 JavaThread "jar transforms Thread 10" [_thread_blocked, id=13152, stack(0x00000012e1300000,0x00000012e1400000)]
  0x000001600a41e000 JavaThread "jar transforms Thread 11" [_thread_blocked, id=18468, stack(0x00000012e1400000,0x00000012e1500000)]
  0x000001600a41c000 JavaThread "jar transforms Thread 12" [_thread_blocked, id=16556, stack(0x00000012e1500000,0x00000012e1600000)]
=>0x0000016006652000 JavaThread "C2 CompilerThread1" daemon [_thread_in_native, id=16796, stack(0x00000012d8600000,0x00000012d8700000)]
  0x000001600a422000 JavaThread "Memory manager" [_thread_blocked, id=14500, stack(0x00000012d8c00000,0x00000012d8d00000)]
  0x000001600ac78000 JavaThread "C2 CompilerThread2" daemon [_thread_in_native, id=10344, stack(0x00000012e1600000,0x00000012e1700000)]

Other Threads:
  0x000001607efa7000 VMThread "VM Thread" [stack: 0x00000012d6100000,0x00000012d6200000] [id=8424]
  0x000001607fb19800 WatcherThread [stack: 0x00000012d6b00000,0x00000012d6c00000] [id=17104]
  0x00000160686f9000 GCTaskThread "GC Thread#0" [stack: 0x00000012d5c00000,0x00000012d5d00000] [id=18580]
  0x0000016004a04800 GCTaskThread "GC Thread#1" [stack: 0x00000012d6d00000,0x00000012d6e00000] [id=8300]
  0x00000160055e7000 GCTaskThread "GC Thread#2" [stack: 0x00000012d7700000,0x00000012d7800000] [id=18324]
  0x00000160055e8000 GCTaskThread "GC Thread#3" [stack: 0x00000012d7800000,0x00000012d7900000] [id=4424]
  0x00000160066b0800 GCTaskThread "GC Thread#4" [stack: 0x00000012d7900000,0x00000012d7a00000] [id=6648]
  0x00000160066b1800 GCTaskThread "GC Thread#5" [stack: 0x00000012d7a00000,0x00000012d7b00000] [id=16532]
  0x000001600534c000 GCTaskThread "GC Thread#6" [stack: 0x00000012d7b00000,0x00000012d7c00000] [id=9712]
  0x000001600534d000 GCTaskThread "GC Thread#7" [stack: 0x00000012d7c00000,0x00000012d7d00000] [id=6840]
  0x00000160069d5800 GCTaskThread "GC Thread#8" [stack: 0x00000012d7d00000,0x00000012d7e00000] [id=13168]
  0x00000160069d6000 GCTaskThread "GC Thread#9" [stack: 0x00000012d7e00000,0x00000012d7f00000] [id=18560]
  0x000001606872b800 ConcurrentGCThread "G1 Main Marker" [stack: 0x00000012d5d00000,0x00000012d5e00000] [id=10952]
  0x000001606872d000 ConcurrentGCThread "G1 Conc#0" [stack: 0x00000012d5e00000,0x00000012d5f00000] [id=1172]
  0x0000016005c02800 ConcurrentGCThread "G1 Conc#1" [stack: 0x00000012d8400000,0x00000012d8500000] [id=16724]
  0x0000016005cd9000 ConcurrentGCThread "G1 Conc#2" [stack: 0x00000012d8500000,0x00000012d8600000] [id=12004]
  0x000001607ee01800 ConcurrentGCThread "G1 Refine#0" [stack: 0x00000012d5f00000,0x00000012d6000000] [id=10432]
  0x0000016004794000 ConcurrentGCThread "G1 Refine#1" [stack: 0x00000012d7f00000,0x00000012d8000000] [id=12720]
  0x0000016004b98800 ConcurrentGCThread "G1 Refine#2" [stack: 0x00000012d8000000,0x00000012d8100000] [id=2852]
  0x00000160687b5000 ConcurrentGCThread "G1 Young RemSet Sampling" [stack: 0x00000012d6000000,0x00000012d6100000] [id=18516]

Threads with active compile tasks:
C2 CompilerThread0  11384 6346       4       java.lang.ThreadLocal$ThreadLocalMap::set (136 bytes)
C2 CompilerThread1  11384 6290       4       java.util.TreeMap::put (247 bytes)
C2 CompilerThread2  11384 6292 %     4       org.gradle.internal.instantiation.generator.AbstractClassGenerator::inspectType @ 107 (560 bytes)

VM state:not at safepoint (normal execution)

VM Mutex/Monitor currently owned by a thread: None

Heap address: 0x0000000080000000, size: 2048 MB, Compressed Oops mode: 32-bit
Narrow klass base: 0x0000000000000000, Narrow klass shift: 3
Compressed class space size: 1073741824 Address: 0x0000000100000000

Heap:
 garbage-first heap   total 145408K, used 100042K [0x0000000080000000, 0x0000000100000000)
  region size 1024K, 56 young (57344K), 3 survivors (3072K)
 Metaspace       used 63704K, capacity 65168K, committed 65356K, reserved 1105920K
  class space    used 8081K, capacity 8643K, committed 8780K, reserved 1048576K
Heap Regions: E=young(eden), S=young(survivor), O=old, HS=humongous(starts), HC=humongous(continues), CS=collection set, F=free, A=archive, TAMS=top-at-mark-start (previous, next)
|   0|0x0000000080000000, 0x0000000080100000, 0x0000000080100000|100%| O|  |TAMS 0x0000000080100000, 0x0000000080000000| Untracked 
|   1|0x0000000080100000, 0x0000000080200000, 0x0000000080200000|100%| O|  |TAMS 0x0000000080200000, 0x0000000080100000| Untracked 
|   2|0x0000000080200000, 0x0000000080300000, 0x0000000080300000|100%| O|  |TAMS 0x0000000080300000, 0x0000000080200000| Untracked 
|   3|0x0000000080300000, 0x0000000080400000, 0x0000000080400000|100%|HS|  |TAMS 0x0000000080400000, 0x0000000080300000| Complete 
|   4|0x0000000080400000, 0x0000000080500000, 0x0000000080500000|100%|HC|  |TAMS 0x0000000080500000, 0x0000000080400000| Complete 
|   5|0x0000000080500000, 0x0000000080600000, 0x0000000080600000|100%|HC|  |TAMS 0x0000000080600000, 0x0000000080500000| Complete 
|   6|0x0000000080600000, 0x0000000080700000, 0x0000000080700000|100%| O|  |TAMS 0x0000000080700000, 0x0000000080600000| Untracked 
|   7|0x0000000080700000, 0x0000000080800000, 0x0000000080800000|100%| O|  |TAMS 0x0000000080800000, 0x0000000080700000| Untracked 
|   8|0x0000000080800000, 0x0000000080900000, 0x0000000080900000|100%| O|  |TAMS 0x0000000080900000, 0x0000000080800000| Untracked 
|   9|0x0000000080900000, 0x0000000080a00000, 0x0000000080a00000|100%| O|  |TAMS 0x0000000080a00000, 0x0000000080900000| Untracked 
|  10|0x0000000080a00000, 0x0000000080b00000, 0x0000000080b00000|100%| O|  |TAMS 0x0000000080b00000, 0x0000000080a00000| Untracked 
|  11|0x0000000080b00000, 0x0000000080c00000, 0x0000000080c00000|100%| O|  |TAMS 0x0000000080c00000, 0x0000000080b00000| Untracked 
|  12|0x0000000080c00000, 0x0000000080d00000, 0x0000000080d00000|100%| O|  |TAMS 0x0000000080d00000, 0x0000000080c00000| Untracked 
|  13|0x0000000080d00000, 0x0000000080e00000, 0x0000000080e00000|100%| O|  |TAMS 0x0000000080e00000, 0x0000000080d00000| Untracked 
|  14|0x0000000080e00000, 0x0000000080f00000, 0x0000000080f00000|100%| O|  |TAMS 0x0000000080f00000, 0x0000000080e00000| Untracked 
|  15|0x0000000080f00000, 0x0000000081000000, 0x0000000081000000|100%| O|  |TAMS 0x0000000081000000, 0x0000000080f00000| Untracked 
|  16|0x0000000081000000, 0x0000000081100000, 0x0000000081100000|100%| O|  |TAMS 0x0000000081100000, 0x0000000081000000| Untracked 
|  17|0x0000000081100000, 0x0000000081200000, 0x0000000081200000|100%| O|  |TAMS 0x0000000081200000, 0x0000000081100000| Untracked 
|  18|0x0000000081200000, 0x0000000081300000, 0x0000000081300000|100%| O|  |TAMS 0x0000000081300000, 0x0000000081200000| Untracked 
|  19|0x0000000081300000, 0x0000000081400000, 0x0000000081400000|100%| O|  |TAMS 0x0000000081400000, 0x0000000081300000| Untracked 
|  20|0x0000000081400000, 0x0000000081500000, 0x0000000081500000|100%| O|  |TAMS 0x0000000081500000, 0x0000000081400000| Untracked 
|  21|0x0000000081500000, 0x0000000081600000, 0x0000000081600000|100%| O|  |TAMS 0x0000000081600000, 0x0000000081500000| Untracked 
|  22|0x0000000081600000, 0x0000000081700000, 0x0000000081700000|100%| O|  |TAMS 0x0000000081700000, 0x0000000081600000| Untracked 
|  23|0x0000000081700000, 0x0000000081800000, 0x0000000081800000|100%| O|  |TAMS 0x0000000081800000, 0x0000000081700000| Untracked 
|  24|0x0000000081800000, 0x0000000081900000, 0x0000000081900000|100%| O|  |TAMS 0x0000000081900000, 0x0000000081800000| Untracked 
|  25|0x0000000081900000, 0x0000000081a00000, 0x0000000081a00000|100%| O|  |TAMS 0x0000000081a00000, 0x0000000081900000| Untracked 
|  26|0x0000000081a00000, 0x0000000081b00000, 0x0000000081b00000|100%|HS|  |TAMS 0x0000000081b00000, 0x0000000081a00000| Complete 
|  27|0x0000000081b00000, 0x0000000081c00000, 0x0000000081c00000|100%|HS|  |TAMS 0x0000000081c00000, 0x0000000081b00000| Complete 
|  28|0x0000000081c00000, 0x0000000081d00000, 0x0000000081d00000|100%|HS|  |TAMS 0x0000000081d00000, 0x0000000081c00000| Complete 
|  29|0x0000000081d00000, 0x0000000081e00000, 0x0000000081e00000|100%|HS|  |TAMS 0x0000000081e00000, 0x0000000081d00000| Complete 
|  30|0x0000000081e00000, 0x0000000081f00000, 0x0000000081f00000|100%|HC|  |TAMS 0x0000000081f00000, 0x0000000081e00000| Complete 
|  31|0x0000000081f00000, 0x0000000082000000, 0x0000000082000000|100%| O|  |TAMS 0x0000000082000000, 0x0000000081f00000| Untracked 
|  32|0x0000000082000000, 0x0000000082100000, 0x0000000082100000|100%| O|  |TAMS 0x0000000082100000, 0x0000000082000000| Untracked 
|  33|0x0000000082100000, 0x0000000082200000, 0x0000000082200000|100%| O|  |TAMS 0x0000000082200000, 0x0000000082100000| Untracked 
|  34|0x0000000082200000, 0x0000000082300000, 0x0000000082300000|100%| O|  |TAMS 0x0000000082300000, 0x0000000082200000| Untracked 
|  35|0x0000000082300000, 0x0000000082400000, 0x0000000082400000|100%| O|  |TAMS 0x0000000082400000, 0x0000000082300000| Untracked 
|  36|0x0000000082400000, 0x0000000082500000, 0x0000000082500000|100%| O|  |TAMS 0x0000000082500000, 0x0000000082400000| Untracked 
|  37|0x0000000082500000, 0x0000000082600000, 0x0000000082600000|100%| O|  |TAMS 0x0000000082600000, 0x0000000082500000| Untracked 
|  38|0x0000000082600000, 0x0000000082700000, 0x0000000082700000|100%| O|  |TAMS 0x0000000082700000, 0x0000000082600000| Untracked 
|  39|0x0000000082700000, 0x0000000082800000, 0x0000000082800000|100%| O|  |TAMS 0x0000000082800000, 0x0000000082700000| Untracked 
|  40|0x0000000082800000, 0x0000000082900000, 0x0000000082900000|100%| O|  |TAMS 0x0000000082900000, 0x0000000082800000| Untracked 
|  41|0x0000000082900000, 0x0000000082a00000, 0x0000000082a00000|100%| O|  |TAMS 0x0000000082a00000, 0x0000000082900000| Untracked 
|  42|0x0000000082a00000, 0x0000000082b00000, 0x0000000082b00000|100%| O|  |TAMS 0x0000000082b00000, 0x0000000082a00000| Untracked 
|  43|0x0000000082b00000, 0x0000000082b2bc00, 0x0000000082c00000| 17%| O|  |TAMS 0x0000000082b2bc00, 0x0000000082b00000| Untracked 
|  44|0x0000000082c00000, 0x0000000082d00000, 0x0000000082d00000|100%|HS|  |TAMS 0x0000000082c00000, 0x0000000082c00000| Complete 
|  45|0x0000000082d00000, 0x0000000082d00000, 0x0000000082e00000|  0%| F|  |TAMS 0x0000000082d00000, 0x0000000082d00000| Untracked 
|  46|0x0000000082e00000, 0x0000000082e00000, 0x0000000082f00000|  0%| F|  |TAMS 0x0000000082e00000, 0x0000000082e00000| Untracked 
|  47|0x0000000082f00000, 0x0000000082f00000, 0x0000000083000000|  0%| F|  |TAMS 0x0000000082f00000, 0x0000000082f00000| Untracked 
|  48|0x0000000083000000, 0x0000000083000000, 0x0000000083100000|  0%| F|  |TAMS 0x0000000083000000, 0x0000000083000000| Untracked 
|  49|0x0000000083100000, 0x0000000083100000, 0x0000000083200000|  0%| F|  |TAMS 0x0000000083100000, 0x0000000083100000| Untracked 
|  50|0x0000000083200000, 0x0000000083200000, 0x0000000083300000|  0%| F|  |TAMS 0x0000000083200000, 0x0000000083200000| Untracked 
|  51|0x0000000083300000, 0x0000000083300000, 0x0000000083400000|  0%| F|  |TAMS 0x0000000083300000, 0x0000000083300000| Untracked 
|  52|0x0000000083400000, 0x0000000083400000, 0x0000000083500000|  0%| F|  |TAMS 0x0000000083400000, 0x0000000083400000| Untracked 
|  53|0x0000000083500000, 0x0000000083500000, 0x0000000083600000|  0%| F|  |TAMS 0x0000000083500000, 0x0000000083500000| Untracked 
|  54|0x0000000083600000, 0x0000000083600000, 0x0000000083700000|  0%| F|  |TAMS 0x0000000083600000, 0x0000000083600000| Untracked 
|  55|0x0000000083700000, 0x0000000083700000, 0x0000000083800000|  0%| F|  |TAMS 0x0000000083700000, 0x0000000083700000| Untracked 
|  56|0x0000000083800000, 0x0000000083800000, 0x0000000083900000|  0%| F|  |TAMS 0x0000000083800000, 0x0000000083800000| Untracked 
|  57|0x0000000083900000, 0x0000000083900000, 0x0000000083a00000|  0%| F|  |TAMS 0x0000000083900000, 0x0000000083900000| Untracked 
|  58|0x0000000083a00000, 0x0000000083a00000, 0x0000000083b00000|  0%| F|  |TAMS 0x0000000083a00000, 0x0000000083a00000| Untracked 
|  59|0x0000000083b00000, 0x0000000083b00000, 0x0000000083c00000|  0%| F|  |TAMS 0x0000000083b00000, 0x0000000083b00000| Untracked 
|  60|0x0000000083c00000, 0x0000000083c00000, 0x0000000083d00000|  0%| F|  |TAMS 0x0000000083c00000, 0x0000000083c00000| Untracked 
|  61|0x0000000083d00000, 0x0000000083d00000, 0x0000000083e00000|  0%| F|  |TAMS 0x0000000083d00000, 0x0000000083d00000| Untracked 
|  62|0x0000000083e00000, 0x0000000083e00000, 0x0000000083f00000|  0%| F|  |TAMS 0x0000000083e00000, 0x0000000083e00000| Untracked 
|  63|0x0000000083f00000, 0x0000000083f00000, 0x0000000084000000|  0%| F|  |TAMS 0x0000000083f00000, 0x0000000083f00000| Untracked 
|  64|0x0000000084000000, 0x0000000084000000, 0x0000000084100000|  0%| F|  |TAMS 0x0000000084000000, 0x0000000084000000| Untracked 
|  65|0x0000000084100000, 0x0000000084100000, 0x0000000084200000|  0%| F|  |TAMS 0x0000000084100000, 0x0000000084100000| Untracked 
|  66|0x0000000084200000, 0x0000000084200000, 0x0000000084300000|  0%| F|  |TAMS 0x0000000084200000, 0x0000000084200000| Untracked 
|  67|0x0000000084300000, 0x0000000084300000, 0x0000000084400000|  0%| F|  |TAMS 0x0000000084300000, 0x0000000084300000| Untracked 
|  68|0x0000000084400000, 0x0000000084400000, 0x0000000084500000|  0%| F|  |TAMS 0x0000000084400000, 0x0000000084400000| Untracked 
|  69|0x0000000084500000, 0x0000000084500000, 0x0000000084600000|  0%| F|  |TAMS 0x0000000084500000, 0x0000000084500000| Untracked 
|  70|0x0000000084600000, 0x0000000084600000, 0x0000000084700000|  0%| F|  |TAMS 0x0000000084600000, 0x0000000084600000| Untracked 
|  71|0x0000000084700000, 0x0000000084700000, 0x0000000084800000|  0%| F|  |TAMS 0x0000000084700000, 0x0000000084700000| Untracked 
|  72|0x0000000084800000, 0x0000000084800000, 0x0000000084900000|  0%| F|  |TAMS 0x0000000084800000, 0x0000000084800000| Untracked 
|  73|0x0000000084900000, 0x0000000084900000, 0x0000000084a00000|  0%| F|  |TAMS 0x0000000084900000, 0x0000000084900000| Untracked 
|  74|0x0000000084a00000, 0x0000000084a00000, 0x0000000084b00000|  0%| F|  |TAMS 0x0000000084a00000, 0x0000000084a00000| Untracked 
|  75|0x0000000084b00000, 0x0000000084b00000, 0x0000000084c00000|  0%| F|  |TAMS 0x0000000084b00000, 0x0000000084b00000| Untracked 
|  76|0x0000000084c00000, 0x0000000084c00000, 0x0000000084d00000|  0%| F|  |TAMS 0x0000000084c00000, 0x0000000084c00000| Untracked 
|  77|0x0000000084d00000, 0x0000000084d00000, 0x0000000084e00000|  0%| F|  |TAMS 0x0000000084d00000, 0x0000000084d00000| Untracked 
|  78|0x0000000084e00000, 0x0000000084e00000, 0x0000000084f00000|  0%| F|  |TAMS 0x0000000084e00000, 0x0000000084e00000| Untracked 
|  79|0x0000000084f00000, 0x0000000084f00000, 0x0000000085000000|  0%| F|  |TAMS 0x0000000084f00000, 0x0000000084f00000| Untracked 
|  80|0x0000000085000000, 0x0000000085000000, 0x0000000085100000|  0%| F|  |TAMS 0x0000000085000000, 0x0000000085000000| Untracked 
|  81|0x0000000085100000, 0x0000000085100000, 0x0000000085200000|  0%| F|  |TAMS 0x0000000085100000, 0x0000000085100000| Untracked 
|  82|0x0000000085200000, 0x0000000085200000, 0x0000000085300000|  0%| F|  |TAMS 0x0000000085200000, 0x0000000085200000| Untracked 
|  83|0x0000000085300000, 0x0000000085300000, 0x0000000085400000|  0%| F|  |TAMS 0x0000000085300000, 0x0000000085300000| Untracked 
|  84|0x0000000085400000, 0x0000000085400000, 0x0000000085500000|  0%| F|  |TAMS 0x0000000085400000, 0x0000000085400000| Untracked 
|  85|0x0000000085500000, 0x0000000085500000, 0x0000000085600000|  0%| F|  |TAMS 0x0000000085500000, 0x0000000085500000| Untracked 
|  86|0x0000000085600000, 0x00000000856c6210, 0x0000000085700000| 77%| E|  |TAMS 0x0000000085600000, 0x0000000085600000| Complete 
|  87|0x0000000085700000, 0x0000000085800000, 0x0000000085800000|100%| E|  |TAMS 0x0000000085700000, 0x0000000085700000| Complete 
|  88|0x0000000085800000, 0x0000000085900000, 0x0000000085900000|100%| E|CS|TAMS 0x0000000085800000, 0x0000000085800000| Complete 
|  89|0x0000000085900000, 0x0000000085a00000, 0x0000000085a00000|100%| E|CS|TAMS 0x0000000085900000, 0x0000000085900000| Complete 
|  90|0x0000000085a00000, 0x0000000085b00000, 0x0000000085b00000|100%| E|CS|TAMS 0x0000000085a00000, 0x0000000085a00000| Complete 
|  91|0x0000000085b00000, 0x0000000085c00000, 0x0000000085c00000|100%| E|CS|TAMS 0x0000000085b00000, 0x0000000085b00000| Complete 
|  92|0x0000000085c00000, 0x0000000085d00000, 0x0000000085d00000|100%| E|CS|TAMS 0x0000000085c00000, 0x0000000085c00000| Complete 
|  93|0x0000000085d00000, 0x0000000085e00000, 0x0000000085e00000|100%| E|CS|TAMS 0x0000000085d00000, 0x0000000085d00000| Complete 
|  94|0x0000000085e00000, 0x0000000085f00000, 0x0000000085f00000|100%| E|CS|TAMS 0x0000000085e00000, 0x0000000085e00000| Complete 
|  95|0x0000000085f00000, 0x0000000086000000, 0x0000000086000000|100%| E|CS|TAMS 0x0000000085f00000, 0x0000000085f00000| Complete 
|  96|0x0000000086000000, 0x0000000086100000, 0x0000000086100000|100%| E|CS|TAMS 0x0000000086000000, 0x0000000086000000| Complete 
|  97|0x0000000086100000, 0x0000000086200000, 0x0000000086200000|100%| E|CS|TAMS 0x0000000086100000, 0x0000000086100000| Complete 
|  98|0x0000000086200000, 0x0000000086300000, 0x0000000086300000|100%| E|CS|TAMS 0x0000000086200000, 0x0000000086200000| Complete 
|  99|0x0000000086300000, 0x0000000086400000, 0x0000000086400000|100%| E|CS|TAMS 0x0000000086300000, 0x0000000086300000| Complete 
| 100|0x0000000086400000, 0x0000000086500000, 0x0000000086500000|100%| E|CS|TAMS 0x0000000086400000, 0x0000000086400000| Complete 
| 101|0x0000000086500000, 0x0000000086600000, 0x0000000086600000|100%| E|CS|TAMS 0x0000000086500000, 0x0000000086500000| Complete 
| 102|0x0000000086600000, 0x0000000086700000, 0x0000000086700000|100%| E|CS|TAMS 0x0000000086600000, 0x0000000086600000| Complete 
| 103|0x0000000086700000, 0x0000000086800000, 0x0000000086800000|100%| E|CS|TAMS 0x0000000086700000, 0x0000000086700000| Complete 
| 104|0x0000000086800000, 0x0000000086900000, 0x0000000086900000|100%| E|CS|TAMS 0x0000000086800000, 0x0000000086800000| Complete 
| 105|0x0000000086900000, 0x0000000086a00000, 0x0000000086a00000|100%| E|CS|TAMS 0x0000000086900000, 0x0000000086900000| Complete 
| 106|0x0000000086a00000, 0x0000000086b00000, 0x0000000086b00000|100%| E|CS|TAMS 0x0000000086a00000, 0x0000000086a00000| Complete 
| 107|0x0000000086b00000, 0x0000000086c00000, 0x0000000086c00000|100%| E|CS|TAMS 0x0000000086b00000, 0x0000000086b00000| Complete 
| 108|0x0000000086c00000, 0x0000000086d00000, 0x0000000086d00000|100%| E|CS|TAMS 0x0000000086c00000, 0x0000000086c00000| Complete 
| 109|0x0000000086d00000, 0x0000000086e00000, 0x0000000086e00000|100%| E|CS|TAMS 0x0000000086d00000, 0x0000000086d00000| Complete 
| 110|0x0000000086e00000, 0x0000000086f00000, 0x0000000086f00000|100%| E|CS|TAMS 0x0000000086e00000, 0x0000000086e00000| Complete 
| 111|0x0000000086f00000, 0x0000000087000000, 0x0000000087000000|100%| E|CS|TAMS 0x0000000086f00000, 0x0000000086f00000| Complete 
| 112|0x0000000087000000, 0x0000000087100000, 0x0000000087100000|100%| E|CS|TAMS 0x0000000087000000, 0x0000000087000000| Complete 
| 113|0x0000000087100000, 0x0000000087200000, 0x0000000087200000|100%| E|CS|TAMS 0x0000000087100000, 0x0000000087100000| Complete 
| 114|0x0000000087200000, 0x0000000087300000, 0x0000000087300000|100%| E|CS|TAMS 0x0000000087200000, 0x0000000087200000| Complete 
| 115|0x0000000087300000, 0x0000000087400000, 0x0000000087400000|100%| E|CS|TAMS 0x0000000087300000, 0x0000000087300000| Complete 
| 116|0x0000000087400000, 0x0000000087500000, 0x0000000087500000|100%| E|CS|TAMS 0x0000000087400000, 0x0000000087400000| Complete 
| 117|0x0000000087500000, 0x0000000087600000, 0x0000000087600000|100%| E|CS|TAMS 0x0000000087500000, 0x0000000087500000| Complete 
| 118|0x0000000087600000, 0x0000000087700000, 0x0000000087700000|100%| E|CS|TAMS 0x0000000087600000, 0x0000000087600000| Complete 
| 119|0x0000000087700000, 0x0000000087800000, 0x0000000087800000|100%| E|CS|TAMS 0x0000000087700000, 0x0000000087700000| Complete 
| 120|0x0000000087800000, 0x0000000087900000, 0x0000000087900000|100%| E|CS|TAMS 0x0000000087800000, 0x0000000087800000| Complete 
| 121|0x0000000087900000, 0x0000000087a00000, 0x0000000087a00000|100%| E|CS|TAMS 0x0000000087900000, 0x0000000087900000| Complete 
| 122|0x0000000087a00000, 0x0000000087b00000, 0x0000000087b00000|100%| E|CS|TAMS 0x0000000087a00000, 0x0000000087a00000| Complete 
| 123|0x0000000087b00000, 0x0000000087c00000, 0x0000000087c00000|100%| E|CS|TAMS 0x0000000087b00000, 0x0000000087b00000| Complete 
| 124|0x0000000087c00000, 0x0000000087d00000, 0x0000000087d00000|100%| E|CS|TAMS 0x0000000087c00000, 0x0000000087c00000| Complete 
| 125|0x0000000087d00000, 0x0000000087e00000, 0x0000000087e00000|100%| E|CS|TAMS 0x0000000087d00000, 0x0000000087d00000| Complete 
| 126|0x0000000087e00000, 0x0000000087f00000, 0x0000000087f00000|100%| E|CS|TAMS 0x0000000087e00000, 0x0000000087e00000| Complete 
| 127|0x0000000087f00000, 0x0000000088000000, 0x0000000088000000|100%| E|CS|TAMS 0x0000000087f00000, 0x0000000087f00000| Complete 
| 128|0x0000000088000000, 0x0000000088100000, 0x0000000088100000|100%| E|CS|TAMS 0x0000000088000000, 0x0000000088000000| Complete 
| 129|0x0000000088100000, 0x0000000088200000, 0x0000000088200000|100%| E|CS|TAMS 0x0000000088100000, 0x0000000088100000| Complete 
| 130|0x0000000088200000, 0x0000000088300000, 0x0000000088300000|100%| E|CS|TAMS 0x0000000088200000, 0x0000000088200000| Complete 
| 131|0x0000000088300000, 0x0000000088400000, 0x0000000088400000|100%| E|CS|TAMS 0x0000000088300000, 0x0000000088300000| Complete 
| 132|0x0000000088400000, 0x0000000088486e20, 0x0000000088500000| 52%| S|CS|TAMS 0x0000000088400000, 0x0000000088400000| Complete 
| 133|0x0000000088500000, 0x0000000088600000, 0x0000000088600000|100%| S|CS|TAMS 0x0000000088500000, 0x0000000088500000| Complete 
| 134|0x0000000088600000, 0x0000000088700000, 0x0000000088700000|100%| S|CS|TAMS 0x0000000088600000, 0x0000000088600000| Complete 
| 135|0x0000000088700000, 0x0000000088800000, 0x0000000088800000|100%| E|CS|TAMS 0x0000000088700000, 0x0000000088700000| Complete 
| 136|0x0000000088800000, 0x0000000088900000, 0x0000000088900000|100%| E|CS|TAMS 0x0000000088800000, 0x0000000088800000| Complete 
| 137|0x0000000088900000, 0x0000000088a00000, 0x0000000088a00000|100%| E|CS|TAMS 0x0000000088900000, 0x0000000088900000| Complete 
| 138|0x0000000088a00000, 0x0000000088b00000, 0x0000000088b00000|100%| E|CS|TAMS 0x0000000088a00000, 0x0000000088a00000| Complete 
| 139|0x0000000088b00000, 0x0000000088c00000, 0x0000000088c00000|100%| E|CS|TAMS 0x0000000088b00000, 0x0000000088b00000| Complete 
| 140|0x0000000088c00000, 0x0000000088d00000, 0x0000000088d00000|100%| E|CS|TAMS 0x0000000088c00000, 0x0000000088c00000| Complete 
| 141|0x0000000088d00000, 0x0000000088e00000, 0x0000000088e00000|100%| E|CS|TAMS 0x0000000088d00000, 0x0000000088d00000| Complete 

Card table byte_map: [0x000001607bb40000,0x000001607bf40000] _byte_map_base: 0x000001607b740000

Marking Bits (Prev, Next): (CMBitMap*) 0x0000016068722bb0, (CMBitMap*) 0x0000016068722b78
 Prev Bits: [0x0000016000000000, 0x0000016002000000)
 Next Bits: [0x000001607c340000, 0x000001607e340000)

Polling page: 0x0000016067ec0000

Metaspace:

Usage:
  Non-class:     55.26 MB capacity,    54.34 MB ( 98%) used,   782.95 KB (  1%) free+waste,   161.00 KB ( <1%) overhead. 
      Class:      8.44 MB capacity,     7.89 MB ( 93%) used,   486.32 KB (  6%) free+waste,    75.63 KB ( <1%) overhead. 
       Both:     63.71 MB capacity,    62.24 MB ( 98%) used,     1.24 MB (  2%) free+waste,   236.63 KB ( <1%) overhead. 

Virtual space:
  Non-class space:       56.00 MB reserved,      55.50 MB (>99%) committed 
      Class space:        1.00 GB reserved,       8.57 MB ( <1%) committed 
             Both:        1.05 GB reserved,      64.07 MB (  6%) committed 

Chunk freelists:
   Non-Class:  49.00 KB
       Class:  28.00 KB
        Both:  77.00 KB

MaxMetaspaceSize: 17179869184.00 GB
CompressedClassSpaceSize: 1.00 GB

CodeHeap 'non-profiled nmethods': size=120000Kb used=3741Kb max_used=3741Kb free=116258Kb
 bounds [0x0000016073cb0000, 0x0000016074060000, 0x000001607b1e0000]
CodeHeap 'profiled nmethods': size=120000Kb used=13355Kb max_used=13355Kb free=106644Kb
 bounds [0x000001606c780000, 0x000001606d490000, 0x0000016073cb0000]
CodeHeap 'non-nmethods': size=5760Kb used=2261Kb max_used=2294Kb free=3498Kb
 bounds [0x000001606c1e0000, 0x000001606c450000, 0x000001606c780000]
 total_blobs=7182 nmethods=6332 adapters=761
 compilation: enabled
              stopped_count=0, restarted_count=0
 full_count=0

Compilation events (20 events):
Event: 11.271 Thread 0x000001607efc9800 nmethod 6308 0x0000016074050610 code [0x00000160740507c0, 0x0000016074050878]
Event: 11.273 Thread 0x000001607efc9800 6310       3       org.gradle.internal.reflect.PropertyAccessorType::of (95 bytes)
Event: 11.275 Thread 0x000001607efc9800 nmethod 6310 0x000001606d46eb90 code [0x000001606d46eec0, 0x000001606d4703d8]
Event: 11.275 Thread 0x000001607efc9800 6311       2       org.gradle.internal.reflect.PropertyAccessorType::isSetterName (23 bytes)
Event: 11.275 Thread 0x000001607efc9800 nmethod 6311 0x000001606d470a10 code [0x000001606d470bc0, 0x000001606d470d28]
Event: 11.275 Thread 0x000001607efc9800 6314       3       org.gradle.internal.reflect.PropertyAccessorType::isGetGetterName (23 bytes)
Event: 11.276 Thread 0x000001607efc9800 nmethod 6314 0x000001606d470e10 code [0x000001606d470fe0, 0x000001606d471308]
Event: 11.277 Thread 0x000001607efc9800 6315       3       org.objectweb.asm.SymbolTable::addUninitializedType (103 bytes)
Event: 11.278 Thread 0x000001607efc9800 nmethod 6315 0x000001606d471490 code [0x000001606d4716c0, 0x000001606d471cf8]
Event: 11.278 Thread 0x000001607efc9800 6316       3       org.gradle.internal.instantiation.generator.AsmBackedClassGenerator$ClassBuilderImpl::addSetMethod (146 bytes)
Event: 11.280 Thread 0x000001607efc9800 nmethod 6316 0x000001606d472010 code [0x000001606d472300, 0x000001606d4732c8]
Event: 11.303 Thread 0x000001607efc8800 nmethod 6297 0x0000016074050910 code [0x0000016074050b20, 0x0000016074051a10]
Event: 11.304 Thread 0x000001607efc8800 6309       4       org.gradle.internal.reflect.PropertyAccessorType::hasVoidReturnType (11 bytes)
Event: 11.304 Thread 0x000001607efc8800 nmethod 6309 0x0000016074052310 code [0x00000160740524a0, 0x00000160740524f8]
Event: 11.304 Thread 0x000001607efc8800 6312       4       org.gradle.internal.reflect.MethodSet$MethodKey::<init> (6 bytes)
Event: 11.309 Thread 0x000001607efc8800 nmethod 6312 0x0000016074052590 code [0x0000016074052720, 0x00000160740529f8]
Event: 11.309 Thread 0x000001607efc8800 6294       4       org.objectweb.asm.Frame::getConcreteOutputType (111 bytes)
Event: 11.310 Thread 0x000001607efc8800 nmethod 6294 0x0000016074052b90 code [0x0000016074052d20, 0x0000016074052e38]
Event: 11.310 Thread 0x000001607efc8800 6313       4       org.gradle.internal.reflect.PropertyAccessorType::takesSingleParameter (14 bytes)
Event: 11.311 Thread 0x000001607efc8800 nmethod 6313 0x0000016074052f90 code [0x0000016074053120, 0x0000016074053198]

GC Heap History (20 events):
Event: 3.372 GC heap before
{Heap before GC invocations=2 (full 0):
 garbage-first heap   total 120832K, used 44511K [0x0000000080000000, 0x0000000100000000)
  region size 1024K, 39 young (39936K), 9 survivors (9216K)
 Metaspace       used 20678K, capacity 21082K, committed 21248K, reserved 1067008K
  class space    used 2543K, capacity 2695K, committed 2816K, reserved 1048576K
}
Event: 3.380 GC heap after
{Heap after GC invocations=3 (full 0):
 garbage-first heap   total 120832K, used 17045K [0x0000000080000000, 0x0000000100000000)
  region size 1024K, 2 young (2048K), 2 survivors (2048K)
 Metaspace       used 20678K, capacity 21082K, committed 21248K, reserved 1067008K
  class space    used 2543K, capacity 2695K, committed 2816K, reserved 1048576K
}
Event: 4.057 GC heap before
{Heap before GC invocations=4 (full 0):
 garbage-first heap   total 120832K, used 65173K [0x0000000080000000, 0x0000000100000000)
  region size 1024K, 49 young (50176K), 2 survivors (2048K)
 Metaspace       used 25738K, capacity 26302K, committed 26368K, reserved 1073152K
  class space    used 3356K, capacity 3548K, committed 3584K, reserved 1048576K
}
Event: 4.061 GC heap after
{Heap after GC invocations=5 (full 0):
 garbage-first heap   total 120832K, used 18716K [0x0000000080000000, 0x0000000100000000)
  region size 1024K, 4 young (4096K), 4 survivors (4096K)
 Metaspace       used 25738K, capacity 26302K, committed 26368K, reserved 1073152K
  class space    used 3356K, capacity 3548K, committed 3584K, reserved 1048576K
}
Event: 4.793 GC heap before
{Heap before GC invocations=5 (full 0):
 garbage-first heap   total 120832K, used 70940K [0x0000000080000000, 0x0000000100000000)
  region size 1024K, 55 young (56320K), 4 survivors (4096K)
 Metaspace       used 31186K, capacity 31954K, committed 32128K, reserved 1077248K
  class space    used 4183K, capacity 4480K, committed 4480K, reserved 1048576K
}
Event: 4.798 GC heap after
{Heap after GC invocations=6 (full 0):
 garbage-first heap   total 120832K, used 20637K [0x0000000080000000, 0x0000000100000000)
  region size 1024K, 5 young (5120K), 5 survivors (5120K)
 Metaspace       used 31186K, capacity 31954K, committed 32128K, reserved 1077248K
  class space    used 4183K, capacity 4480K, committed 4480K, reserved 1048576K
}
Event: 5.138 GC heap before
{Heap before GC invocations=6 (full 0):
 garbage-first heap   total 120832K, used 30877K [0x0000000080000000, 0x0000000100000000)
  region size 1024K, 16 young (16384K), 5 survivors (5120K)
 Metaspace       used 35017K, capacity 35787K, committed 35840K, reserved 1081344K
  class space    used 4550K, capacity 4863K, committed 4864K, reserved 1048576K
}
Event: 5.146 GC heap after
{Heap after GC invocations=7 (full 0):
 garbage-first heap   total 120832K, used 22673K [0x0000000080000000, 0x0000000100000000)
  region size 1024K, 6 young (6144K), 6 survivors (6144K)
 Metaspace       used 35017K, capacity 35787K, committed 35840K, reserved 1081344K
  class space    used 4550K, capacity 4863K, committed 4864K, reserved 1048576K
}
Event: 5.834 GC heap before
{Heap before GC invocations=8 (full 0):
 garbage-first heap   total 120832K, used 72849K [0x0000000080000000, 0x0000000100000000)
  region size 1024K, 53 young (54272K), 6 survivors (6144K)
 Metaspace       used 38693K, capacity 39613K, committed 39884K, reserved 1083392K
  class space    used 4942K, capacity 5281K, committed 5324K, reserved 1048576K
}
Event: 5.842 GC heap after
{Heap after GC invocations=9 (full 0):
 garbage-first heap   total 120832K, used 26375K [0x0000000080000000, 0x0000000100000000)
  region size 1024K, 7 young (7168K), 7 survivors (7168K)
 Metaspace       used 38693K, capacity 39613K, committed 39884K, reserved 1083392K
  class space    used 4942K, capacity 5281K, committed 5324K, reserved 1048576K
}
Event: 6.723 GC heap before
{Heap before GC invocations=9 (full 0):
 garbage-first heap   total 120832K, used 75527K [0x0000000080000000, 0x0000000100000000)
  region size 1024K, 55 young (56320K), 7 survivors (7168K)
 Metaspace       used 43240K, capacity 44243K, committed 44364K, reserved 1087488K
  class space    used 5493K, capacity 5874K, committed 5964K, reserved 1048576K
}
Event: 6.731 GC heap after
{Heap after GC invocations=10 (full 0):
 garbage-first heap   total 120832K, used 29103K [0x0000000080000000, 0x0000000100000000)
  region size 1024K, 7 young (7168K), 7 survivors (7168K)
 Metaspace       used 43240K, capacity 44243K, committed 44364K, reserved 1087488K
  class space    used 5493K, capacity 5874K, committed 5964K, reserved 1048576K
}
Event: 7.672 GC heap before
{Heap before GC invocations=10 (full 0):
 garbage-first heap   total 120832K, used 79279K [0x0000000080000000, 0x0000000100000000)
  region size 1024K, 56 young (57344K), 7 survivors (7168K)
 Metaspace       used 46903K, capacity 48060K, committed 48332K, reserved 1091584K
  class space    used 6015K, capacity 6467K, committed 6604K, reserved 1048576K
}
Event: 7.682 GC heap after
{Heap after GC invocations=11 (full 0):
 garbage-first heap   total 145408K, used 31668K [0x0000000080000000, 0x0000000100000000)
  region size 1024K, 6 young (6144K), 6 survivors (6144K)
 Metaspace       used 46903K, capacity 48060K, committed 48332K, reserved 1091584K
  class space    used 6015K, capacity 6467K, committed 6604K, reserved 1048576K
}
Event: 8.746 GC heap before
{Heap before GC invocations=11 (full 0):
 garbage-first heap   total 145408K, used 97204K [0x0000000080000000, 0x0000000100000000)
  region size 1024K, 66 young (67584K), 6 survivors (6144K)
 Metaspace       used 49318K, capacity 50600K, committed 50892K, reserved 1093632K
  class space    used 6307K, capacity 6808K, committed 6860K, reserved 1048576K
}
Event: 8.754 GC heap after
{Heap after GC invocations=12 (full 0):
 garbage-first heap   total 145408K, used 43829K [0x0000000080000000, 0x0000000100000000)
  region size 1024K, 9 young (9216K), 9 survivors (9216K)
 Metaspace       used 49318K, capacity 50600K, committed 50892K, reserved 1093632K
  class space    used 6307K, capacity 6808K, committed 6860K, reserved 1048576K
}
Event: 10.026 GC heap before
{Heap before GC invocations=12 (full 0):
 garbage-first heap   total 145408K, used 101173K [0x0000000080000000, 0x0000000100000000)
  region size 1024K, 65 young (66560K), 9 survivors (9216K)
 Metaspace       used 57149K, capacity 58553K, committed 58828K, reserved 1099776K
  class space    used 7283K, capacity 7812K, committed 7884K, reserved 1048576K
}
Event: 10.033 GC heap after
{Heap after GC invocations=13 (full 0):
 garbage-first heap   total 145408K, used 46577K [0x0000000080000000, 0x0000000100000000)
  region size 1024K, 3 young (3072K), 3 survivors (3072K)
 Metaspace       used 57149K, capacity 58553K, committed 58828K, reserved 1099776K
  class space    used 7283K, capacity 7812K, committed 7884K, reserved 1048576K
}
Event: 10.222 GC heap before
{Heap before GC invocations=13 (full 0):
 garbage-first heap   total 145408K, used 52721K [0x0000000080000000, 0x0000000100000000)
  region size 1024K, 10 young (10240K), 3 survivors (3072K)
 Metaspace       used 58593K, capacity 60028K, committed 60236K, reserved 1101824K
  class space    used 7467K, capacity 7985K, committed 8012K, reserved 1048576K
}
Event: 10.228 GC heap after
{Heap after GC invocations=14 (full 0):
 garbage-first heap   total 145408K, used 46794K [0x0000000080000000, 0x0000000100000000)
  region size 1024K, 3 young (3072K), 3 survivors (3072K)
 Metaspace       used 58593K, capacity 60028K, committed 60236K, reserved 1101824K
  class space    used 7467K, capacity 7985K, committed 8012K, reserved 1048576K
}

Deoptimization events (20 events):
Event: 10.596 Thread 0x00000160055da000 DEOPT PACKING pc=0x000001606d3becdd sp=0x00000012d73f3ea0
Event: 10.596 Thread 0x00000160055da000 DEOPT UNPACKING pc=0x000001606c206dde sp=0x00000012d73f3358 mode 0
Event: 10.596 Thread 0x00000160055da000 DEOPT PACKING pc=0x000001606d3becdd sp=0x00000012d73f3ea0
Event: 10.596 Thread 0x00000160055da000 DEOPT UNPACKING pc=0x000001606c206dde sp=0x00000012d73f3358 mode 0
Event: 10.596 Thread 0x00000160055da000 DEOPT PACKING pc=0x000001606d3becdd sp=0x00000012d73f3ea0
Event: 10.596 Thread 0x00000160055da000 DEOPT UNPACKING pc=0x000001606c206dde sp=0x00000012d73f3358 mode 0
Event: 10.597 Thread 0x00000160055da000 DEOPT PACKING pc=0x000001606d3becdd sp=0x00000012d73f3ea0
Event: 10.597 Thread 0x00000160055da000 DEOPT UNPACKING pc=0x000001606c206dde sp=0x00000012d73f3358 mode 0
Event: 10.603 Thread 0x00000160055da000 Uncommon trap: trap_request=0xffffff4d fr.pc=0x0000016073faae3c relative=0x000000000000009c
Event: 10.603 Thread 0x00000160055da000 Uncommon trap: reason=unstable_if action=reinterpret pc=0x0000016073faae3c method=java.security.CodeSource.matchCerts(Ljava/security/CodeSource;Z)Z @ 11 c2
Event: 10.603 Thread 0x00000160055da000 DEOPT PACKING pc=0x0000016073faae3c sp=0x00000012d73f1140
Event: 10.603 Thread 0x00000160055da000 DEOPT UNPACKING pc=0x000001606c20662f sp=0x00000012d73f10d8 mode 2
Event: 10.763 Thread 0x00000160055da000 Uncommon trap: trap_request=0xffffff4d fr.pc=0x0000016073f9c328 relative=0x0000000000002fa8
Event: 10.763 Thread 0x00000160055da000 Uncommon trap: reason=unstable_if action=reinterpret pc=0x0000016073f9c328 method=java.util.regex.Pattern.has(I)Z @ 6 c2
Event: 10.763 Thread 0x00000160055da000 DEOPT PACKING pc=0x0000016073f9c328 sp=0x00000012d73f7250
Event: 10.763 Thread 0x00000160055da000 DEOPT UNPACKING pc=0x000001606c20662f sp=0x00000012d73f71e0 mode 2
Event: 11.272 Thread 0x00000160055da000 Uncommon trap: trap_request=0xffffff4d fr.pc=0x0000016073edd118 relative=0x0000000000000338
Event: 11.272 Thread 0x00000160055da000 Uncommon trap: reason=unstable_if action=reinterpret pc=0x0000016073edd118 method=org.gradle.internal.reflect.PropertyAccessorType.of(Ljava/lang/reflect/Method;)Lorg/gradle/internal/reflect/PropertyAccessorType; @ 56 c2
Event: 11.272 Thread 0x00000160055da000 DEOPT PACKING pc=0x0000016073edd118 sp=0x00000012d73f79b0
Event: 11.272 Thread 0x00000160055da000 DEOPT UNPACKING pc=0x000001606c20662f sp=0x00000012d73f7970 mode 2

Classes redefined (0 events):
No events

Internal exceptions (20 events):
Event: 8.562 Thread 0x0000016005e9c000 Exception <a 'java/lang/NoSuchMethodError'{0x00000000859b85e8}: <clinit>> (0x00000000859b85e8) thrown at [./src/hotspot/share/prims/jni.cpp, line 1362]
Event: 8.563 Thread 0x0000016005e9c000 Exception <a 'java/lang/NoSuchMethodError'{0x00000000859c3038}: <clinit>> (0x00000000859c3038) thrown at [./src/hotspot/share/prims/jni.cpp, line 1362]
Event: 8.566 Thread 0x0000016005e9c000 Exception <a 'java/lang/NoSuchMethodError'{0x00000000859d7178}: <clinit>> (0x00000000859d7178) thrown at [./src/hotspot/share/prims/jni.cpp, line 1362]
Event: 8.582 Thread 0x00000160055da000 Exception <a 'java/lang/ClassNotFoundException'{0x0000000085806db8}: build_97iv2exzusg4lm3sx8oqh18syBeanInfo> (0x0000000085806db8) thrown at [./src/hotspot/share/classfile/systemDictionary.cpp, line 231]
Event: 8.582 Thread 0x00000160055da000 Exception <a 'java/lang/ClassNotFoundException'{0x0000000085811d70}: build_97iv2exzusg4lm3sx8oqh18syCustomizer> (0x0000000085811d70) thrown at [./src/hotspot/share/classfile/systemDictionary.cpp, line 231]
Event: 8.626 Thread 0x00000160055da000 Exception <a 'java/lang/ClassNotFoundException'{0x0000000085796390}: org/gradle/api/internal/plugins/DefaultObjectConfigurationActionBeanInfo> (0x0000000085796390) thrown at [./src/hotspot/share/classfile/systemDictionary.cpp, line 231]
Event: 8.627 Thread 0x00000160055da000 Exception <a 'java/lang/ClassNotFoundException'{0x00000000857cb480}: org/gradle/api/internal/plugins/DefaultObjectConfigurationActionCustomizer> (0x00000000857cb480) thrown at [./src/hotspot/share/classfile/systemDictionary.cpp, line 231]
Event: 8.863 Thread 0x00000160055da000 Exception <a 'java/lang/NoSuchMethodError'{0x0000000088834508}: 'java.lang.Object java.lang.invoke.DirectMethodHandle$Holder.invokeStatic(java.lang.Object, java.lang.Object, java.lang.Object, java.lang.Object, int)'> (0x0000000088834508) thrown at [./src/hotspot/share/interpreter/linkResolver.cpp, line 773]
Event: 8.863 Thread 0x00000160055da000 Exception <a 'java/lang/NoSuchMethodError'{0x0000000088838f00}: 'java.lang.Object java.lang.invoke.DirectMethodHandle$Holder.invokeSpecial(java.lang.Object, java.lang.Object, java.lang.Object, java.lang.Object, java.lang.Object, int)'> (0x0000000088838f00) thrown at [./src/hotspot/share/interpreter/linkResolver.cpp, line 773]
Event: 8.864 Thread 0x00000160055da000 Exception <a 'java/lang/NoSuchMethodError'{0x000000008883d540}: 'java.lang.Object java.lang.invoke.Invokers$Holder.linkToTargetMethod(java.lang.Object, java.lang.Object, java.lang.Object, int, java.lang.Object)'> (0x000000008883d540) thrown at [./src/hotspot/share/interpreter/linkResolver.cpp, line 773]
Event: 9.212 Thread 0x00000160055da000 Exception <a 'java/lang/NoSuchMethodError'{0x0000000087962b50}: 'java.lang.Object java.lang.invoke.DirectMethodHandle$Holder.invokeSpecial(java.lang.Object, java.lang.Object, int, int, java.lang.Object, java.lang.Object, java.lang.Object)'> (0x0000000087962b50) thrown at [./src/hotspot/share/interpreter/linkResolver.cpp, line 773]
Event: 9.212 Thread 0x00000160055da000 Exception <a 'java/lang/NoSuchMethodError'{0x00000000879670d0}: 'java.lang.Object java.lang.invoke.DelegatingMethodHandle$Holder.reinvoke_L(java.lang.Object, int, int, java.lang.Object, java.lang.Object, java.lang.Object)'> (0x00000000879670d0) thrown at [./src/hotspot/share/interpreter/linkResolver.cpp, line 773]
Event: 9.528 Thread 0x00000160055da000 Exception <a 'java/lang/NoSuchMethodError'{0x0000000086dc84d0}: 'int java.lang.invoke.DirectMethodHandle$Holder.invokeInterface(java.lang.Object, java.lang.Object, java.lang.Object, java.lang.Object)'> (0x0000000086dc84d0) thrown at [./src/hotspot/share/interpreter/linkResolver.cpp, line 773]
Event: 9.885 Thread 0x00000160055da000 Exception <a 'java/lang/NoSuchMethodError'{0x0000000085da35a0}: 'void java.lang.invoke.DirectMethodHandle$Holder.invokeInterface(java.lang.Object, java.lang.Object, java.lang.Object, java.lang.Object)'> (0x0000000085da35a0) thrown at [./src/hotspot/share/interpreter/linkResolver.cpp, line 773]
Event: 10.089 Thread 0x00000160055da000 Exception <a 'java/lang/IncompatibleClassChangeError'{0x0000000088c3bcc8}: Found class java.lang.Object, but interface was expected> (0x0000000088c3bcc8) thrown at [./src/hotspot/share/interpreter/linkResolver.cpp, line 839]
Event: 10.161 Thread 0x00000160055da000 Implicit null exception at 0x0000016073fa0fd4 to 0x0000016073fa11b4
Event: 10.161 Thread 0x00000160055da000 Implicit null exception at 0x0000016073f9e212 to 0x0000016073f9e9f0
Event: 10.333 Thread 0x00000160055da000 Implicit null exception at 0x0000016073e9168b to 0x0000016073e91764
Event: 10.413 Thread 0x00000160055da000 Implicit null exception at 0x0000016073e104ac to 0x0000016073e10656
Event: 10.670 Thread 0x00000160055da000 Exception <a 'sun/nio/fs/WindowsException'{0x0000000087980f58}> (0x0000000087980f58) thrown at [./src/hotspot/share/prims/jni.cpp, line 615]

Events (20 events):
Event: 11.326 loading class com/android/build/gradle/internal/scope/InternalArtifactType$MANIFEST_MERGE_REPORT
Event: 11.326 loading class com/android/build/gradle/internal/scope/InternalArtifactType$MANIFEST_MERGE_REPORT done
Event: 11.326 loading class com/android/build/gradle/internal/scope/InternalArtifactType$MANIFEST_MERGE_BLAME_FILE
Event: 11.326 loading class com/android/build/gradle/internal/scope/InternalArtifactType$MANIFEST_MERGE_BLAME_FILE done
Event: 11.327 loading class com/android/build/gradle/internal/scope/InternalArtifactType$STATIC_LIBRARY_MANIFEST
Event: 11.327 loading class com/android/build/gradle/internal/scope/InternalArtifactType$STATIC_LIBRARY_MANIFEST done
Event: 11.327 loading class com/android/build/gradle/internal/scope/InternalArtifactType$ANNOTATION_PROCESSOR_LIST
Event: 11.327 loading class com/android/build/gradle/internal/scope/InternalArtifactType$ANNOTATION_PROCESSOR_LIST done
Event: 11.327 loading class com/android/build/gradle/internal/scope/InternalArtifactType$MERGED_CONSUMER_PROGUARD_FILE
Event: 11.327 loading class com/android/build/gradle/internal/scope/InternalArtifactType$MERGED_CONSUMER_PROGUARD_FILE done
Event: 11.328 loading class com/android/build/gradle/internal/scope/InternalArtifactType$CONSUMER_PROGUARD_DIR
Event: 11.328 loading class com/android/build/gradle/internal/scope/InternalArtifactType$CONSUMER_PROGUARD_DIR done
Event: 11.328 loading class com/android/build/gradle/internal/scope/InternalArtifactType$AAPT_PROGUARD_FILE
Event: 11.328 loading class com/android/build/gradle/internal/scope/InternalArtifactType$AAPT_PROGUARD_FILE done
Event: 11.328 loading class com/android/build/gradle/internal/scope/InternalArtifactType$MERGED_AAPT_PROGUARD_FILE
Event: 11.328 loading class com/android/build/gradle/internal/scope/InternalArtifactType$MERGED_AAPT_PROGUARD_FILE done
Event: 11.329 loading class com/android/build/gradle/internal/scope/InternalArtifactType$COMPILE_MANIFEST_JAR
Event: 11.329 loading class com/android/build/gradle/internal/scope/InternalArtifactType$COMPILE_MANIFEST_JAR done
Event: 11.329 loading class com/android/utils/FileUtils
Event: 11.329 loading class com/android/utils/FileUtils done


Dynamic libraries:
0x00007ff7082b0000 - 0x00007ff7082ba000 	C:\Program Files\Android\Android Studio\jre\bin\java.exe
0x00007fffb9c80000 - 0x00007fffb9e89000 	C:\WINDOWS\SYSTEM32\ntdll.dll
0x00007fffb86b0000 - 0x00007fffb876d000 	C:\WINDOWS\System32\KERNEL32.DLL
0x00007fffb72b0000 - 0x00007fffb7624000 	C:\WINDOWS\System32\KERNELBASE.dll
0x00007fffb7a00000 - 0x00007fffb7b11000 	C:\WINDOWS\System32\ucrtbase.dll
0x00007fff9a220000 - 0x00007fff9a237000 	C:\Program Files\Android\Android Studio\jre\bin\VCRUNTIME140.dll
0x00007fff99170000 - 0x00007fff99189000 	C:\Program Files\Android\Android Studio\jre\bin\jli.dll
0x00007fffb9880000 - 0x00007fffb9a2c000 	C:\WINDOWS\System32\USER32.dll
0x00007fffb71e0000 - 0x00007fffb7206000 	C:\WINDOWS\System32\win32u.dll
0x00007fffb8600000 - 0x00007fffb8629000 	C:\WINDOWS\System32\GDI32.dll
0x00007fff9e3a0000 - 0x00007fff9e645000 	C:\WINDOWS\WinSxS\amd64_microsoft.windows.common-controls_6595b64144ccf1df_6.0.22000.120_none_9d947278b86cc467\COMCTL32.dll
0x00007fffb7630000 - 0x00007fffb7742000 	C:\WINDOWS\System32\gdi32full.dll
0x00007fffb7210000 - 0x00007fffb72ad000 	C:\WINDOWS\System32\msvcp_win.dll
0x00007fffb82e0000 - 0x00007fffb8383000 	C:\WINDOWS\System32\msvcrt.dll
0x00007fffb8780000 - 0x00007fffb87b1000 	C:\WINDOWS\System32\IMM32.DLL
0x00007fff78cf0000 - 0x00007fff78d8d000 	C:\Program Files\Android\Android Studio\jre\bin\msvcp140.dll
0x00007fff76c70000 - 0x00007fff77745000 	C:\Program Files\Android\Android Studio\jre\bin\server\jvm.dll
0x00007fffb9a30000 - 0x00007fffb9ade000 	C:\WINDOWS\System32\ADVAPI32.dll
0x00007fffb7b20000 - 0x00007fffb7bbe000 	C:\WINDOWS\System32\sechost.dll
0x00007fffb9750000 - 0x00007fffb9870000 	C:\WINDOWS\System32\RPCRT4.dll
0x00007fffb9870000 - 0x00007fffb9878000 	C:\WINDOWS\System32\PSAPI.DLL
0x00007fffb1bf0000 - 0x00007fffb1bf9000 	C:\WINDOWS\SYSTEM32\WSOCK32.dll
0x00007fffaf990000 - 0x00007fffaf99a000 	C:\WINDOWS\SYSTEM32\VERSION.dll
0x00007fffb1710000 - 0x00007fffb1743000 	C:\WINDOWS\SYSTEM32\WINMM.dll
0x00007fffb9530000 - 0x00007fffb959f000 	C:\WINDOWS\System32\WS2_32.dll
0x00007fffb6270000 - 0x00007fffb6288000 	C:\WINDOWS\SYSTEM32\kernel.appcore.dll
0x00007fffa4860000 - 0x00007fffa4871000 	C:\Program Files\Android\Android Studio\jre\bin\verify.dll
0x00007fffa5c00000 - 0x00007fffa5e21000 	C:\WINDOWS\SYSTEM32\DBGHELP.DLL
0x00007fff9d820000 - 0x00007fff9d851000 	C:\WINDOWS\SYSTEM32\dbgcore.DLL
0x00007fffb7980000 - 0x00007fffb79ff000 	C:\WINDOWS\System32\bcryptPrimitives.dll
0x00007fffa4830000 - 0x00007fffa4859000 	C:\Program Files\Android\Android Studio\jre\bin\java.dll
0x00007fffb1be0000 - 0x00007fffb1beb000 	C:\Program Files\Android\Android Studio\jre\bin\jimage.dll
0x00007fffa41d0000 - 0x00007fffa41e8000 	C:\Program Files\Android\Android Studio\jre\bin\zip.dll
0x00007fffb8c90000 - 0x00007fffb943e000 	C:\WINDOWS\System32\SHELL32.dll
0x00007fffb52e0000 - 0x00007fffb5b48000 	C:\WINDOWS\SYSTEM32\windows.storage.dll
0x00007fffb87e0000 - 0x00007fffb8b58000 	C:\WINDOWS\System32\combase.dll
0x00007fffb5170000 - 0x00007fffb52d6000 	C:\WINDOWS\SYSTEM32\wintypes.dll
0x00007fffb9b50000 - 0x00007fffb9c3a000 	C:\WINDOWS\System32\SHCORE.dll
0x00007fffb96f0000 - 0x00007fffb974d000 	C:\WINDOWS\System32\shlwapi.dll
0x00007fffb70a0000 - 0x00007fffb70c1000 	C:\WINDOWS\SYSTEM32\profapi.dll
0x00007fffa3a00000 - 0x00007fffa3a1a000 	C:\Program Files\Android\Android Studio\jre\bin\net.dll
0x00007fffb0fc0000 - 0x00007fffb10cc000 	C:\WINDOWS\SYSTEM32\WINHTTP.dll
0x00007fffb66a0000 - 0x00007fffb6707000 	C:\WINDOWS\system32\mswsock.dll
0x00007fffa3870000 - 0x00007fffa3884000 	C:\Program Files\Android\Android Studio\jre\bin\nio.dll
0x00007fff99420000 - 0x00007fff99447000 	C:\Users\rsris\.gradle\native\e1d6ef7f7dcc3fd88c89a11ec53ec762bb8ba0a96d01ffa2cd45eb1d1d8dd5c5\windows-amd64\native-platform.dll
0x00007fff78540000 - 0x00007fff78684000 	C:\Users\rsris\.gradle\native\5664cfc778a61ccfe75a443a1ab52a65af34e5dc3c78e0209fed803814484fcb\windows-amd64\native-platform-file-events.dll
0x00007fffb4410000 - 0x00007fffb441a000 	C:\Program Files\Android\Android Studio\jre\bin\management.dll
0x00007fffb43d0000 - 0x00007fffb43dd000 	C:\Program Files\Android\Android Studio\jre\bin\management_ext.dll
0x00007fffb68f0000 - 0x00007fffb6908000 	C:\WINDOWS\SYSTEM32\CRYPTSP.dll
0x00007fffb61d0000 - 0x00007fffb6205000 	C:\WINDOWS\system32\rsaenh.dll
0x00007fffb6790000 - 0x00007fffb67b9000 	C:\WINDOWS\SYSTEM32\USERENV.dll
0x00007fffb6ad0000 - 0x00007fffb6af7000 	C:\WINDOWS\SYSTEM32\bcrypt.dll
0x00007fffb68e0000 - 0x00007fffb68ec000 	C:\WINDOWS\SYSTEM32\CRYPTBASE.dll
0x00007fffb5da0000 - 0x00007fffb5dcd000 	C:\WINDOWS\SYSTEM32\IPHLPAPI.DLL
0x00007fffb9520000 - 0x00007fffb9529000 	C:\WINDOWS\System32\NSI.dll
0x00007fffb1500000 - 0x00007fffb1519000 	C:\WINDOWS\SYSTEM32\dhcpcsvc6.DLL
0x00007fffb1850000 - 0x00007fffb186e000 	C:\WINDOWS\SYSTEM32\dhcpcsvc.DLL
0x00007fffb5dd0000 - 0x00007fffb5eb7000 	C:\WINDOWS\SYSTEM32\DNSAPI.dll

dbghelp: loaded successfully - version: 4.0.5 - missing functions: none
symbol engine: initialized successfully - sym options: 0x614 - pdb path: .;C:\Program Files\Android\Android Studio\jre\bin;C:\WINDOWS\SYSTEM32;C:\WINDOWS\WinSxS\amd64_microsoft.windows.common-controls_6595b64144ccf1df_6.0.22000.120_none_9d947278b86cc467;C:\Program Files\Android\Android Studio\jre\bin\server;C:\Users\rsris\.gradle\native\e1d6ef7f7dcc3fd88c89a11ec53ec762bb8ba0a96d01ffa2cd45eb1d1d8dd5c5\windows-amd64;C:\Users\rsris\.gradle\native\5664cfc778a61ccfe75a443a1ab52a65af34e5dc3c78e0209fed803814484fcb\windows-amd64

VM Arguments:
jvm_args: --add-opens=java.base/java.util=ALL-UNNAMED --add-opens=java.base/java.lang=ALL-UNNAMED --add-opens=java.base/java.lang.invoke=ALL-UNNAMED --add-opens=java.base/java.util=ALL-UNNAMED --add-opens=java.prefs/java.util.prefs=ALL-UNNAMED --add-opens=java.prefs/java.util.prefs=ALL-UNNAMED --add-opens=java.base/java.nio.charset=ALL-UNNAMED --add-opens=java.base/java.net=ALL-UNNAMED --add-opens=java.base/java.util.concurrent.atomic=ALL-UNNAMED -Xmx2048m -Dfile.encoding=UTF-8 -Duser.country=IN -Duser.language=en -Duser.variant 
java_command: org.gradle.launcher.daemon.bootstrap.GradleDaemon 7.2
java_class_path (initial): C:\Users\rsris\.gradle\wrapper\dists\gradle-7.2-bin\2dnblmf4td7x66yl1d74lt32g\gradle-7.2\lib\gradle-launcher-7.2.jar
Launcher Type: SUN_STANDARD

[Global flags]
     intx CICompilerCount                          = 4                                         {product} {ergonomic}
     uint ConcGCThreads                            = 3                                         {product} {ergonomic}
     uint G1ConcRefinementThreads                  = 10                                        {product} {ergonomic}
   size_t G1HeapRegionSize                         = 1048576                                   {product} {ergonomic}
    uintx GCDrainStackTargetSize                   = 64                                        {product} {ergonomic}
   size_t InitialHeapSize                          = 123731968                                 {product} {ergonomic}
   size_t MarkStackSize                            = 4194304                                   {product} {ergonomic}
   size_t MaxHeapSize                              = 2147483648                                {product} {command line}
   size_t MaxNewSize                               = 1287651328                                {product} {ergonomic}
   size_t MinHeapDeltaBytes                        = 1048576                                   {product} {ergonomic}
    uintx NonNMethodCodeHeapSize                   = 5836300                                {pd product} {ergonomic}
    uintx NonProfiledCodeHeapSize                  = 122910970                              {pd product} {ergonomic}
    uintx ProfiledCodeHeapSize                     = 122910970                              {pd product} {ergonomic}
    uintx ReservedCodeCacheSize                    = 251658240                              {pd product} {ergonomic}
     bool SegmentedCodeCache                       = true                                      {product} {ergonomic}
     bool UseCompressedClassPointers               = true                                 {lp64_product} {ergonomic}
     bool UseCompressedOops                        = true                                 {lp64_product} {ergonomic}
     bool UseG1GC                                  = true                                      {product} {ergonomic}
     bool UseLargePagesIndividualAllocation        = false                                  {pd product} {ergonomic}

Logging:
Log output configuration:
 #0: stdout all=warning uptime,level,tags
 #1: stderr all=off uptime,level,tags

Environment Variables:
PATH=C:\Program Files\Common Files\Oracle\Java\javapath;C:\windows\system32;C:\windows;C:\windows\System32\Wbem;C:\windows\System32\WindowsPowerShell\v1.0\;C:\windows\System32\OpenSSH\;C:\Program Files (x86)\NVIDIA Corporation\PhysX\Common;C:\Program Files\NVIDIA Corporation\NVIDIA NvDLISR;C:\WINDOWS\system32;C:\WINDOWS;C:\WINDOWS\System32\Wbem;C:\WINDOWS\System32\WindowsPowerShell\v1.0\;C:\WINDOWS\System32\OpenSSH\;C:\Program Files\Git\cmd;C:\sai\python\Scripts\;C:\sai\python\;C:\Users\rsris\AppData\Local\Microsoft\WindowsApps;C:\sai\vs\Microsoft VS Code\bin;C:\sai\compillers\java;C:\sai\compillers\MinGW\bin;
USERNAME=rsris
OS=Windows_NT
PROCESSOR_IDENTIFIER=AMD64 Family 25 Model 80 Stepping 0, AuthenticAMD



---------------  S Y S T E M  ---------------

OS: Windows 10 , 64 bit Build 22000 (10.0.22000.434)
OS uptime: 1 days 12:34 hours

CPU:total 12 (initial active 12) (12 cores per cpu, 2 threads per core) family 25 model 80 stepping 0 microcode 0x0, cmov, cx8, fxsr, mmx, sse, sse2, sse3, ssse3, sse4.1, sse4.2, popcnt, avx, avx2, aes, clmul, erms, mmxext, 3dnowpref, lzcnt, sse4a, ht, tsc, tscinvbit, tscinv, bmi1, bmi2,

Memory: 4k page, system-wide physical 7524M (760M free)
TotalPageFile size 9360M (AvailPageFile size 9M)
current process WorkingSet (physical memory assigned to process): 352M, peak: 354M
current process commit charge ("private bytes"): 398M, peak: 401M

vm_info: OpenJDK 64-Bit Server VM (11.0.11+9-b60-7590822) for windows-amd64 JRE (11.0.11+9-b60-7590822), built on Jul 29 2021 21:43:44 by "builder" with MS VC++ 14.0 (VS2015)

END.
