#
# There is insufficient memory for the Java Runtime Environment to continue.
# Native memory allocation (mmap) failed to map 50331648 bytes for Failed to commit area from 0x000000008ce00000 to 0x000000008fe00000 of length 50331648.
# Possible reasons:
#   The system is out of physical RAM or swap space
#   The process is running with CompressedOops enabled, and the Java Heap may be blocking the growth of the native heap
# Possible solutions:
#   Reduce memory load on the system
#   Increase physical memory or swap space
#   Check if swap backing store is full
#   Decrease Java heap size (-Xmx/-Xms)
#   Decrease number of Java threads
#   Decrease Java thread stack sizes (-Xss)
#   Set larger code cache with -XX:ReservedCodeCacheSize=
#   JVM is running with Unscaled Compressed Oops mode in which the Java heap is
#     placed in the first 4GB address space. The Java Heap base address is the
#     maximum limit for the native heap growth. Please use -XX:HeapBaseMinAddress
#     to set the Java Heap base and to place the Java Heap above 4GB virtual address.
# This output file may be truncated or incomplete.
#
#  Out of Memory Error (./src/hotspot/os/windows/os_windows.cpp:3301), pid=2140, tid=12648
#
# JRE version: OpenJDK Runtime Environment (11.0.11+9) (build 11.0.11+9-b60-7590822)
# Java VM: OpenJDK 64-Bit Server VM (11.0.11+9-b60-7590822, mixed mode, tiered, compressed oops, g1 gc, windows-amd64)
# No core dump will be written. Minidumps are not enabled by default on client versions of Windows
#

---------------  S U M M A R Y ------------

Command Line: --add-opens=java.base/java.util=ALL-UNNAMED --add-opens=java.base/java.lang=ALL-UNNAMED --add-opens=java.base/java.lang.invoke=ALL-UNNAMED --add-opens=java.base/java.util=ALL-UNNAMED --add-opens=java.prefs/java.util.prefs=ALL-UNNAMED --add-opens=java.prefs/java.util.prefs=ALL-UNNAMED --add-opens=java.base/java.nio.charset=ALL-UNNAMED --add-opens=java.base/java.net=ALL-UNNAMED --add-opens=java.base/java.util.concurrent.atomic=ALL-UNNAMED -Xmx2048m -Dfile.encoding=UTF-8 -Duser.country=IN -Duser.language=en -Duser.variant org.gradle.launcher.daemon.bootstrap.GradleDaemon 7.2

Host: AMD Ryzen 5 5600H with Radeon Graphics         , 12 cores, 7G,  Windows 10 , 64 bit Build 22000 (10.0.22000.434)
Time: Tue Mar 22 09:12:09 2022 India Standard Time elapsed time: 1696.972885 seconds (0d 0h 28m 16s)

---------------  T H R E A D  ---------------

Current thread (0x0000027c25317000):  VMThread "VM Thread" [stack: 0x0000008ae1800000,0x0000008ae1900000] [id=12648]

Stack: [0x0000008ae1800000,0x0000008ae1900000]
[error occurred during error reporting (printing stack bounds), id 0xc0000005, EXCEPTION_ACCESS_VIOLATION (0xc0000005) at pc=0x0000027c0e560f2d]

Native frames: (J=compiled Java code, j=interpreted, Vv=VM code, C=native code)
V  [jvm.dll+0x5f214a]
V  [jvm.dll+0x726fb5]
V  [jvm.dll+0x7285cd]
V  [jvm.dll+0x728be5]
V  [jvm.dll+0x728b9b]
V  [jvm.dll+0x5f14e8]
V  [jvm.dll+0x5f1c78]
C  [ntdll.dll+0xa86ef]
C  [ntdll.dll+0x35aea]
C  [ntdll.dll+0xa76fe]
C  0x0000027c0e560f2d

VM_Operation (0x0000008aed5f9fc0): G1CollectForAllocation, mode: safepoint, requested by thread 0x0000027c313fe000


---------------  P R O C E S S  ---------------

Threads class SMR info:
_java_thread_list=0x0000027c2d09b9e0, length=193, elements={
0x0000027c0aa5f800, 0x0000027c25318800, 0x0000027c2531d800, 0x0000027c25ca2800,
0x0000027c25339800, 0x0000027c2533a000, 0x0000027c25346800, 0x0000027c25347800,
0x0000027c2534a800, 0x0000027c25df3000, 0x0000027c27722000, 0x0000027c26c55000,
0x0000027c25f84000, 0x0000027c2813b800, 0x0000027c2813c800, 0x0000027c28138000,
0x0000027c2813e000, 0x0000027c28139000, 0x0000027c2813a000, 0x0000027c2813a800,
0x0000027c28a08800, 0x0000027c28a0d800, 0x0000027c28a0b800, 0x0000027c28a0c800,
0x0000027c28a09000, 0x0000027c28a0e000, 0x0000027c28a0a000, 0x0000027c28a0f000,
0x0000027c28a0f800, 0x0000027c28a10800, 0x0000027c28a11800, 0x0000027c28a14000,
0x0000027c2b9bd000, 0x0000027c2b9c3000, 0x0000027c2b9c1000, 0x0000027c2b9be800,
0x0000027c2b9c0800, 0x0000027c2b9c2000, 0x0000027c2b9bf800, 0x0000027c2b9be000,
0x0000027c2b9c8800, 0x0000027c2b9c7000, 0x0000027c2b9c9800, 0x0000027c2b9ca000,
0x0000027c2b9c6000, 0x0000027c30b65000, 0x0000027c2b9c7800, 0x0000027c28a28800,
0x0000027c2b9c4800, 0x0000027c2b9cb000, 0x0000027c2b9c5000, 0x0000027c2b9cc000,
0x0000027c28a0b000, 0x0000027c28a16800, 0x0000027c28a15800, 0x0000027c28a17000,
0x0000027c28a13000, 0x0000027c2813d000, 0x0000027c28137800, 0x0000027c30f68800,
0x0000027c30f6a000, 0x0000027c30f66000, 0x0000027c30f6a800, 0x0000027c30f6b800,
0x0000027c30f6c800, 0x0000027c30f66800, 0x0000027c30f69000, 0x0000027c30f6d000,
0x0000027c30f67800, 0x0000027c30f73800, 0x0000027c30f6f800, 0x0000027c30f70800,
0x0000027c30f6e000, 0x0000027c30f71800, 0x0000027c30f72000, 0x0000027c30f73000,
0x0000027c30f74800, 0x0000027c30f6f000, 0x0000027c2d289000, 0x0000027c2d289800,
0x0000027c2d284000, 0x0000027c2d286800, 0x0000027c2d288000, 0x0000027c2d28a800,
0x0000027c2d285000, 0x0000027c2d28b800, 0x0000027c2d285800, 0x0000027c2d28c000,
0x0000027c2d28d000, 0x0000027c2d287800, 0x0000027c2d290000, 0x0000027c2d292800,
0x0000027c2d292000, 0x0000027c2d28e000, 0x0000027c2d28e800, 0x0000027c2d28f800,
0x0000027c2d291000, 0x0000027c28656800, 0x0000027c28657800, 0x0000027c28655800,
0x0000027c28653000, 0x0000027c28652800, 0x0000027c28651800, 0x0000027c28658000,
0x0000027c28659000, 0x0000027c28659800, 0x0000027c28654000, 0x0000027c28655000,
0x0000027c2865f800, 0x0000027c2865d000, 0x0000027c2865e000, 0x0000027c28660800,
0x0000027c2865a800, 0x0000027c2865e800, 0x0000027c2865b800, 0x0000027c2865c000,
0x0000027c2bf68000, 0x0000027c2bf6a800, 0x0000027c2bf69000, 0x0000027c2bf65800,
0x0000027c2bf6c800, 0x0000027c2bf6b800, 0x0000027c2bf66800, 0x0000027c2bf6a000,
0x0000027c2bf67800, 0x0000027c2bf6e000, 0x0000027c2bf6d000, 0x0000027c2bf72000,
0x0000027c2bf73000, 0x0000027c2bf6f800, 0x0000027c2bf71000, 0x0000027c2bf73800,
0x0000027c2bf74800, 0x0000027c2bf6e800, 0x0000027c2bf70800, 0x0000027c2b11b800,
0x0000027c2b11b000, 0x0000027c2b11c800, 0x0000027c2b118800, 0x0000027c2b11a000,
0x0000027c2b119000, 0x0000027c2b117000, 0x0000027c2b117800, 0x0000027c2b11f000,
0x0000027c2b11e000, 0x0000027c2b123000, 0x0000027c2b120000, 0x0000027c2b120800,
0x0000027c2b121800, 0x0000027c2b122000, 0x0000027c2b11d800, 0x0000027c2b124000,
0x0000027c2b124800, 0x0000027c2b125800, 0x0000027c2b703800, 0x0000027c2b700000,
0x0000027c2b704000, 0x0000027c2b701800, 0x0000027c2b6ff800, 0x0000027c2b6fe800,
0x0000027c2b705000, 0x0000027c2b702800, 0x0000027c2b706000, 0x0000027c2b701000,
0x0000027c2b70c800, 0x0000027c2b70a000, 0x0000027c2b708800, 0x0000027c2b70a800,
0x0000027c2b709000, 0x0000027c2b707800, 0x0000027c2b70b800, 0x0000027c2b706800,
0x0000027c2b70d000, 0x0000027c313f6800, 0x0000027c313fa800, 0x0000027c313fb800,
0x0000027c313fa000, 0x0000027c313f7800, 0x0000027c313fe000, 0x0000027c313fc800,
0x0000027c313fd000, 0x0000027c313f8000, 0x0000027c313fe800, 0x0000027c313f9000,
0x0000027c31404800, 0x0000027c31403800, 0x0000027c31405800, 0x0000027c31400800,
0x0000027c31402000, 0x0000027c31401000, 0x0000027c31403000, 0x0000027c313ff800,
0x0000027c31406000
}

Java Threads: ( => current thread )
  0x0000027c0aa5f800 JavaThread "main" [_thread_blocked, id=1152, stack(0x0000008ae1200000,0x0000008ae1300000)]
  0x0000027c25318800 JavaThread "Reference Handler" daemon [_thread_blocked, id=12756, stack(0x0000008ae1900000,0x0000008ae1a00000)]
  0x0000027c2531d800 JavaThread "Finalizer" daemon [_thread_blocked, id=2296, stack(0x0000008ae1a00000,0x0000008ae1b00000)]
  0x0000027c25ca2800 JavaThread "Signal Dispatcher" daemon [_thread_blocked, id=11060, stack(0x0000008ae1b00000,0x0000008ae1c00000)]
  0x0000027c25339800 JavaThread "Attach Listener" daemon [_thread_blocked, id=7824, stack(0x0000008ae1c00000,0x0000008ae1d00000)]
  0x0000027c2533a000 JavaThread "Service Thread" daemon [_thread_blocked, id=17768, stack(0x0000008ae1d00000,0x0000008ae1e00000)]
  0x0000027c25346800 JavaThread "C2 CompilerThread0" daemon [_thread_blocked, id=17836, stack(0x0000008ae1e00000,0x0000008ae1f00000)]
  0x0000027c25347800 JavaThread "C1 CompilerThread0" daemon [_thread_blocked, id=4860, stack(0x0000008ae1f00000,0x0000008ae2000000)]
  0x0000027c2534a800 JavaThread "Sweeper thread" daemon [_thread_blocked, id=18920, stack(0x0000008ae2000000,0x0000008ae2100000)]
  0x0000027c25df3000 JavaThread "Common-Cleaner" daemon [_thread_blocked, id=18512, stack(0x0000008ae2100000,0x0000008ae2200000)]
  0x0000027c27722000 JavaThread "Daemon health stats" [_thread_blocked, id=16996, stack(0x0000008ae2600000,0x0000008ae2700000)]
  0x0000027c26c55000 JavaThread "Incoming local TCP Connector on port 52689" [_thread_in_native, id=7952, stack(0x0000008ae2300000,0x0000008ae2400000)]
  0x0000027c25f84000 JavaThread "Daemon periodic checks" [_thread_blocked, id=18816, stack(0x0000008ae2400000,0x0000008ae2500000)]
  0x0000027c2813b800 JavaThread "Cache worker for journal cache (C:\Users\rsris\.gradle\caches\journal-1)" [_thread_blocked, id=12504, stack(0x0000008ae3600000,0x0000008ae3700000)]
  0x0000027c2813c800 JavaThread "File lock request listener" [_thread_in_native, id=13932, stack(0x0000008ae3700000,0x0000008ae3800000)]
  0x0000027c28138000 JavaThread "Cache worker for file hash cache (C:\Users\rsris\.gradle\caches\7.2\fileHashes)" [_thread_blocked, id=12456, stack(0x0000008ae3a00000,0x0000008ae3b00000)]
  0x0000027c2813e000 JavaThread "File watcher server" daemon [_thread_blocked, id=6340, stack(0x0000008ae3d00000,0x0000008ae3e00000)]
  0x0000027c28139000 JavaThread "File watcher consumer" daemon [_thread_blocked, id=15324, stack(0x0000008ae3e00000,0x0000008ae3f00000)]
  0x0000027c2813a000 JavaThread "jar transforms" [_thread_blocked, id=1720, stack(0x0000008ae3f00000,0x0000008ae4000000)]
  0x0000027c2813a800 JavaThread "jar transforms Thread 2" [_thread_blocked, id=7688, stack(0x0000008ae4000000,0x0000008ae4100000)]
  0x0000027c28a08800 JavaThread "jar transforms Thread 3" [_thread_blocked, id=1108, stack(0x0000008ae4100000,0x0000008ae4200000)]
  0x0000027c28a0d800 JavaThread "jar transforms Thread 4" [_thread_blocked, id=5344, stack(0x0000008ae4200000,0x0000008ae4300000)]
  0x0000027c28a0b800 JavaThread "jar transforms Thread 5" [_thread_blocked, id=2848, stack(0x0000008ae4300000,0x0000008ae4400000)]
  0x0000027c28a0c800 JavaThread "jar transforms Thread 6" [_thread_blocked, id=17284, stack(0x0000008ae4400000,0x0000008ae4500000)]
  0x0000027c28a09000 JavaThread "jar transforms Thread 7" [_thread_blocked, id=2608, stack(0x0000008ae4500000,0x0000008ae4600000)]
  0x0000027c28a0e000 JavaThread "jar transforms Thread 8" [_thread_blocked, id=7284, stack(0x0000008ae4600000,0x0000008ae4700000)]
  0x0000027c28a0a000 JavaThread "jar transforms Thread 9" [_thread_blocked, id=6744, stack(0x0000008ae4700000,0x0000008ae4800000)]
  0x0000027c28a0f000 JavaThread "jar transforms Thread 10" [_thread_blocked, id=16912, stack(0x0000008ae4800000,0x0000008ae4900000)]
  0x0000027c28a0f800 JavaThread "jar transforms Thread 11" [_thread_blocked, id=15132, stack(0x0000008ae4900000,0x0000008ae4a00000)]
  0x0000027c28a10800 JavaThread "jar transforms Thread 12" [_thread_blocked, id=12840, stack(0x0000008ae4a00000,0x0000008ae4b00000)]
  0x0000027c28a11800 JavaThread "Cache worker for execution history cache (C:\Users\rsris\.gradle\caches\7.2\executionHistory)" [_thread_blocked, id=9708, stack(0x0000008ae4f00000,0x0000008ae5000000)]
  0x0000027c28a14000 JavaThread "Cache worker for file content cache (C:\Users\rsris\.gradle\caches\7.2\fileContent)" [_thread_blocked, id=13284, stack(0x0000008ae5000000,0x0000008ae5100000)]
  0x0000027c2b9bd000 JavaThread "Memory manager" [_thread_blocked, id=4540, stack(0x0000008aecb00000,0x0000008aecc00000)]
  0x0000027c2b9c3000 JavaThread "Daemon Thread 2" [_thread_blocked, id=10832, stack(0x0000008ae0f00000,0x0000008ae1000000)]
  0x0000027c2b9c1000 JavaThread "Handler for socket connection from /127.0.0.1:52689 to /127.0.0.1:52881" [_thread_in_native, id=14624, stack(0x0000008ae1000000,0x0000008ae1100000)]
  0x0000027c2b9be800 JavaThread "Cancel handler" [_thread_blocked, id=4032, stack(0x0000008ae1100000,0x0000008ae1200000)]
  0x0000027c2b9c0800 JavaThread "Daemon worker Thread 2" [_thread_blocked, id=17908, stack(0x0000008ae2700000,0x0000008ae2800000)]
  0x0000027c2b9c2000 JavaThread "Asynchronous log dispatcher for DefaultDaemonConnection: socket connection from /127.0.0.1:52689 to /127.0.0.1:52881" [_thread_blocked, id=12088, stack(0x0000008ae2800000,0x0000008ae2900000)]
  0x0000027c2b9bf800 JavaThread "Stdin handler" [_thread_blocked, id=6148, stack(0x0000008ae2900000,0x0000008ae2a00000)]
  0x0000027c2b9be000 JavaThread "Daemon client event forwarder" [_thread_blocked, id=15244, stack(0x0000008ae2a00000,0x0000008ae2b00000)]
  0x0000027c2b9c8800 JavaThread "Cache worker for file hash cache (C:\Users\rsris\AndroidStudioProjects\ex_5_graphical_primitives\.gradle\7.2\fileHashes)" [_thread_blocked, id=14220, stack(0x0000008ae2b00000,0x0000008ae2c00000)]
  0x0000027c2b9c7000 JavaThread "Cache worker for checksums cache (C:\Users\rsris\AndroidStudioProjects\ex_5_graphical_primitives\.gradle\checksums)" [_thread_blocked, id=17820, stack(0x0000008ae2c00000,0x0000008ae2d00000)]
  0x0000027c2b9c9800 JavaThread "Cache worker for cache directory md-supplier (C:\Users\rsris\.gradle\caches\7.2\md-supplier)" [_thread_blocked, id=8432, stack(0x0000008ae2d00000,0x0000008ae2e00000)]
  0x0000027c2b9ca000 JavaThread "Cache worker for cache directory md-rule (C:\Users\rsris\.gradle\caches\7.2\md-rule)" [_thread_blocked, id=16728, stack(0x0000008ae3b00000,0x0000008ae3c00000)]
  0x0000027c2b9c6000 JavaThread "Cache worker for dependencies-accessors (C:\Users\rsris\AndroidStudioProjects\ex_5_graphical_primitives\.gradle\7.2\dependencies-accessors)" [_thread_blocked, id=14284, stack(0x0000008ae4c00000,0x0000008ae4d00000)]
  0x0000027c30b65000 JavaThread "C2 CompilerThread1" daemon [_thread_in_native, id=17140, stack(0x0000008ae4d00000,0x0000008ae4e00000)]
  0x0000027c2b9c7800 JavaThread "Cache worker for Build Output Cleanup Cache (C:\Users\rsris\AndroidStudioProjects\ex_5_graphical_primitives\.gradle\buildOutputCleanup)" [_thread_blocked, id=3904, stack(0x0000008ae4e00000,0x0000008ae4f00000)]
  0x0000027c28a28800 JavaThread "C2 CompilerThread2" daemon [_thread_in_native, id=2756, stack(0x0000008ae5100000,0x0000008ae5200000)]
  0x0000027c2b9c4800 JavaThread "Unconstrained build operations" [_thread_blocked, id=7928, stack(0x0000008ae5200000,0x0000008ae5300000)]
  0x0000027c2b9cb000 JavaThread "Unconstrained build operations Thread 2" [_thread_blocked, id=6924, stack(0x0000008ae5300000,0x0000008ae5400000)]
  0x0000027c2b9c5000 JavaThread "Unconstrained build operations Thread 3" [_thread_blocked, id=12180, stack(0x0000008ae5400000,0x0000008ae5500000)]
  0x0000027c2b9cc000 JavaThread "Unconstrained build operations Thread 4" [_thread_blocked, id=9460, stack(0x0000008ae5500000,0x0000008ae5600000)]
  0x0000027c28a0b000 JavaThread "Unconstrained build operations Thread 5" [_thread_blocked, id=8732, stack(0x0000008ae5600000,0x0000008ae5700000)]
  0x0000027c28a16800 JavaThread "Unconstrained build operations Thread 6" [_thread_blocked, id=18088, stack(0x0000008ae5700000,0x0000008ae5800000)]
  0x0000027c28a15800 JavaThread "Unconstrained build operations Thread 7" [_thread_blocked, id=17120, stack(0x0000008ae5800000,0x0000008ae5900000)]
  0x0000027c28a17000 JavaThread "Unconstrained build operations Thread 8" [_thread_blocked, id=17972, stack(0x0000008ae5900000,0x0000008ae5a00000)]
  0x0000027c28a13000 JavaThread "Unconstrained build operations Thread 9" [_thread_blocked, id=4124, stack(0x0000008ae5a00000,0x0000008ae5b00000)]
  0x0000027c2813d000 JavaThread "Unconstrained build operations Thread 10" [_thread_blocked, id=17780, stack(0x0000008ae5b00000,0x0000008ae5c00000)]
  0x0000027c28137800 JavaThread "Unconstrained build operations Thread 11" [_thread_blocked, id=18784, stack(0x0000008ae5c00000,0x0000008ae5d00000)]
  0x0000027c30f68800 JavaThread "Unconstrained build operations Thread 12" [_thread_blocked, id=8740, stack(0x0000008ae5d00000,0x0000008ae5e00000)]
  0x0000027c30f6a000 JavaThread "Unconstrained build operations Thread 13" [_thread_blocked, id=10888, stack(0x0000008ae5e00000,0x0000008ae5f00000)]
  0x0000027c30f66000 JavaThread "Unconstrained build operations Thread 14" [_thread_blocked, id=672, stack(0x0000008ae5f00000,0x0000008ae6000000)]
  0x0000027c30f6a800 JavaThread "Unconstrained build operations Thread 15" [_thread_blocked, id=10316, stack(0x0000008ae6000000,0x0000008ae6100000)]
  0x0000027c30f6b800 JavaThread "Unconstrained build operations Thread 16" [_thread_blocked, id=6256, stack(0x0000008ae6100000,0x0000008ae6200000)]
  0x0000027c30f6c800 JavaThread "Unconstrained build operations Thread 17" [_thread_blocked, id=1960, stack(0x0000008ae6200000,0x0000008ae6300000)]
  0x0000027c30f66800 JavaThread "Unconstrained build operations Thread 18" [_thread_blocked, id=4964, stack(0x0000008ae6300000,0x0000008ae6400000)]
  0x0000027c30f69000 JavaThread "Unconstrained build operations Thread 19" [_thread_blocked, id=9336, stack(0x0000008ae6400000,0x0000008ae6500000)]
  0x0000027c30f6d000 JavaThread "Unconstrained build operations Thread 20" [_thread_blocked, id=16804, stack(0x0000008ae6500000,0x0000008ae6600000)]
  0x0000027c30f67800 JavaThread "Unconstrained build operations Thread 21" [_thread_blocked, id=18976, stack(0x0000008ae6600000,0x0000008ae6700000)]
  0x0000027c30f73800 JavaThread "Unconstrained build operations Thread 22" [_thread_blocked, id=18548, stack(0x0000008ae6700000,0x0000008ae6800000)]
  0x0000027c30f6f800 JavaThread "Unconstrained build operations Thread 23" [_thread_blocked, id=3852, stack(0x0000008ae6800000,0x0000008ae6900000)]
  0x0000027c30f70800 JavaThread "Unconstrained build operations Thread 24" [_thread_blocked, id=19352, stack(0x0000008ae6900000,0x0000008ae6a00000)]
  0x0000027c30f6e000 JavaThread "Unconstrained build operations Thread 25" [_thread_blocked, id=1552, stack(0x0000008ae6a00000,0x0000008ae6b00000)]
  0x0000027c30f71800 JavaThread "Unconstrained build operations Thread 26" [_thread_blocked, id=17880, stack(0x0000008ae6b00000,0x0000008ae6c00000)]
  0x0000027c30f72000 JavaThread "Unconstrained build operations Thread 27" [_thread_blocked, id=4764, stack(0x0000008ae6c00000,0x0000008ae6d00000)]
  0x0000027c30f73000 JavaThread "Unconstrained build operations Thread 28" [_thread_blocked, id=7940, stack(0x0000008ae6d00000,0x0000008ae6e00000)]
  0x0000027c30f74800 JavaThread "Unconstrained build operations Thread 29" [_thread_blocked, id=18460, stack(0x0000008ae6e00000,0x0000008ae6f00000)]
  0x0000027c30f6f000 JavaThread "Unconstrained build operations Thread 30" [_thread_blocked, id=14628, stack(0x0000008ae6f00000,0x0000008ae7000000)]
  0x0000027c2d289000 JavaThread "Unconstrained build operations Thread 31" [_thread_blocked, id=17412, stack(0x0000008ae7000000,0x0000008ae7100000)]
  0x0000027c2d289800 JavaThread "Unconstrained build operations Thread 32" [_thread_blocked, id=15312, stack(0x0000008ae7100000,0x0000008ae7200000)]
  0x0000027c2d284000 JavaThread "Unconstrained build operations Thread 33" [_thread_blocked, id=13680, stack(0x0000008ae7200000,0x0000008ae7300000)]
  0x0000027c2d286800 JavaThread "Unconstrained build operations Thread 34" [_thread_blocked, id=13568, stack(0x0000008ae7300000,0x0000008ae7400000)]
  0x0000027c2d288000 JavaThread "Unconstrained build operations Thread 35" [_thread_blocked, id=16640, stack(0x0000008ae7400000,0x0000008ae7500000)]
  0x0000027c2d28a800 JavaThread "Unconstrained build operations Thread 36" [_thread_blocked, id=18724, stack(0x0000008ae7500000,0x0000008ae7600000)]
  0x0000027c2d285000 JavaThread "Unconstrained build operations Thread 37" [_thread_blocked, id=14616, stack(0x0000008ae7600000,0x0000008ae7700000)]
  0x0000027c2d28b800 JavaThread "Unconstrained build operations Thread 38" [_thread_blocked, id=4824, stack(0x0000008ae7700000,0x0000008ae7800000)]
  0x0000027c2d285800 JavaThread "Unconstrained build operations Thread 39" [_thread_blocked, id=8164, stack(0x0000008ae7800000,0x0000008ae7900000)]
  0x0000027c2d28c000 JavaThread "Unconstrained build operations Thread 40" [_thread_blocked, id=16312, stack(0x0000008ae7900000,0x0000008ae7a00000)]
  0x0000027c2d28d000 JavaThread "Unconstrained build operations Thread 41" [_thread_blocked, id=4200, stack(0x0000008ae7a00000,0x0000008ae7b00000)]
  0x0000027c2d287800 JavaThread "Unconstrained build operations Thread 42" [_thread_blocked, id=340, stack(0x0000008ae7b00000,0x0000008ae7c00000)]
  0x0000027c2d290000 JavaThread "Unconstrained build operations Thread 43" [_thread_blocked, id=3092, stack(0x0000008ae7c00000,0x0000008ae7d00000)]
  0x0000027c2d292800 JavaThread "Unconstrained build operations Thread 44" [_thread_blocked, id=18348, stack(0x0000008ae7d00000,0x0000008ae7e00000)]
  0x0000027c2d292000 JavaThread "Unconstrained build operations Thread 45" [_thread_blocked, id=8208, stack(0x0000008ae7e00000,0x0000008ae7f00000)]
  0x0000027c2d28e000 JavaThread "Unconstrained build operations Thread 46" [_thread_blocked, id=13916, stack(0x0000008ae7f00000,0x0000008ae8000000)]
  0x0000027c2d28e800 JavaThread "Unconstrained build operations Thread 47" [_thread_blocked, id=8196, stack(0x0000008ae8000000,0x0000008ae8100000)]
  0x0000027c2d28f800 JavaThread "Unconstrained build operations Thread 48" [_thread_blocked, id=18708, stack(0x0000008ae8100000,0x0000008ae8200000)]
  0x0000027c2d291000 JavaThread "Unconstrained build operations Thread 49" [_thread_blocked, id=17924, stack(0x0000008ae8200000,0x0000008ae8300000)]
  0x0000027c28656800 JavaThread "Unconstrained build operations Thread 50" [_thread_blocked, id=2964, stack(0x0000008ae8300000,0x0000008ae8400000)]
  0x0000027c28657800 JavaThread "Unconstrained build operations Thread 51" [_thread_blocked, id=19136, stack(0x0000008ae8400000,0x0000008ae8500000)]
  0x0000027c28655800 JavaThread "Unconstrained build operations Thread 52" [_thread_blocked, id=13448, stack(0x0000008ae8500000,0x0000008ae8600000)]
  0x0000027c28653000 JavaThread "Unconstrained build operations Thread 53" [_thread_blocked, id=10364, stack(0x0000008ae8600000,0x0000008ae8700000)]
  0x0000027c28652800 JavaThread "Unconstrained build operations Thread 54" [_thread_blocked, id=11708, stack(0x0000008ae8700000,0x0000008ae8800000)]
  0x0000027c28651800 JavaThread "Unconstrained build operations Thread 55" [_thread_blocked, id=16240, stack(0x0000008ae8800000,0x0000008ae8900000)]
  0x0000027c28658000 JavaThread "Unconstrained build operations Thread 56" [_thread_blocked, id=16036, stack(0x0000008ae8900000,0x0000008ae8a00000)]
  0x0000027c28659000 JavaThread "Unconstrained build operations Thread 57" [_thread_blocked, id=7560, stack(0x0000008ae8a00000,0x0000008ae8b00000)]
  0x0000027c28659800 JavaThread "Unconstrained build operations Thread 58" [_thread_blocked, id=17684, stack(0x0000008ae8b00000,0x0000008ae8c00000)]
  0x0000027c28654000 JavaThread "Unconstrained build operations Thread 59" [_thread_blocked, id=16060, stack(0x0000008ae8c00000,0x0000008ae8d00000)]
  0x0000027c28655000 JavaThread "Unconstrained build operations Thread 60" [_thread_blocked, id=11612, stack(0x0000008ae8d00000,0x0000008ae8e00000)]
  0x0000027c2865f800 JavaThread "Unconstrained build operations Thread 61" [_thread_blocked, id=6964, stack(0x0000008ae8e00000,0x0000008ae8f00000)]
  0x0000027c2865d000 JavaThread "Unconstrained build operations Thread 62" [_thread_blocked, id=11392, stack(0x0000008ae8f00000,0x0000008ae9000000)]
  0x0000027c2865e000 JavaThread "Unconstrained build operations Thread 63" [_thread_blocked, id=9948, stack(0x0000008ae9000000,0x0000008ae9100000)]
  0x0000027c28660800 JavaThread "Unconstrained build operations Thread 64" [_thread_blocked, id=13604, stack(0x0000008ae9100000,0x0000008ae9200000)]
  0x0000027c2865a800 JavaThread "Unconstrained build operations Thread 65" [_thread_blocked, id=14276, stack(0x0000008ae9200000,0x0000008ae9300000)]
  0x0000027c2865e800 JavaThread "Unconstrained build operations Thread 66" [_thread_blocked, id=15260, stack(0x0000008ae9300000,0x0000008ae9400000)]
  0x0000027c2865b800 JavaThread "Unconstrained build operations Thread 67" [_thread_blocked, id=15504, stack(0x0000008ae9400000,0x0000008ae9500000)]
  0x0000027c2865c000 JavaThread "Unconstrained build operations Thread 68" [_thread_blocked, id=14176, stack(0x0000008ae9500000,0x0000008ae9600000)]
  0x0000027c2bf68000 JavaThread "Unconstrained build operations Thread 69" [_thread_blocked, id=16356, stack(0x0000008ae9600000,0x0000008ae9700000)]
  0x0000027c2bf6a800 JavaThread "Unconstrained build operations Thread 70" [_thread_blocked, id=17576, stack(0x0000008ae9700000,0x0000008ae9800000)]
  0x0000027c2bf69000 JavaThread "Unconstrained build operations Thread 71" [_thread_blocked, id=18852, stack(0x0000008ae9800000,0x0000008ae9900000)]
  0x0000027c2bf65800 JavaThread "Unconstrained build operations Thread 72" [_thread_blocked, id=18596, stack(0x0000008ae9900000,0x0000008ae9a00000)]
  0x0000027c2bf6c800 JavaThread "Unconstrained build operations Thread 73" [_thread_blocked, id=11860, stack(0x0000008ae9a00000,0x0000008ae9b00000)]
  0x0000027c2bf6b800 JavaThread "Unconstrained build operations Thread 74" [_thread_blocked, id=9208, stack(0x0000008ae9b00000,0x0000008ae9c00000)]
  0x0000027c2bf66800 JavaThread "Unconstrained build operations Thread 75" [_thread_blocked, id=7596, stack(0x0000008ae9c00000,0x0000008ae9d00000)]
  0x0000027c2bf6a000 JavaThread "Unconstrained build operations Thread 76" [_thread_blocked, id=1920, stack(0x0000008ae9d00000,0x0000008ae9e00000)]
  0x0000027c2bf67800 JavaThread "Unconstrained build operations Thread 77" [_thread_blocked, id=17328, stack(0x0000008ae9e00000,0x0000008ae9f00000)]
  0x0000027c2bf6e000 JavaThread "Unconstrained build operations Thread 78" [_thread_blocked, id=13124, stack(0x0000008ae9f00000,0x0000008aea000000)]
  0x0000027c2bf6d000 JavaThread "Unconstrained build operations Thread 79" [_thread_blocked, id=16280, stack(0x0000008aea000000,0x0000008aea100000)]
  0x0000027c2bf72000 JavaThread "Unconstrained build operations Thread 80" [_thread_blocked, id=16296, stack(0x0000008aea100000,0x0000008aea200000)]
  0x0000027c2bf73000 JavaThread "Unconstrained build operations Thread 81" [_thread_blocked, id=14216, stack(0x0000008aea200000,0x0000008aea300000)]
  0x0000027c2bf6f800 JavaThread "Unconstrained build operations Thread 82" [_thread_blocked, id=2088, stack(0x0000008aea300000,0x0000008aea400000)]
  0x0000027c2bf71000 JavaThread "Unconstrained build operations Thread 83" [_thread_blocked, id=18540, stack(0x0000008aea400000,0x0000008aea500000)]
  0x0000027c2bf73800 JavaThread "Unconstrained build operations Thread 84" [_thread_blocked, id=5936, stack(0x0000008aea500000,0x0000008aea600000)]
  0x0000027c2bf74800 JavaThread "Unconstrained build operations Thread 85" [_thread_blocked, id=12444, stack(0x0000008aea600000,0x0000008aea700000)]
  0x0000027c2bf6e800 JavaThread "Unconstrained build operations Thread 86" [_thread_blocked, id=3088, stack(0x0000008aea700000,0x0000008aea800000)]
  0x0000027c2bf70800 JavaThread "Unconstrained build operations Thread 87" [_thread_blocked, id=11256, stack(0x0000008aea800000,0x0000008aea900000)]
  0x0000027c2b11b800 JavaThread "Unconstrained build operations Thread 88" [_thread_blocked, id=16288, stack(0x0000008aea900000,0x0000008aeaa00000)]
  0x0000027c2b11b000 JavaThread "Unconstrained build operations Thread 89" [_thread_blocked, id=18936, stack(0x0000008aeaa00000,0x0000008aeab00000)]
  0x0000027c2b11c800 JavaThread "Unconstrained build operations Thread 90" [_thread_blocked, id=8088, stack(0x0000008aeab00000,0x0000008aeac00000)]
  0x0000027c2b118800 JavaThread "Unconstrained build operations Thread 91" [_thread_blocked, id=4500, stack(0x0000008aeac00000,0x0000008aead00000)]
  0x0000027c2b11a000 JavaThread "Unconstrained build operations Thread 92" [_thread_blocked, id=1052, stack(0x0000008aead00000,0x0000008aeae00000)]
  0x0000027c2b119000 JavaThread "Unconstrained build operations Thread 93" [_thread_blocked, id=17016, stack(0x0000008aeae00000,0x0000008aeaf00000)]
  0x0000027c2b117000 JavaThread "Unconstrained build operations Thread 94" [_thread_blocked, id=17996, stack(0x0000008aeaf00000,0x0000008aeb000000)]
  0x0000027c2b117800 JavaThread "Unconstrained build operations Thread 95" [_thread_blocked, id=4448, stack(0x0000008aeb000000,0x0000008aeb100000)]
  0x0000027c2b11f000 JavaThread "Unconstrained build operations Thread 96" [_thread_blocked, id=18436, stack(0x0000008aeb100000,0x0000008aeb200000)]
  0x0000027c2b11e000 JavaThread "Unconstrained build operations Thread 97" [_thread_blocked, id=16716, stack(0x0000008aeb200000,0x0000008aeb300000)]
  0x0000027c2b123000 JavaThread "Unconstrained build operations Thread 98" [_thread_blocked, id=9472, stack(0x0000008aeb300000,0x0000008aeb400000)]
  0x0000027c2b120000 JavaThread "Unconstrained build operations Thread 99" [_thread_blocked, id=8600, stack(0x0000008aeb400000,0x0000008aeb500000)]
  0x0000027c2b120800 JavaThread "Unconstrained build operations Thread 100" [_thread_blocked, id=1560, stack(0x0000008aeb500000,0x0000008aeb600000)]
  0x0000027c2b121800 JavaThread "Unconstrained build operations Thread 101" [_thread_blocked, id=18748, stack(0x0000008aeb600000,0x0000008aeb700000)]
  0x0000027c2b122000 JavaThread "Unconstrained build operations Thread 102" [_thread_blocked, id=18964, stack(0x0000008aeb700000,0x0000008aeb800000)]
  0x0000027c2b11d800 JavaThread "Unconstrained build operations Thread 103" [_thread_blocked, id=13884, stack(0x0000008aeb800000,0x0000008aeb900000)]
  0x0000027c2b124000 JavaThread "Unconstrained build operations Thread 104" [_thread_blocked, id=18628, stack(0x0000008aeb900000,0x0000008aeba00000)]
  0x0000027c2b124800 JavaThread "Unconstrained build operations Thread 105" [_thread_blocked, id=9980, stack(0x0000008aeba00000,0x0000008aebb00000)]
  0x0000027c2b125800 JavaThread "Unconstrained build operations Thread 106" [_thread_blocked, id=9380, stack(0x0000008aebb00000,0x0000008aebc00000)]
  0x0000027c2b703800 JavaThread "Unconstrained build operations Thread 107" [_thread_blocked, id=15008, stack(0x0000008aebc00000,0x0000008aebd00000)]
  0x0000027c2b700000 JavaThread "Unconstrained build operations Thread 108" [_thread_blocked, id=14668, stack(0x0000008aebd00000,0x0000008aebe00000)]
  0x0000027c2b704000 JavaThread "Unconstrained build operations Thread 109" [_thread_blocked, id=15164, stack(0x0000008aebe00000,0x0000008aebf00000)]
  0x0000027c2b701800 JavaThread "Unconstrained build operations Thread 110" [_thread_blocked, id=19048, stack(0x0000008aebf00000,0x0000008aec000000)]
  0x0000027c2b6ff800 JavaThread "Unconstrained build operations Thread 111" [_thread_blocked, id=10160, stack(0x0000008aec000000,0x0000008aec100000)]
  0x0000027c2b6fe800 JavaThread "Unconstrained build operations Thread 112" [_thread_blocked, id=6488, stack(0x0000008aec100000,0x0000008aec200000)]
  0x0000027c2b705000 JavaThread "Unconstrained build operations Thread 113" [_thread_blocked, id=13788, stack(0x0000008aec200000,0x0000008aec300000)]
  0x0000027c2b702800 JavaThread "Unconstrained build operations Thread 114" [_thread_blocked, id=632, stack(0x0000008aec300000,0x0000008aec400000)]
  0x0000027c2b706000 JavaThread "Unconstrained build operations Thread 115" [_thread_blocked, id=18024, stack(0x0000008aec400000,0x0000008aec500000)]
  0x0000027c2b701000 JavaThread "Unconstrained build operations Thread 116" [_thread_blocked, id=13688, stack(0x0000008aec500000,0x0000008aec600000)]
  0x0000027c2b70c800 JavaThread "Unconstrained build operations Thread 117" [_thread_blocked, id=4084, stack(0x0000008aec600000,0x0000008aec700000)]
  0x0000027c2b70a000 JavaThread "Unconstrained build operations Thread 118" [_thread_blocked, id=4120, stack(0x0000008aec700000,0x0000008aec800000)]
  0x0000027c2b708800 JavaThread "Unconstrained build operations Thread 119" [_thread_blocked, id=3436, stack(0x0000008aec800000,0x0000008aec900000)]
  0x0000027c2b70a800 JavaThread "Unconstrained build operations Thread 120" [_thread_blocked, id=14696, stack(0x0000008aec900000,0x0000008aeca00000)]
  0x0000027c2b709000 JavaThread "build event listener" [_thread_blocked, id=2452, stack(0x0000008aeca00000,0x0000008aecb00000)]
  0x0000027c2b707800 JavaThread "Execution worker for ':'" [_thread_blocked, id=8580, stack(0x0000008aecc00000,0x0000008aecd00000)]
  0x0000027c2b70b800 JavaThread "Execution worker for ':' Thread 2" [_thread_blocked, id=2752, stack(0x0000008aecd00000,0x0000008aece00000)]
  0x0000027c2b706800 JavaThread "Execution worker for ':' Thread 3" [_thread_blocked, id=14712, stack(0x0000008aece00000,0x0000008aecf00000)]
  0x0000027c2b70d000 JavaThread "Execution worker for ':' Thread 4" [_thread_blocked, id=11572, stack(0x0000008aecf00000,0x0000008aed000000)]
  0x0000027c313f6800 JavaThread "Execution worker for ':' Thread 5" [_thread_blocked, id=16476, stack(0x0000008aed000000,0x0000008aed100000)]
  0x0000027c313fa800 JavaThread "Execution worker for ':' Thread 6" [_thread_blocked, id=1184, stack(0x0000008aed100000,0x0000008aed200000)]
  0x0000027c313fb800 JavaThread "Execution worker for ':' Thread 7" [_thread_blocked, id=7356, stack(0x0000008aed200000,0x0000008aed300000)]
  0x0000027c313fa000 JavaThread "Execution worker for ':' Thread 8" [_thread_blocked, id=16976, stack(0x0000008aed300000,0x0000008aed400000)]
  0x0000027c313f7800 JavaThread "Execution worker for ':' Thread 9" [_thread_blocked, id=19372, stack(0x0000008aed400000,0x0000008aed500000)]
  0x0000027c313fe000 JavaThread "Execution worker for ':' Thread 10" [_thread_blocked, id=16040, stack(0x0000008aed500000,0x0000008aed600000)]
  0x0000027c313fc800 JavaThread "Execution worker for ':' Thread 11" [_thread_blocked, id=14740, stack(0x0000008aed600000,0x0000008aed700000)]
  0x0000027c313fd000 JavaThread "Cache worker for execution history cache (C:\Users\rsris\AndroidStudioProjects\ex_5_graphical_primitives\.gradle\7.2\executionHistory)" [_thread_blocked, id=7348, stack(0x0000008aed700000,0x0000008aed800000)]
  0x0000027c313f8000 JavaThread "WorkerExecutor Queue" [_thread_blocked, id=19072, stack(0x0000008aed800000,0x0000008aed900000)]
  0x0000027c313fe800 JavaThread "WorkerExecutor Queue Thread 2" [_thread_blocked, id=17056, stack(0x0000008aed900000,0x0000008aeda00000)]
  0x0000027c313f9000 JavaThread "WorkerExecutor Queue Thread 3" [_thread_blocked, id=8344, stack(0x0000008aeda00000,0x0000008aedb00000)]
  0x0000027c31404800 JavaThread "WorkerExecutor Queue Thread 4" [_thread_blocked, id=5424, stack(0x0000008aedb00000,0x0000008aedc00000)]
  0x0000027c31403800 JavaThread "WorkerExecutor Queue Thread 5" [_thread_blocked, id=16892, stack(0x0000008aedc00000,0x0000008aedd00000)]
  0x0000027c31405800 JavaThread "WorkerExecutor Queue Thread 6" [_thread_blocked, id=6772, stack(0x0000008aedd00000,0x0000008aede00000)]
  0x0000027c31400800 JavaThread "WorkerExecutor Queue Thread 7" [_thread_blocked, id=16604, stack(0x0000008aede00000,0x0000008aedf00000)]
  0x0000027c31402000 JavaThread "WorkerExecutor Queue Thread 8" [_thread_blocked, id=10852, stack(0x0000008aedf00000,0x0000008aee000000)]
  0x0000027c31401000 JavaThread "WorkerExecutor Queue Thread 9" [_thread_blocked, id=5112, stack(0x0000008aee000000,0x0000008aee100000)]
  0x0000027c31403000 JavaThread "WorkerExecutor Queue Thread 10" [_thread_blocked, id=2120, stack(0x0000008aee100000,0x0000008aee200000)]
  0x0000027c313ff800 JavaThread "WorkerExecutor Queue Thread 11" [_thread_blocked, id=10508, stack(0x0000008aee200000,0x0000008aee300000)]
  0x0000027c31406000 JavaThread "WorkerExecutor Queue Thread 12" [_thread_blocked, id=15156, stack(0x0000008aee300000,0x0000008aee400000)]

Other Threads:
=>0x0000027c25317000 VMThread "VM Thread" [stack: 0x0000008ae1800000,0x0000008ae1900000] [id=12648]
  0x0000027c25e00000 WatcherThread [stack: 0x0000008ae2200000,0x0000008ae2300000] [id=7128]
  0x0000027c0aa79000 GCTaskThread "GC Thread#0" [stack: 0x0000008ae1300000,0x0000008ae1400000] [id=6696]
  0x0000027c26b74000 GCTaskThread "GC Thread#1" [stack: 0x0000008ae2500000,0x0000008ae2600000] [id=3876]
  0x0000027c27783000 GCTaskThread "GC Thread#2" [stack: 0x0000008ae2e00000,0x0000008ae2f00000] [id=13996]
  0x0000027c287cd800 GCTaskThread "GC Thread#3" [stack: 0x0000008ae2f00000,0x0000008ae3000000] [id=9428]
  0x0000027c273be000 GCTaskThread "GC Thread#4" [stack: 0x0000008ae3000000,0x0000008ae3100000] [id=4716]
  0x0000027c26c52000 GCTaskThread "GC Thread#5" [stack: 0x0000008ae3100000,0x0000008ae3200000] [id=14436]
  0x0000027c282e8800 GCTaskThread "GC Thread#6" [stack: 0x0000008ae3200000,0x0000008ae3300000] [id=7396]
  0x0000027c28b40000 GCTaskThread "GC Thread#7" [stack: 0x0000008ae3300000,0x0000008ae3400000] [id=2784]
  0x0000027c28b40800 GCTaskThread "GC Thread#8" [stack: 0x0000008ae3400000,0x0000008ae3500000] [id=18952]
  0x0000027c276bc800 GCTaskThread "GC Thread#9" [stack: 0x0000008ae3500000,0x0000008ae3600000] [id=2204]
  0x0000027c0aaac800 ConcurrentGCThread "G1 Main Marker" [stack: 0x0000008ae1400000,0x0000008ae1500000] [id=5912]
  0x0000027c0aaae800 ConcurrentGCThread "G1 Conc#0" [stack: 0x0000008ae1500000,0x0000008ae1600000] [id=17604]
  0x0000027c2852b800 ConcurrentGCThread "G1 Conc#1" [stack: 0x0000008ae3800000,0x0000008ae3900000] [id=11108]
  0x0000027c2844a000 ConcurrentGCThread "G1 Conc#2" [stack: 0x0000008ae3900000,0x0000008ae3a00000] [id=4956]
  0x0000027c25166800 ConcurrentGCThread "G1 Refine#0" [stack: 0x0000008ae1600000,0x0000008ae1700000] [id=14864]
  0x0000027c2921d800 ConcurrentGCThread "G1 Refine#1" [stack: 0x0000008ae3c00000,0x0000008ae3d00000] [id=7376]
  0x0000027c30ba4000 ConcurrentGCThread "G1 Refine#2" [stack: 0x0000008ae4b00000,0x0000008ae4c00000] [id=19436]
  0x0000027c25167800 ConcurrentGCThread "G1 Young RemSet Sampling" [stack: 0x0000008ae1700000,0x0000008ae1800000] [id=14540]

Threads with active compile tasks:
C2 CompilerThread01697012 14709   !   4       java.io.ObjectOutputStream::writeObject0 (619 bytes)
C1 CompilerThread01697012 16024       2       java.util.regex.Pattern$Curly::match1 (63 bytes)
C2 CompilerThread11697013 15642       4       com.android.ide.common.resources.NodeUtils::updateNamespace (161 bytes)
C2 CompilerThread21697013 14791       4       java.io.ObjectInputStream$PeekInputStream::readFully (48 bytes)

VM state:at safepoint (normal execution)

VM Mutex/Monitor currently owned by a thread:  ([mutex/lock_event])
[0x0000027c0aa5c120] Threads_lock - owner thread: 0x0000027c25317000
[0x0000027c0aa5ca20] Heap_lock - owner thread: 0x0000027c313fe000

Heap address: 0x0000000080000000, size: 2048 MB, Compressed Oops mode: 32-bit
Narrow klass base: 0x0000000000000000, Narrow klass shift: 3
Compressed class space size: 1073741824 Address: 0x0000000100000000

Heap:
 garbage-first heap   total 260096K, used 142229K [0x0000000080000000, 0x0000000100000000)
  region size 1024K, 1 young (1024K), 1 survivors (1024K)
 Metaspace       used 113748K, capacity 116989K, committed 117964K, reserved 1150976K
  class space    used 14269K, capacity 15477K, committed 15820K, reserved 1048576K
Heap Regions: E=young(eden), S=young(survivor), O=old, HS=humongous(starts), HC=humongous(continues), CS=collection set, F=free, A=archive, TAMS=top-at-mark-start (previous, next)
|   0|0x0000000080000000, 0x0000000080100000, 0x0000000080100000|100%| O|  |TAMS 0x0000000080100000, 0x0000000080000000| Untracked 
|   1|0x0000000080100000, 0x0000000080200000, 0x0000000080200000|100%| O|  |TAMS 0x0000000080200000, 0x0000000080100000| Untracked 
|   2|0x0000000080200000, 0x0000000080300000, 0x0000000080300000|100%| O|  |TAMS 0x0000000080300000, 0x0000000080200000| Untracked 
|   3|0x0000000080300000, 0x0000000080400000, 0x0000000080400000|100%|HS|  |TAMS 0x0000000080400000, 0x0000000080300000| Complete 
|   4|0x0000000080400000, 0x0000000080500000, 0x0000000080500000|100%|HC|  |TAMS 0x0000000080500000, 0x0000000080400000| Complete 
|   5|0x0000000080500000, 0x0000000080600000, 0x0000000080600000|100%|HC|  |TAMS 0x0000000080600000, 0x0000000080500000| Complete 
|   6|0x0000000080600000, 0x0000000080700000, 0x0000000080700000|100%| O|  |TAMS 0x0000000080700000, 0x0000000080600000| Untracked 
|   7|0x0000000080700000, 0x0000000080800000, 0x0000000080800000|100%| O|  |TAMS 0x0000000080800000, 0x0000000080700000| Complete 
|   8|0x0000000080800000, 0x0000000080900000, 0x0000000080900000|100%| O|  |TAMS 0x0000000080900000, 0x0000000080800000| Untracked 
|   9|0x0000000080900000, 0x0000000080a00000, 0x0000000080a00000|100%| O|  |TAMS 0x0000000080a00000, 0x0000000080900000| Untracked 
|  10|0x0000000080a00000, 0x0000000080b00000, 0x0000000080b00000|100%| O|  |TAMS 0x0000000080b00000, 0x0000000080a00000| Untracked 
|  11|0x0000000080b00000, 0x0000000080c00000, 0x0000000080c00000|100%| O|  |TAMS 0x0000000080c00000, 0x0000000080b00000| Untracked 
|  12|0x0000000080c00000, 0x0000000080d00000, 0x0000000080d00000|100%| O|  |TAMS 0x0000000080d00000, 0x0000000080c00000| Untracked 
|  13|0x0000000080d00000, 0x0000000080e00000, 0x0000000080e00000|100%| O|  |TAMS 0x0000000080e00000, 0x0000000080d00000| Untracked 
|  14|0x0000000080e00000, 0x0000000080f00000, 0x0000000080f00000|100%| O|  |TAMS 0x0000000080f00000, 0x0000000080e00000| Untracked 
|  15|0x0000000080f00000, 0x0000000081000000, 0x0000000081000000|100%| O|  |TAMS 0x0000000081000000, 0x0000000080f00000| Complete 
|  16|0x0000000081000000, 0x0000000081100000, 0x0000000081100000|100%|HS|  |TAMS 0x0000000081100000, 0x0000000081000000| Complete 
|  17|0x0000000081100000, 0x0000000081200000, 0x0000000081200000|100%|HC|  |TAMS 0x0000000081200000, 0x0000000081100000| Complete 
|  18|0x0000000081200000, 0x0000000081300000, 0x0000000081300000|100%|HS|  |TAMS 0x0000000081300000, 0x0000000081200000| Complete 
|  19|0x0000000081300000, 0x0000000081400000, 0x0000000081400000|100%|HC|  |TAMS 0x0000000081400000, 0x0000000081300000| Complete 
|  20|0x0000000081400000, 0x0000000081500000, 0x0000000081500000|100%|HC|  |TAMS 0x0000000081500000, 0x0000000081400000| Complete 
|  21|0x0000000081500000, 0x0000000081600000, 0x0000000081600000|100%|HS|  |TAMS 0x0000000081600000, 0x0000000081500000| Complete 
|  22|0x0000000081600000, 0x0000000081700000, 0x0000000081700000|100%|HC|  |TAMS 0x0000000081700000, 0x0000000081600000| Complete 
|  23|0x0000000081700000, 0x0000000081800000, 0x0000000081800000|100%|HC|  |TAMS 0x0000000081800000, 0x0000000081700000| Complete 
|  24|0x0000000081800000, 0x0000000081900000, 0x0000000081900000|100%|HC|  |TAMS 0x0000000081900000, 0x0000000081800000| Complete 
|  25|0x0000000081900000, 0x0000000081a00000, 0x0000000081a00000|100%| O|  |TAMS 0x0000000081a00000, 0x0000000081900000| Complete 
|  26|0x0000000081a00000, 0x0000000081b00000, 0x0000000081b00000|100%| O|  |TAMS 0x0000000081b00000, 0x0000000081a00000| Complete 
|  27|0x0000000081b00000, 0x0000000081c00000, 0x0000000081c00000|100%| O|  |TAMS 0x0000000081c00000, 0x0000000081b00000| Untracked 
|  28|0x0000000081c00000, 0x0000000081d00000, 0x0000000081d00000|100%| O|  |TAMS 0x0000000081d00000, 0x0000000081c00000| Complete 
|  29|0x0000000081d00000, 0x0000000081e00000, 0x0000000081e00000|100%| O|  |TAMS 0x0000000081e00000, 0x0000000081d00000| Untracked 
|  30|0x0000000081e00000, 0x0000000081f00000, 0x0000000081f00000|100%| O|  |TAMS 0x0000000081f00000, 0x0000000081e00000| Untracked 
|  31|0x0000000081f00000, 0x0000000082000000, 0x0000000082000000|100%| O|  |TAMS 0x0000000082000000, 0x0000000081f00000| Untracked 
|  32|0x0000000082000000, 0x0000000082100000, 0x0000000082100000|100%| O|  |TAMS 0x0000000082100000, 0x0000000082000000| Untracked 
|  33|0x0000000082100000, 0x0000000082200000, 0x0000000082200000|100%| O|  |TAMS 0x0000000082200000, 0x0000000082100000| Untracked 
|  34|0x0000000082200000, 0x0000000082300000, 0x0000000082300000|100%| O|  |TAMS 0x0000000082300000, 0x0000000082200000| Untracked 
|  35|0x0000000082300000, 0x0000000082400000, 0x0000000082400000|100%| O|  |TAMS 0x0000000082400000, 0x0000000082300000| Untracked 
|  36|0x0000000082400000, 0x0000000082500000, 0x0000000082500000|100%| O|  |TAMS 0x0000000082500000, 0x0000000082400000| Untracked 
|  37|0x0000000082500000, 0x0000000082600000, 0x0000000082600000|100%| O|  |TAMS 0x0000000082600000, 0x0000000082500000| Untracked 
|  38|0x0000000082600000, 0x0000000082700000, 0x0000000082700000|100%| O|  |TAMS 0x0000000082700000, 0x0000000082600000| Complete 
|  39|0x0000000082700000, 0x0000000082800000, 0x0000000082800000|100%|HS|  |TAMS 0x0000000082800000, 0x0000000082700000| Complete 
|  40|0x0000000082800000, 0x0000000082900000, 0x0000000082900000|100%|HC|  |TAMS 0x0000000082900000, 0x0000000082800000| Complete 
|  41|0x0000000082900000, 0x0000000082a00000, 0x0000000082a00000|100%|HC|  |TAMS 0x0000000082a00000, 0x0000000082900000| Complete 
|  42|0x0000000082a00000, 0x0000000082b00000, 0x0000000082b00000|100%| O|  |TAMS 0x0000000082b00000, 0x0000000082a00000| Untracked 
|  43|0x0000000082b00000, 0x0000000082c00000, 0x0000000082c00000|100%| O|  |TAMS 0x0000000082c00000, 0x0000000082b00000| Untracked 
|  44|0x0000000082c00000, 0x0000000082d00000, 0x0000000082d00000|100%| O|  |TAMS 0x0000000082d00000, 0x0000000082c00000| Untracked 
|  45|0x0000000082d00000, 0x0000000082e00000, 0x0000000082e00000|100%| O|  |TAMS 0x0000000082e00000, 0x0000000082d00000| Untracked 
|  46|0x0000000082e00000, 0x0000000082f00000, 0x0000000082f00000|100%|HS|  |TAMS 0x0000000082f00000, 0x0000000082e00000| Complete 
|  47|0x0000000082f00000, 0x0000000083000000, 0x0000000083000000|100%|HC|  |TAMS 0x0000000083000000, 0x0000000082f00000| Complete 
|  48|0x0000000083000000, 0x0000000083100000, 0x0000000083100000|100%|HC|  |TAMS 0x0000000083100000, 0x0000000083000000| Complete 
|  49|0x0000000083100000, 0x0000000083200000, 0x0000000083200000|100%|HC|  |TAMS 0x0000000083200000, 0x0000000083100000| Complete 
|  50|0x0000000083200000, 0x0000000083300000, 0x0000000083300000|100%| O|  |TAMS 0x0000000083300000, 0x0000000083200000| Untracked 
|  51|0x0000000083300000, 0x0000000083400000, 0x0000000083400000|100%| O|  |TAMS 0x0000000083400000, 0x0000000083300000| Untracked 
|  52|0x0000000083400000, 0x0000000083500000, 0x0000000083500000|100%| O|  |TAMS 0x0000000083500000, 0x0000000083400000| Untracked 
|  53|0x0000000083500000, 0x0000000083600000, 0x0000000083600000|100%| O|  |TAMS 0x0000000083600000, 0x0000000083500000| Untracked 
|  54|0x0000000083600000, 0x0000000083700000, 0x0000000083700000|100%|HS|  |TAMS 0x0000000083700000, 0x0000000083600000| Complete 
|  55|0x0000000083700000, 0x0000000083800000, 0x0000000083800000|100%|HS|  |TAMS 0x0000000083800000, 0x0000000083700000| Complete 
|  56|0x0000000083800000, 0x0000000083900000, 0x0000000083900000|100%|HS|  |TAMS 0x0000000083900000, 0x0000000083800000| Complete 
|  57|0x0000000083900000, 0x0000000083a00000, 0x0000000083a00000|100%|HS|  |TAMS 0x0000000083a00000, 0x0000000083900000| Complete 
|  58|0x0000000083a00000, 0x0000000083b00000, 0x0000000083b00000|100%|HC|  |TAMS 0x0000000083b00000, 0x0000000083a00000| Complete 
|  59|0x0000000083b00000, 0x0000000083c00000, 0x0000000083c00000|100%| O|  |TAMS 0x0000000083c00000, 0x0000000083b00000| Untracked 
|  60|0x0000000083c00000, 0x0000000083d00000, 0x0000000083d00000|100%| O|  |TAMS 0x0000000083d00000, 0x0000000083c00000| Untracked 
|  61|0x0000000083d00000, 0x0000000083e00000, 0x0000000083e00000|100%| O|  |TAMS 0x0000000083e00000, 0x0000000083d00000| Complete 
|  62|0x0000000083e00000, 0x0000000083f00000, 0x0000000083f00000|100%| O|  |TAMS 0x0000000083f00000, 0x0000000083e00000| Complete 
|  63|0x0000000083f00000, 0x0000000084000000, 0x0000000084000000|100%| O|  |TAMS 0x0000000084000000, 0x0000000083f00000| Untracked 
|  64|0x0000000084000000, 0x0000000084100000, 0x0000000084100000|100%| O|  |TAMS 0x0000000084100000, 0x0000000084000000| Untracked 
|  65|0x0000000084100000, 0x0000000084200000, 0x0000000084200000|100%| O|  |TAMS 0x0000000084200000, 0x0000000084100000| Complete 
|  66|0x0000000084200000, 0x0000000084300000, 0x0000000084300000|100%| O|  |TAMS 0x0000000084300000, 0x0000000084200000| Untracked 
|  67|0x0000000084300000, 0x0000000084400000, 0x0000000084400000|100%| O|  |TAMS 0x0000000084400000, 0x0000000084300000| Untracked 
|  68|0x0000000084400000, 0x0000000084500000, 0x0000000084500000|100%| O|  |TAMS 0x0000000084500000, 0x0000000084400000| Untracked 
|  69|0x0000000084500000, 0x0000000084600000, 0x0000000084600000|100%| O|  |TAMS 0x0000000084600000, 0x0000000084500000| Complete 
|  70|0x0000000084600000, 0x0000000084700000, 0x0000000084700000|100%| O|  |TAMS 0x0000000084700000, 0x0000000084600000| Complete 
|  71|0x0000000084700000, 0x0000000084800000, 0x0000000084800000|100%| O|  |TAMS 0x0000000084800000, 0x0000000084700000| Untracked 
|  72|0x0000000084800000, 0x0000000084900000, 0x0000000084900000|100%| O|  |TAMS 0x0000000084900000, 0x0000000084800000| Complete 
|  73|0x0000000084900000, 0x0000000084a00000, 0x0000000084a00000|100%| O|  |TAMS 0x0000000084a00000, 0x0000000084900000| Untracked 
|  74|0x0000000084a00000, 0x0000000084b00000, 0x0000000084b00000|100%| O|  |TAMS 0x0000000084b00000, 0x0000000084a00000| Untracked 
|  75|0x0000000084b00000, 0x0000000084c00000, 0x0000000084c00000|100%| O|  |TAMS 0x0000000084c00000, 0x0000000084b00000| Untracked 
|  76|0x0000000084c00000, 0x0000000084d00000, 0x0000000084d00000|100%| O|  |TAMS 0x0000000084d00000, 0x0000000084c00000| Untracked 
|  77|0x0000000084d00000, 0x0000000084e00000, 0x0000000084e00000|100%| O|  |TAMS 0x0000000084e00000, 0x0000000084d00000| Untracked 
|  78|0x0000000084e00000, 0x0000000084f00000, 0x0000000084f00000|100%|HS|  |TAMS 0x0000000084f00000, 0x0000000084e00000| Complete 
|  79|0x0000000084f00000, 0x0000000085000000, 0x0000000085000000|100%|HC|  |TAMS 0x0000000085000000, 0x0000000084f00000| Complete 
|  80|0x0000000085000000, 0x0000000085100000, 0x0000000085100000|100%|HS|  |TAMS 0x0000000085100000, 0x0000000085000000| Complete 
|  81|0x0000000085100000, 0x0000000085200000, 0x0000000085200000|100%|HC|  |TAMS 0x0000000085200000, 0x0000000085100000| Complete 
|  82|0x0000000085200000, 0x0000000085300000, 0x0000000085300000|100%|HC|  |TAMS 0x0000000085300000, 0x0000000085200000| Complete 
|  83|0x0000000085300000, 0x0000000085400000, 0x0000000085400000|100%|HS|  |TAMS 0x0000000085400000, 0x0000000085300000| Complete 
|  84|0x0000000085400000, 0x0000000085500000, 0x0000000085500000|100%|HC|  |TAMS 0x0000000085500000, 0x0000000085400000| Complete 
|  85|0x0000000085500000, 0x0000000085600000, 0x0000000085600000|100%|HC|  |TAMS 0x0000000085600000, 0x0000000085500000| Complete 
|  86|0x0000000085600000, 0x0000000085700000, 0x0000000085700000|100%|HC|  |TAMS 0x0000000085700000, 0x0000000085600000| Complete 
|  87|0x0000000085700000, 0x0000000085800000, 0x0000000085800000|100%| O|  |TAMS 0x0000000085800000, 0x0000000085700000| Complete 
|  88|0x0000000085800000, 0x0000000085900000, 0x0000000085900000|100%| O|  |TAMS 0x0000000085900000, 0x0000000085800000| Untracked 
|  89|0x0000000085900000, 0x0000000085a00000, 0x0000000085a00000|100%| O|  |TAMS 0x0000000085a00000, 0x0000000085900000| Untracked 
|  90|0x0000000085a00000, 0x0000000085b00000, 0x0000000085b00000|100%| O|  |TAMS 0x0000000085b00000, 0x0000000085a00000| Complete 
|  91|0x0000000085b00000, 0x0000000085c00000, 0x0000000085c00000|100%| O|  |TAMS 0x0000000085c00000, 0x0000000085b00000| Untracked 
|  92|0x0000000085c00000, 0x0000000085d00000, 0x0000000085d00000|100%| O|  |TAMS 0x0000000085d00000, 0x0000000085c00000| Complete 
|  93|0x0000000085d00000, 0x0000000085e00000, 0x0000000085e00000|100%| O|  |TAMS 0x0000000085e00000, 0x0000000085d00000| Complete 
|  94|0x0000000085e00000, 0x0000000085f00000, 0x0000000085f00000|100%| O|  |TAMS 0x0000000085f00000, 0x0000000085e00000| Complete 
|  95|0x0000000085f00000, 0x0000000086000000, 0x0000000086000000|100%| O|  |TAMS 0x0000000086000000, 0x0000000085f00000| Untracked 
|  96|0x0000000086000000, 0x0000000086100000, 0x0000000086100000|100%| O|  |TAMS 0x0000000086100000, 0x0000000086000000| Complete 
|  97|0x0000000086100000, 0x0000000086200000, 0x0000000086200000|100%| O|  |TAMS 0x0000000086200000, 0x0000000086100000| Complete 
|  98|0x0000000086200000, 0x0000000086300000, 0x0000000086300000|100%| O|  |TAMS 0x0000000086300000, 0x0000000086200000| Complete 
|  99|0x0000000086300000, 0x0000000086400000, 0x0000000086400000|100%| O|  |TAMS 0x0000000086400000, 0x0000000086300000| Complete 
| 100|0x0000000086400000, 0x0000000086500000, 0x0000000086500000|100%| O|  |TAMS 0x0000000086500000, 0x0000000086400000| Complete 
| 101|0x0000000086500000, 0x0000000086600000, 0x0000000086600000|100%| O|  |TAMS 0x0000000086600000, 0x0000000086500000| Complete 
| 102|0x0000000086600000, 0x0000000086700000, 0x0000000086700000|100%| O|  |TAMS 0x0000000086700000, 0x0000000086600000| Complete 
| 103|0x0000000086700000, 0x0000000086800000, 0x0000000086800000|100%| O|  |TAMS 0x0000000086800000, 0x0000000086700000| Untracked 
| 104|0x0000000086800000, 0x0000000086900000, 0x0000000086900000|100%| O|  |TAMS 0x0000000086900000, 0x0000000086800000| Untracked 
| 105|0x0000000086900000, 0x0000000086a00000, 0x0000000086a00000|100%| O|  |TAMS 0x0000000086a00000, 0x0000000086900000| Complete 
| 106|0x0000000086a00000, 0x0000000086b00000, 0x0000000086b00000|100%| O|  |TAMS 0x0000000086a00000, 0x0000000086a00000| Untracked 
| 107|0x0000000086b00000, 0x0000000086c00000, 0x0000000086c00000|100%| O|  |TAMS 0x0000000086c00000, 0x0000000086b00000| Complete 
| 108|0x0000000086c00000, 0x0000000086d00000, 0x0000000086d00000|100%| O|  |TAMS 0x0000000086d00000, 0x0000000086c00000| Untracked 
| 109|0x0000000086d00000, 0x0000000086e00000, 0x0000000086e00000|100%| O|  |TAMS 0x0000000086e00000, 0x0000000086d00000| Complete 
| 110|0x0000000086e00000, 0x0000000086f00000, 0x0000000086f00000|100%| O|  |TAMS 0x0000000086e00000, 0x0000000086e00000| Untracked 
| 111|0x0000000086f00000, 0x0000000087000000, 0x0000000087000000|100%| O|  |TAMS 0x0000000087000000, 0x0000000086f00000| Untracked 
| 112|0x0000000087000000, 0x0000000087100000, 0x0000000087100000|100%| O|  |TAMS 0x0000000087100000, 0x0000000087000000| Untracked 
| 113|0x0000000087100000, 0x0000000087200000, 0x0000000087200000|100%| O|  |TAMS 0x0000000087200000, 0x0000000087100000| Untracked 
| 114|0x0000000087200000, 0x0000000087300000, 0x0000000087300000|100%| O|  |TAMS 0x0000000087300000, 0x0000000087200000| Untracked 
| 115|0x0000000087300000, 0x0000000087400000, 0x0000000087400000|100%| O|  |TAMS 0x0000000087400000, 0x0000000087300000| Untracked 
| 116|0x0000000087400000, 0x0000000087500000, 0x0000000087500000|100%| O|  |TAMS 0x0000000087500000, 0x0000000087400000| Complete 
| 117|0x0000000087500000, 0x0000000087600000, 0x0000000087600000|100%| O|  |TAMS 0x0000000087500000, 0x0000000087500000| Untracked 
| 118|0x0000000087600000, 0x0000000087700000, 0x0000000087700000|100%| O|  |TAMS 0x0000000087700000, 0x0000000087600000| Untracked 
| 119|0x0000000087700000, 0x0000000087800000, 0x0000000087800000|100%| O|  |TAMS 0x0000000087800000, 0x0000000087700000| Complete 
| 120|0x0000000087800000, 0x0000000087805800, 0x0000000087900000|  2%| O|  |TAMS 0x0000000087800000, 0x0000000087800000| Untracked 
| 121|0x0000000087900000, 0x0000000087900000, 0x0000000087a00000|  0%| F|  |TAMS 0x0000000087900000, 0x0000000087900000| Untracked 
| 122|0x0000000087a00000, 0x0000000087b00000, 0x0000000087b00000|100%| O|  |TAMS 0x0000000087b00000, 0x0000000087a00000| Complete 
| 123|0x0000000087b00000, 0x0000000087b00000, 0x0000000087c00000|  0%| F|  |TAMS 0x0000000087b00000, 0x0000000087b00000| Untracked 
| 124|0x0000000087c00000, 0x0000000087c00000, 0x0000000087d00000|  0%| F|  |TAMS 0x0000000087c00000, 0x0000000087c00000| Untracked 
| 125|0x0000000087d00000, 0x0000000087e00000, 0x0000000087e00000|100%| O|  |TAMS 0x0000000087e00000, 0x0000000087d00000| Complete 
| 126|0x0000000087e00000, 0x0000000087f00000, 0x0000000087f00000|100%| O|  |TAMS 0x0000000087f00000, 0x0000000087e00000| Complete 
| 127|0x0000000087f00000, 0x0000000087f00000, 0x0000000088000000|  0%| F|  |TAMS 0x0000000087f00000, 0x0000000087f00000| Untracked 
| 128|0x0000000088000000, 0x0000000088000000, 0x0000000088100000|  0%| F|  |TAMS 0x0000000088000000, 0x0000000088000000| Untracked 
| 129|0x0000000088100000, 0x0000000088100000, 0x0000000088200000|  0%| F|  |TAMS 0x0000000088100000, 0x0000000088100000| Untracked 
| 130|0x0000000088200000, 0x0000000088200000, 0x0000000088300000|  0%| F|  |TAMS 0x0000000088200000, 0x0000000088200000| Untracked 
| 131|0x0000000088300000, 0x0000000088300000, 0x0000000088400000|  0%| F|  |TAMS 0x0000000088300000, 0x0000000088300000| Untracked 
| 132|0x0000000088400000, 0x0000000088400000, 0x0000000088500000|  0%| F|  |TAMS 0x0000000088400000, 0x0000000088400000| Untracked 
| 133|0x0000000088500000, 0x0000000088500000, 0x0000000088600000|  0%| F|  |TAMS 0x0000000088500000, 0x0000000088500000| Untracked 
| 134|0x0000000088600000, 0x0000000088700000, 0x0000000088700000|100%| O|  |TAMS 0x0000000088700000, 0x0000000088600000| Complete 
| 135|0x0000000088700000, 0x0000000088700000, 0x0000000088800000|  0%| F|  |TAMS 0x0000000088700000, 0x0000000088700000| Untracked 
| 136|0x0000000088800000, 0x0000000088900000, 0x0000000088900000|100%| O|  |TAMS 0x0000000088900000, 0x0000000088800000| Complete 
| 137|0x0000000088900000, 0x0000000088a00000, 0x0000000088a00000|100%| O|  |TAMS 0x0000000088a00000, 0x0000000088900000| Complete 
| 138|0x0000000088a00000, 0x0000000088a00000, 0x0000000088b00000|  0%| F|  |TAMS 0x0000000088a00000, 0x0000000088a00000| Untracked 
| 139|0x0000000088b00000, 0x0000000088b00000, 0x0000000088c00000|  0%| F|  |TAMS 0x0000000088b00000, 0x0000000088b00000| Untracked 
| 140|0x0000000088c00000, 0x0000000088c00000, 0x0000000088d00000|  0%| F|  |TAMS 0x0000000088c00000, 0x0000000088c00000| Untracked 
| 141|0x0000000088d00000, 0x0000000088d00000, 0x0000000088e00000|  0%| F|  |TAMS 0x0000000088d00000, 0x0000000088d00000| Untracked 
| 142|0x0000000088e00000, 0x0000000088f00000, 0x0000000088f00000|100%| O|  |TAMS 0x0000000088f00000, 0x0000000088e00000| Complete 
| 143|0x0000000088f00000, 0x0000000089000000, 0x0000000089000000|100%| O|  |TAMS 0x0000000089000000, 0x0000000088f00000| Complete 
| 144|0x0000000089000000, 0x0000000089100000, 0x0000000089100000|100%| O|  |TAMS 0x0000000089100000, 0x0000000089000000| Complete 
| 145|0x0000000089100000, 0x0000000089200000, 0x0000000089200000|100%| O|  |TAMS 0x0000000089200000, 0x0000000089100000| Complete 
| 146|0x0000000089200000, 0x0000000089300000, 0x0000000089300000|100%| O|  |TAMS 0x0000000089300000, 0x0000000089200000| Complete 
| 147|0x0000000089300000, 0x0000000089400000, 0x0000000089400000|100%| O|  |TAMS 0x0000000089400000, 0x0000000089300000| Complete 
| 148|0x0000000089400000, 0x0000000089500000, 0x0000000089500000|100%| O|  |TAMS 0x0000000089500000, 0x0000000089400000| Complete 
| 149|0x0000000089500000, 0x0000000089600000, 0x0000000089600000|100%| O|  |TAMS 0x0000000089600000, 0x0000000089500000| Complete 
| 150|0x0000000089600000, 0x0000000089700000, 0x0000000089700000|100%| O|  |TAMS 0x0000000089700000, 0x0000000089600000| Complete 
| 151|0x0000000089700000, 0x0000000089700000, 0x0000000089800000|  0%| F|  |TAMS 0x0000000089700000, 0x0000000089700000| Untracked 
| 152|0x0000000089800000, 0x0000000089900000, 0x0000000089900000|100%| O|  |TAMS 0x0000000089900000, 0x0000000089800000| Complete 
| 153|0x0000000089900000, 0x0000000089a00000, 0x0000000089a00000|100%| O|  |TAMS 0x0000000089a00000, 0x0000000089900000| Complete 
| 154|0x0000000089a00000, 0x0000000089b00000, 0x0000000089b00000|100%| O|  |TAMS 0x0000000089b00000, 0x0000000089a00000| Complete 
| 155|0x0000000089b00000, 0x0000000089b00000, 0x0000000089c00000|  0%| F|  |TAMS 0x0000000089b00000, 0x0000000089b00000| Untracked 
| 156|0x0000000089c00000, 0x0000000089c00000, 0x0000000089d00000|  0%| F|  |TAMS 0x0000000089c00000, 0x0000000089c00000| Untracked 
| 157|0x0000000089d00000, 0x0000000089d00000, 0x0000000089e00000|  0%| F|  |TAMS 0x0000000089d00000, 0x0000000089d00000| Untracked 
| 158|0x0000000089e00000, 0x0000000089e00000, 0x0000000089f00000|  0%| F|  |TAMS 0x0000000089e00000, 0x0000000089e00000| Untracked 
| 159|0x0000000089f00000, 0x0000000089f00000, 0x000000008a000000|  0%| F|  |TAMS 0x0000000089f00000, 0x0000000089f00000| Untracked 
| 160|0x000000008a000000, 0x000000008a000000, 0x000000008a100000|  0%| F|  |TAMS 0x000000008a000000, 0x000000008a000000| Untracked 
| 161|0x000000008a100000, 0x000000008a100000, 0x000000008a200000|  0%| F|  |TAMS 0x000000008a100000, 0x000000008a100000| Untracked 
| 162|0x000000008a200000, 0x000000008a200000, 0x000000008a300000|  0%| F|  |TAMS 0x000000008a200000, 0x000000008a200000| Untracked 
| 163|0x000000008a300000, 0x000000008a300000, 0x000000008a400000|  0%| F|  |TAMS 0x000000008a300000, 0x000000008a300000| Untracked 
| 164|0x000000008a400000, 0x000000008a400000, 0x000000008a500000|  0%| F|  |TAMS 0x000000008a400000, 0x000000008a400000| Untracked 
| 165|0x000000008a500000, 0x000000008a500000, 0x000000008a600000|  0%| F|  |TAMS 0x000000008a500000, 0x000000008a500000| Untracked 
| 166|0x000000008a600000, 0x000000008a600000, 0x000000008a700000|  0%| F|  |TAMS 0x000000008a600000, 0x000000008a600000| Untracked 
| 167|0x000000008a700000, 0x000000008a700000, 0x000000008a800000|  0%| F|  |TAMS 0x000000008a700000, 0x000000008a700000| Untracked 
| 168|0x000000008a800000, 0x000000008a800000, 0x000000008a900000|  0%| F|  |TAMS 0x000000008a800000, 0x000000008a800000| Untracked 
| 169|0x000000008a900000, 0x000000008a900000, 0x000000008aa00000|  0%| F|  |TAMS 0x000000008a900000, 0x000000008a900000| Untracked 
| 170|0x000000008aa00000, 0x000000008aa00000, 0x000000008ab00000|  0%| F|  |TAMS 0x000000008aa00000, 0x000000008aa00000| Untracked 
| 171|0x000000008ab00000, 0x000000008ab00000, 0x000000008ac00000|  0%| F|  |TAMS 0x000000008ab00000, 0x000000008ab00000| Untracked 
| 172|0x000000008ac00000, 0x000000008ac00000, 0x000000008ad00000|  0%| F|  |TAMS 0x000000008ac00000, 0x000000008ac00000| Untracked 
| 173|0x000000008ad00000, 0x000000008ad00000, 0x000000008ae00000|  0%| F|  |TAMS 0x000000008ad00000, 0x000000008ad00000| Untracked 
| 174|0x000000008ae00000, 0x000000008ae00000, 0x000000008af00000|  0%| F|  |TAMS 0x000000008ae00000, 0x000000008ae00000| Untracked 
| 175|0x000000008af00000, 0x000000008af00000, 0x000000008b000000|  0%| F|  |TAMS 0x000000008af00000, 0x000000008af00000| Untracked 
| 176|0x000000008b000000, 0x000000008b000000, 0x000000008b100000|  0%| F|  |TAMS 0x000000008b000000, 0x000000008b000000| Untracked 
| 177|0x000000008b100000, 0x000000008b100000, 0x000000008b200000|  0%| F|  |TAMS 0x000000008b100000, 0x000000008b100000| Untracked 
| 178|0x000000008b200000, 0x000000008b2dfe00, 0x000000008b300000| 87%| S|CS|TAMS 0x000000008b200000, 0x000000008b200000| Complete 
| 179|0x000000008b300000, 0x000000008b300000, 0x000000008b400000|  0%| F|  |TAMS 0x000000008b300000, 0x000000008b300000| Untracked 
| 180|0x000000008b400000, 0x000000008b400000, 0x000000008b500000|  0%| F|  |TAMS 0x000000008b400000, 0x000000008b400000| Untracked 
| 181|0x000000008b500000, 0x000000008b500000, 0x000000008b600000|  0%| F|  |TAMS 0x000000008b500000, 0x000000008b500000| Untracked 
| 182|0x000000008b600000, 0x000000008b600000, 0x000000008b700000|  0%| F|  |TAMS 0x000000008b600000, 0x000000008b600000| Untracked 
| 183|0x000000008b700000, 0x000000008b700000, 0x000000008b800000|  0%| F|  |TAMS 0x000000008b700000, 0x000000008b700000| Untracked 
| 184|0x000000008b800000, 0x000000008b800000, 0x000000008b900000|  0%| F|  |TAMS 0x000000008b800000, 0x000000008b800000| Untracked 
| 185|0x000000008b900000, 0x000000008b900000, 0x000000008ba00000|  0%| F|  |TAMS 0x000000008b900000, 0x000000008b900000| Untracked 
| 186|0x000000008ba00000, 0x000000008ba00000, 0x000000008bb00000|  0%| F|  |TAMS 0x000000008ba00000, 0x000000008ba00000| Untracked 
| 187|0x000000008bb00000, 0x000000008bb00000, 0x000000008bc00000|  0%| F|  |TAMS 0x000000008bb00000, 0x000000008bb00000| Untracked 
| 188|0x000000008bc00000, 0x000000008bc00000, 0x000000008bd00000|  0%| F|  |TAMS 0x000000008bc00000, 0x000000008bc00000| Untracked 
| 189|0x000000008bd00000, 0x000000008bd00000, 0x000000008be00000|  0%| F|  |TAMS 0x000000008bd00000, 0x000000008bd00000| Untracked 
| 190|0x000000008be00000, 0x000000008be00000, 0x000000008bf00000|  0%| F|  |TAMS 0x000000008be00000, 0x000000008be00000| Untracked 
| 191|0x000000008bf00000, 0x000000008bf00000, 0x000000008c000000|  0%| F|  |TAMS 0x000000008bf00000, 0x000000008bf00000| Untracked 
| 192|0x000000008c000000, 0x000000008c000000, 0x000000008c100000|  0%| F|  |TAMS 0x000000008c000000, 0x000000008c000000| Untracked 
| 193|0x000000008c100000, 0x000000008c100000, 0x000000008c200000|  0%| F|  |TAMS 0x000000008c100000, 0x000000008c100000| Untracked 
| 194|0x000000008c200000, 0x000000008c200000, 0x000000008c300000|  0%| F|  |TAMS 0x000000008c200000, 0x000000008c200000| Untracked 
| 195|0x000000008c300000, 0x000000008c300000, 0x000000008c400000|  0%| F|  |TAMS 0x000000008c300000, 0x000000008c300000| Untracked 
| 196|0x000000008c400000, 0x000000008c400000, 0x000000008c500000|  0%| F|  |TAMS 0x000000008c400000, 0x000000008c400000| Untracked 
| 197|0x000000008c500000, 0x000000008c500000, 0x000000008c600000|  0%| F|  |TAMS 0x000000008c500000, 0x000000008c500000| Untracked 
| 198|0x000000008c600000, 0x000000008c600000, 0x000000008c700000|  0%| F|  |TAMS 0x000000008c600000, 0x000000008c600000| Untracked 
| 199|0x000000008c700000, 0x000000008c700000, 0x000000008c800000|  0%| F|  |TAMS 0x000000008c700000, 0x000000008c700000| Untracked 
| 200|0x000000008c800000, 0x000000008c800000, 0x000000008c900000|  0%| F|  |TAMS 0x000000008c800000, 0x000000008c800000| Untracked 
| 201|0x000000008c900000, 0x000000008c900000, 0x000000008ca00000|  0%| F|  |TAMS 0x000000008c900000, 0x000000008c900000| Untracked 
| 202|0x000000008ca00000, 0x000000008ca00000, 0x000000008cb00000|  0%| F|  |TAMS 0x000000008ca00000, 0x000000008ca00000| Untracked 
| 203|0x000000008cb00000, 0x000000008cb00000, 0x000000008cc00000|  0%| F|  |TAMS 0x000000008cb00000, 0x000000008cb00000| Untracked 
| 204|0x000000008cc00000, 0x000000008cc00000, 0x000000008cd00000|  0%| F|  |TAMS 0x000000008cc00000, 0x000000008cc00000| Untracked 
| 205|0x000000008cd00000, 0x000000008cd00000, 0x000000008ce00000|  0%| F|  |TAMS 0x000000008cd00000, 0x000000008cd00000| Untracked 

Card table byte_map: [0x0000027c1dec0000,0x0000027c1e2c0000] _byte_map_base: 0x0000027c1dac0000

Marking Bits (Prev, Next): (CMBitMap*) 0x0000027c0aaa3ce8, (CMBitMap*) 0x0000027c0aaa3d20
 Prev Bits: [0x0000027c1e6c0000, 0x0000027c206c0000)
 Next Bits: [0x0000027c206c0000, 0x0000027c226c0000)

Polling page: 0x0000027c089a0000

Metaspace:

Usage:
  Non-class:     99.13 MB capacity,    97.15 MB ( 98%) used,     1.65 MB (  2%) free+waste,   345.88 KB ( <1%) overhead. 
      Class:     15.11 MB capacity,    13.94 MB ( 92%) used,     1.02 MB (  7%) free+waste,   158.69 KB (  1%) overhead. 
       Both:    114.25 MB capacity,   111.08 MB ( 97%) used,     2.67 MB (  2%) free+waste,   504.56 KB ( <1%) overhead. 

Virtual space:
  Non-class space:      100.00 MB reserved,      99.75 MB (>99%) committed 
      Class space:        1.00 GB reserved,      15.45 MB (  2%) committed 
             Both:        1.10 GB reserved,     115.20 MB ( 10%) committed 

Chunk freelists:
   Non-Class:  504.00 KB
       Class:  299.00 KB
        Both:  803.00 KB

MaxMetaspaceSize: 17179869184.00 GB
CompressedClassSpaceSize: 1.00 GB

CodeHeap 'non-profiled nmethods': size=120000Kb used=10227Kb max_used=10227Kb free=109772Kb
 bounds [0x0000027c16030000, 0x0000027c16a30000, 0x0000027c1d560000]
CodeHeap 'profiled nmethods': size=120000Kb used=34670Kb max_used=34670Kb free=85329Kb
 bounds [0x0000027c0eb00000, 0x0000027c10ce0000, 0x0000027c16030000]
CodeHeap 'non-nmethods': size=5760Kb used=2340Kb max_used=2408Kb free=3419Kb
 bounds [0x0000027c0e560000, 0x0000027c0e7d0000, 0x0000027c0eb00000]
 total_blobs=16648 nmethods=15693 adapters=865
 compilation: enabled
              stopped_count=0, restarted_count=0
 full_count=0

Compilation events (20 events):
Event: 1696.956 Thread 0x0000027c25347800 nmethod 16015 0x0000027c10cd8310 code [0x0000027c10cd8580, 0x0000027c10cd8ca8]
Event: 1696.957 Thread 0x0000027c25347800 16016   !   2       org.apache.xerces.impl.XMLVersionDetector::determineDocVersion (322 bytes)
Event: 1696.958 Thread 0x0000027c25347800 nmethod 16016 0x0000027c10cd9110 code [0x0000027c10cd9440, 0x0000027c10cd9de8]
Event: 1696.958 Thread 0x0000027c25347800 16017       1       com.android.aaptcompiler.buffer.BigBuffer$Block::getSize$aaptcompiler (5 bytes)
Event: 1696.958 Thread 0x0000027c25347800 nmethod 16017 0x0000027c16a2c190 code [0x0000027c16a2c340, 0x0000027c16a2c3f8]
Event: 1696.958 Thread 0x0000027c25347800 16018       1       com.android.aaptcompiler.Plural::getValues (5 bytes)
Event: 1696.958 Thread 0x0000027c25347800 nmethod 16018 0x0000027c16a2c490 code [0x0000027c16a2c640, 0x0000027c16a2c6f8]
Event: 1696.959 Thread 0x0000027c25347800 16006       1       com.android.manifmerger.XmlElement::getDocument (5 bytes)
Event: 1696.959 Thread 0x0000027c25347800 nmethod 16006 0x0000027c16a2c790 code [0x0000027c16a2c940, 0x0000027c16a2c9f8]
Event: 1696.959 Thread 0x0000027c25347800 16008       1       com.android.manifmerger.XmlDocument::getSourceFile (5 bytes)
Event: 1696.959 Thread 0x0000027c25347800 nmethod 16008 0x0000027c16a2ca90 code [0x0000027c16a2cc40, 0x0000027c16a2ccf8]
Event: 1696.959 Thread 0x0000027c25347800 16019       2       com.google.common.base.Strings::isNullOrEmpty (5 bytes)
Event: 1696.959 Thread 0x0000027c25347800 nmethod 16019 0x0000027c10cda990 code [0x0000027c10cdab40, 0x0000027c10cdac78]
Event: 1696.959 Thread 0x0000027c25347800 16020       2       com.google.common.base.Platform::stringIsNullOrEmpty (17 bytes)
Event: 1696.959 Thread 0x0000027c25347800 nmethod 16020 0x0000027c10cdad90 code [0x0000027c10cdaf40, 0x0000027c10cdb078]
Event: 1696.961 Thread 0x0000027c25347800 16021       2       com.google.common.collect.ImmutableList$Builder::<init> (6 bytes)
Event: 1696.961 Thread 0x0000027c25347800 nmethod 16021 0x0000027c10cdb190 code [0x0000027c10cdb340, 0x0000027c10cdb538]
Event: 1696.961 Thread 0x0000027c25347800 16022       2       com.google.common.collect.ImmutableList$Builder::<init> (18 bytes)
Event: 1696.961 Thread 0x0000027c25347800 nmethod 16022 0x0000027c10cdb610 code [0x0000027c10cdb7c0, 0x0000027c10cdb9b8]
Event: 1696.963 Thread 0x0000027c25347800 16024       2       java.util.regex.Pattern$Curly::match1 (63 bytes)

GC Heap History (20 events):
Event: 1695.185 GC heap after
{Heap after GC invocations=41 (full 0):
 garbage-first heap   total 210944K, used 149765K [0x0000000080000000, 0x0000000100000000)
  region size 1024K, 3 young (3072K), 3 survivors (3072K)
 Metaspace       used 107807K, capacity 110965K, committed 112076K, reserved 1146880K
  class space    used 13767K, capacity 14903K, committed 15308K, reserved 1048576K
}
Event: 1695.270 GC heap before
{Heap before GC invocations=41 (full 0):
 garbage-first heap   total 210944K, used 156933K [0x0000000080000000, 0x0000000100000000)
  region size 1024K, 10 young (10240K), 3 survivors (3072K)
 Metaspace       used 107857K, capacity 111001K, committed 112076K, reserved 1146880K
  class space    used 13773K, capacity 14936K, committed 15308K, reserved 1048576K
}
Event: 1695.276 GC heap after
{Heap after GC invocations=42 (full 0):
 garbage-first heap   total 210944K, used 149910K [0x0000000080000000, 0x0000000100000000)
  region size 1024K, 1 young (1024K), 1 survivors (1024K)
 Metaspace       used 107857K, capacity 111001K, committed 112076K, reserved 1146880K
  class space    used 13773K, capacity 14936K, committed 15308K, reserved 1048576K
}
Event: 1695.431 GC heap before
{Heap before GC invocations=42 (full 0):
 garbage-first heap   total 210944K, used 170390K [0x0000000080000000, 0x0000000100000000)
  region size 1024K, 21 young (21504K), 1 survivors (1024K)
 Metaspace       used 107869K, capacity 111002K, committed 112076K, reserved 1146880K
  class space    used 13773K, capacity 14936K, committed 15308K, reserved 1048576K
}
Event: 1695.434 GC heap after
{Heap after GC invocations=43 (full 0):
 garbage-first heap   total 210944K, used 149673K [0x0000000080000000, 0x0000000100000000)
  region size 1024K, 1 young (1024K), 1 survivors (1024K)
 Metaspace       used 107869K, capacity 111002K, committed 112076K, reserved 1146880K
  class space    used 13773K, capacity 14936K, committed 15308K, reserved 1048576K
}
Event: 1695.525 GC heap before
{Heap before GC invocations=43 (full 0):
 garbage-first heap   total 210944K, used 172201K [0x0000000080000000, 0x0000000100000000)
  region size 1024K, 23 young (23552K), 1 survivors (1024K)
 Metaspace       used 107873K, capacity 111002K, committed 112076K, reserved 1146880K
  class space    used 13773K, capacity 14936K, committed 15308K, reserved 1048576K
}
Event: 1695.526 GC heap after
{Heap after GC invocations=44 (full 0):
 garbage-first heap   total 210944K, used 149620K [0x0000000080000000, 0x0000000100000000)
  region size 1024K, 1 young (1024K), 1 survivors (1024K)
 Metaspace       used 107873K, capacity 111002K, committed 112076K, reserved 1146880K
  class space    used 13773K, capacity 14936K, committed 15308K, reserved 1048576K
}
Event: 1695.920 GC heap before
{Heap before GC invocations=45 (full 0):
 garbage-first heap   total 210944K, used 188532K [0x0000000080000000, 0x0000000100000000)
  region size 1024K, 25 young (25600K), 1 survivors (1024K)
 Metaspace       used 108176K, capacity 111333K, committed 112332K, reserved 1146880K
  class space    used 13795K, capacity 14950K, committed 15308K, reserved 1048576K
}
Event: 1695.923 GC heap after
{Heap after GC invocations=46 (full 0):
 garbage-first heap   total 210944K, used 150339K [0x0000000080000000, 0x0000000100000000)
  region size 1024K, 2 young (2048K), 2 survivors (2048K)
 Metaspace       used 108176K, capacity 111333K, committed 112332K, reserved 1146880K
  class space    used 13795K, capacity 14950K, committed 15308K, reserved 1048576K
}
Event: 1695.958 GC heap before
{Heap before GC invocations=46 (full 0):
 garbage-first heap   total 210944K, used 157507K [0x0000000080000000, 0x0000000100000000)
  region size 1024K, 10 young (10240K), 2 survivors (2048K)
 Metaspace       used 108317K, capacity 111415K, committed 112332K, reserved 1146880K
  class space    used 13806K, capacity 14954K, committed 15308K, reserved 1048576K
}
Event: 1695.961 GC heap after
{Heap after GC invocations=47 (full 0):
 garbage-first heap   total 210944K, used 150942K [0x0000000080000000, 0x0000000100000000)
  region size 1024K, 2 young (2048K), 2 survivors (2048K)
 Metaspace       used 108317K, capacity 111415K, committed 112332K, reserved 1146880K
  class space    used 13806K, capacity 14954K, committed 15308K, reserved 1048576K
}
Event: 1696.216 GC heap before
{Heap before GC invocations=47 (full 0):
 garbage-first heap   total 210944K, used 174494K [0x0000000080000000, 0x0000000100000000)
  region size 1024K, 26 young (26624K), 2 survivors (2048K)
 Metaspace       used 111415K, capacity 114513K, committed 115404K, reserved 1148928K
  class space    used 14067K, capacity 15210K, committed 15564K, reserved 1048576K
}
Event: 1696.222 GC heap after
{Heap after GC invocations=48 (full 0):
 garbage-first heap   total 210944K, used 153631K [0x0000000080000000, 0x0000000100000000)
  region size 1024K, 4 young (4096K), 4 survivors (4096K)
 Metaspace       used 111415K, capacity 114513K, committed 115404K, reserved 1148928K
  class space    used 14067K, capacity 15210K, committed 15564K, reserved 1048576K
}
Event: 1696.436 GC heap before
{Heap before GC invocations=49 (full 0):
 garbage-first heap   total 210944K, used 177183K [0x0000000080000000, 0x0000000100000000)
  region size 1024K, 27 young (27648K), 4 survivors (4096K)
 Metaspace       used 111579K, capacity 114770K, committed 115660K, reserved 1148928K
  class space    used 14067K, capacity 15210K, committed 15564K, reserved 1048576K
}
Event: 1696.442 GC heap after
{Heap after GC invocations=50 (full 0):
 garbage-first heap   total 210944K, used 155030K [0x0000000080000000, 0x0000000100000000)
  region size 1024K, 2 young (2048K), 2 survivors (2048K)
 Metaspace       used 111579K, capacity 114770K, committed 115660K, reserved 1148928K
  class space    used 14067K, capacity 15210K, committed 15564K, reserved 1048576K
}
Event: 1696.476 GC heap before
{Heap before GC invocations=50 (full 0):
 garbage-first heap   total 210944K, used 163222K [0x0000000080000000, 0x0000000100000000)
  region size 1024K, 10 young (10240K), 2 survivors (2048K)
 Metaspace       used 111626K, capacity 114770K, committed 115660K, reserved 1148928K
  class space    used 14067K, capacity 15210K, committed 15564K, reserved 1048576K
}
Event: 1696.485 GC heap after
{Heap after GC invocations=51 (full 0):
 garbage-first heap   total 210944K, used 142228K [0x0000000080000000, 0x0000000100000000)
  region size 1024K, 1 young (1024K), 1 survivors (1024K)
 Metaspace       used 111626K, capacity 114770K, committed 115660K, reserved 1148928K
  class space    used 14067K, capacity 15210K, committed 15564K, reserved 1048576K
}
Event: 1696.758 GC heap before
{Heap before GC invocations=51 (full 0):
 garbage-first heap   total 210944K, used 170900K [0x0000000080000000, 0x0000000100000000)
  region size 1024K, 29 young (29696K), 1 survivors (1024K)
 Metaspace       used 112838K, capacity 116017K, committed 117068K, reserved 1150976K
  class space    used 14169K, capacity 15344K, committed 15692K, reserved 1048576K
}
Event: 1696.764 GC heap after
{Heap after GC invocations=52 (full 0):
 garbage-first heap   total 210944K, used 144575K [0x0000000080000000, 0x0000000100000000)
  region size 1024K, 4 young (4096K), 4 survivors (4096K)
 Metaspace       used 112838K, capacity 116017K, committed 117068K, reserved 1150976K
  class space    used 14169K, capacity 15344K, committed 15692K, reserved 1048576K
}
Event: 1696.964 GC heap before
{Heap before GC invocations=53 (full 0):
 garbage-first heap   total 210944K, used 168051K [0x0000000080000000, 0x0000000100000000)
  region size 1024K, 31 young (31744K), 4 survivors (4096K)
 Metaspace       used 113748K, capacity 116989K, committed 117964K, reserved 1150976K
  class space    used 14269K, capacity 15477K, committed 15820K, reserved 1048576K
}

Deoptimization events (20 events):
Event: 1696.922 Thread 0x0000027c313fe000 Uncommon trap: trap_request=0xffffffde fr.pc=0x0000027c1697c7bc relative=0x000000000000007c
Event: 1696.922 Thread 0x0000027c313fe000 Uncommon trap: reason=class_check action=maybe_recompile pc=0x0000027c1697c7bc method=org.apache.xerces.dom.ElementImpl.getNodeName()Ljava/lang/String; @ 8 c2
Event: 1696.922 Thread 0x0000027c313fe000 DEOPT PACKING pc=0x0000027c1697c7bc sp=0x0000008aed5fa5c0
Event: 1696.922 Thread 0x0000027c313fe000 DEOPT UNPACKING pc=0x0000027c0e58662f sp=0x0000008aed5fa560 mode 2
Event: 1696.928 Thread 0x0000027c313fe000 Uncommon trap: trap_request=0xffffff4d fr.pc=0x0000027c1673f0c0 relative=0x0000000000000260
Event: 1696.928 Thread 0x0000027c313fe000 Uncommon trap: reason=unstable_if action=reinterpret pc=0x0000027c1673f0c0 method=java.util.regex.Matcher.match(II)Z @ 30 c2
Event: 1696.928 Thread 0x0000027c313fe000 DEOPT PACKING pc=0x0000027c1673f0c0 sp=0x0000008aed5fa580
Event: 1696.928 Thread 0x0000027c313fe000 DEOPT UNPACKING pc=0x0000027c0e58662f sp=0x0000008aed5fa508 mode 2
Event: 1696.941 Thread 0x0000027c313fe000 DEOPT PACKING pc=0x0000027c1095ed72 sp=0x0000008aed5f9f30
Event: 1696.941 Thread 0x0000027c313fe000 DEOPT UNPACKING pc=0x0000027c0e586dde sp=0x0000008aed5f9460 mode 0
Event: 1696.949 Thread 0x0000027c313f8000 DEOPT PACKING pc=0x0000027c10bff5c8 sp=0x0000008aed8fcf70
Event: 1696.949 Thread 0x0000027c313f8000 DEOPT UNPACKING pc=0x0000027c0e586dde sp=0x0000008aed8fc478 mode 0
Event: 1696.949 Thread 0x0000027c313f8000 Uncommon trap: trap_request=0xffffff4d fr.pc=0x0000027c16a29f9c relative=0x0000000000000c3c
Event: 1696.950 Thread 0x0000027c313f8000 Uncommon trap: reason=unstable_if action=reinterpret pc=0x0000027c16a29f9c method=com.ctc.wstx.io.UTF8Reader.read([CII)I @ 150 c2
Event: 1696.950 Thread 0x0000027c313f8000 DEOPT PACKING pc=0x0000027c16a29f9c sp=0x0000008aed8fcfc0
Event: 1696.950 Thread 0x0000027c313f8000 DEOPT UNPACKING pc=0x0000027c0e58662f sp=0x0000008aed8fcf80 mode 2
Event: 1696.951 Thread 0x0000027c313fe000 DEOPT PACKING pc=0x0000027c1095ec6e sp=0x0000008aed5f9da0
Event: 1696.951 Thread 0x0000027c313fe000 DEOPT UNPACKING pc=0x0000027c0e586dde sp=0x0000008aed5f92d0 mode 0
Event: 1696.960 Thread 0x0000027c313fe000 DEOPT PACKING pc=0x0000027c1095ec6e sp=0x0000008aed5f9da0
Event: 1696.960 Thread 0x0000027c313fe000 DEOPT UNPACKING pc=0x0000027c0e586dde sp=0x0000008aed5f92d0 mode 0

Classes redefined (0 events):
No events

Internal exceptions (20 events):
Event: 1696.613 Thread 0x0000027c2b9c0800 Exception <a 'sun/nio/fs/WindowsException'{0x000000008befe4d0}> (0x000000008befe4d0) thrown at [./src/hotspot/share/prims/jni.cpp, line 615]
Event: 1696.615 Thread 0x0000027c2b9c0800 Exception <a 'sun/nio/fs/WindowsException'{0x000000008beff6d8}> (0x000000008beff6d8) thrown at [./src/hotspot/share/prims/jni.cpp, line 615]
Event: 1696.617 Thread 0x0000027c2b9c0800 Exception <a 'sun/nio/fs/WindowsException'{0x000000008bc360d0}> (0x000000008bc360d0) thrown at [./src/hotspot/share/prims/jni.cpp, line 615]
Event: 1696.619 Thread 0x0000027c2b9c0800 Exception <a 'sun/nio/fs/WindowsException'{0x000000008bc37350}> (0x000000008bc37350) thrown at [./src/hotspot/share/prims/jni.cpp, line 615]
Event: 1696.620 Thread 0x0000027c2b9c0800 Exception <a 'sun/nio/fs/WindowsException'{0x000000008bc38588}> (0x000000008bc38588) thrown at [./src/hotspot/share/prims/jni.cpp, line 615]
Event: 1696.622 Thread 0x0000027c2b9c0800 Exception <a 'sun/nio/fs/WindowsException'{0x000000008bc397d0}> (0x000000008bc397d0) thrown at [./src/hotspot/share/prims/jni.cpp, line 615]
Event: 1696.624 Thread 0x0000027c2b9c0800 Exception <a 'sun/nio/fs/WindowsException'{0x000000008bc3a9c0}> (0x000000008bc3a9c0) thrown at [./src/hotspot/share/prims/jni.cpp, line 615]
Event: 1696.627 Thread 0x0000027c2b9c0800 Exception <a 'sun/nio/fs/WindowsException'{0x000000008bc3bbf8}> (0x000000008bc3bbf8) thrown at [./src/hotspot/share/prims/jni.cpp, line 615]
Event: 1696.682 Thread 0x0000027c2b9c0800 Exception <a 'sun/nio/fs/WindowsException'{0x000000008b8082b8}> (0x000000008b8082b8) thrown at [./src/hotspot/share/prims/jni.cpp, line 615]
Event: 1696.682 Thread 0x0000027c2b9c0800 Exception <a 'sun/nio/fs/WindowsException'{0x000000008b809c10}> (0x000000008b809c10) thrown at [./src/hotspot/share/prims/jni.cpp, line 615]
Event: 1696.797 Thread 0x0000027c313fe000 Exception <a 'sun/nio/fs/WindowsException'{0x000000008c796018}> (0x000000008c796018) thrown at [./src/hotspot/share/prims/jni.cpp, line 615]
Event: 1696.797 Thread 0x0000027c313fe000 Exception <a 'sun/nio/fs/WindowsException'{0x000000008c7c1e68}> (0x000000008c7c1e68) thrown at [./src/hotspot/share/prims/jni.cpp, line 615]
Event: 1696.798 Thread 0x0000027c313fe000 Exception <a 'sun/nio/fs/WindowsException'{0x000000008c7c21b0}> (0x000000008c7c21b0) thrown at [./src/hotspot/share/prims/jni.cpp, line 615]
Event: 1696.798 Thread 0x0000027c313fe000 Exception <a 'sun/nio/fs/WindowsException'{0x000000008c7c3068}> (0x000000008c7c3068) thrown at [./src/hotspot/share/prims/jni.cpp, line 615]
Event: 1696.798 Thread 0x0000027c313fe000 Exception <a 'sun/nio/fs/WindowsException'{0x000000008c7c3390}> (0x000000008c7c3390) thrown at [./src/hotspot/share/prims/jni.cpp, line 615]
Event: 1696.798 Thread 0x0000027c313fe000 Exception <a 'sun/nio/fs/WindowsException'{0x000000008c7c4238}> (0x000000008c7c4238) thrown at [./src/hotspot/share/prims/jni.cpp, line 615]
Event: 1696.852 Thread 0x0000027c313ff800 Implicit null exception at 0x0000027c1691502e to 0x0000027c1691543c
Event: 1696.852 Thread 0x0000027c313ff800 Implicit null exception at 0x0000027c1691502e to 0x0000027c1691543c
Event: 1696.852 Thread 0x0000027c313ff800 Implicit null exception at 0x0000027c1691502e to 0x0000027c1691543c
Event: 1696.853 Thread 0x0000027c313ff800 Implicit null exception at 0x0000027c1691502e to 0x0000027c1691543c

Events (20 events):
Event: 1696.866 loading class com/android/manifmerger/Actions$Record done
Event: 1696.870 loading class com/android/manifmerger/NodeOperationType
Event: 1696.870 loading class com/android/manifmerger/NodeOperationType done
Event: 1696.870 loading class com/android/manifmerger/ConvertibleName
Event: 1696.870 loading class com/android/manifmerger/ConvertibleName done
Event: 1696.870 Executing VM operation: CGC_Operation
Event: 1696.892 Executing VM operation: CGC_Operation done
Event: 1696.893 loading class com/android/manifmerger/AttributeOperationType
Event: 1696.893 loading class com/android/manifmerger/AttributeOperationType done
Event: 1696.895 loading class com/android/manifmerger/Actions$AttributeRecord
Event: 1696.895 loading class com/android/manifmerger/Actions$AttributeRecord done
Event: 1696.895 loading class com/android/manifmerger/XmlNode$NodeName
Event: 1696.895 loading class com/android/manifmerger/XmlNode$NodeName done
Event: 1696.895 loading class com/android/manifmerger/XmlNode$NodeName
Event: 1696.895 loading class com/android/manifmerger/XmlNode$NodeName done
Event: 1696.898 loading class com/android/manifmerger/XmlAttribute
Event: 1696.898 loading class com/android/manifmerger/XmlAttribute done
Event: 1696.943 Executing VM operation: CGC_Operation
Event: 1696.944 Executing VM operation: CGC_Operation done
Event: 1696.963 Executing VM operation: G1CollectForAllocation


Dynamic libraries:
0x00007ff7abfe0000 - 0x00007ff7abfea000 	C:\Program Files\Android\Android Studio\jre\bin\java.exe
0x00007fffb9c80000 - 0x00007fffb9e89000 	C:\WINDOWS\SYSTEM32\ntdll.dll
0x00007fffb86b0000 - 0x00007fffb876d000 	C:\WINDOWS\System32\KERNEL32.DLL
0x00007fffb72b0000 - 0x00007fffb7624000 	C:\WINDOWS\System32\KERNELBASE.dll
0x00007fffb7a00000 - 0x00007fffb7b11000 	C:\WINDOWS\System32\ucrtbase.dll
0x00007fffa4880000 - 0x00007fffa4897000 	C:\Program Files\Android\Android Studio\jre\bin\VCRUNTIME140.dll
0x00007fffa3870000 - 0x00007fffa3889000 	C:\Program Files\Android\Android Studio\jre\bin\jli.dll
0x00007fffb9880000 - 0x00007fffb9a2c000 	C:\WINDOWS\System32\USER32.dll
0x00007fffb71e0000 - 0x00007fffb7206000 	C:\WINDOWS\System32\win32u.dll
0x00007fffb8600000 - 0x00007fffb8629000 	C:\WINDOWS\System32\GDI32.dll
0x00007fff9e3a0000 - 0x00007fff9e645000 	C:\WINDOWS\WinSxS\amd64_microsoft.windows.common-controls_6595b64144ccf1df_6.0.22000.120_none_9d947278b86cc467\COMCTL32.dll
0x00007fffb7630000 - 0x00007fffb7742000 	C:\WINDOWS\System32\gdi32full.dll
0x00007fffb82e0000 - 0x00007fffb8383000 	C:\WINDOWS\System32\msvcrt.dll
0x00007fffb7210000 - 0x00007fffb72ad000 	C:\WINDOWS\System32\msvcp_win.dll
0x00007fffb8780000 - 0x00007fffb87b1000 	C:\WINDOWS\System32\IMM32.DLL
0x00007fff797b0000 - 0x00007fff7984d000 	C:\Program Files\Android\Android Studio\jre\bin\msvcp140.dll
0x00007fff5b5c0000 - 0x00007fff5c095000 	C:\Program Files\Android\Android Studio\jre\bin\server\jvm.dll
0x00007fffb9a30000 - 0x00007fffb9ade000 	C:\WINDOWS\System32\ADVAPI32.dll
0x00007fffb7b20000 - 0x00007fffb7bbe000 	C:\WINDOWS\System32\sechost.dll
0x00007fffb9750000 - 0x00007fffb9870000 	C:\WINDOWS\System32\RPCRT4.dll
0x00007fffb9870000 - 0x00007fffb9878000 	C:\WINDOWS\System32\PSAPI.DLL
0x00007fffa4870000 - 0x00007fffa4879000 	C:\WINDOWS\SYSTEM32\WSOCK32.dll
0x00007fffb1710000 - 0x00007fffb1743000 	C:\WINDOWS\SYSTEM32\WINMM.dll
0x00007fffaf990000 - 0x00007fffaf99a000 	C:\WINDOWS\SYSTEM32\VERSION.dll
0x00007fffb9530000 - 0x00007fffb959f000 	C:\WINDOWS\System32\WS2_32.dll
0x00007fffb6270000 - 0x00007fffb6288000 	C:\WINDOWS\SYSTEM32\kernel.appcore.dll
0x00007fffa4830000 - 0x00007fffa4841000 	C:\Program Files\Android\Android Studio\jre\bin\verify.dll
0x00007fffa5c00000 - 0x00007fffa5e21000 	C:\WINDOWS\SYSTEM32\DBGHELP.DLL
0x00007fff9d820000 - 0x00007fff9d851000 	C:\WINDOWS\SYSTEM32\dbgcore.DLL
0x00007fffb7980000 - 0x00007fffb79ff000 	C:\WINDOWS\System32\bcryptPrimitives.dll
0x00007fff8c8c0000 - 0x00007fff8c8e9000 	C:\Program Files\Android\Android Studio\jre\bin\java.dll
0x00007fffa4790000 - 0x00007fffa479b000 	C:\Program Files\Android\Android Studio\jre\bin\jimage.dll
0x00007fff88500000 - 0x00007fff88518000 	C:\Program Files\Android\Android Studio\jre\bin\zip.dll
0x00007fffb8c90000 - 0x00007fffb943e000 	C:\WINDOWS\System32\SHELL32.dll
0x00007fffb52e0000 - 0x00007fffb5b48000 	C:\WINDOWS\SYSTEM32\windows.storage.dll
0x00007fffb87e0000 - 0x00007fffb8b58000 	C:\WINDOWS\System32\combase.dll
0x00007fffb5170000 - 0x00007fffb52d6000 	C:\WINDOWS\SYSTEM32\wintypes.dll
0x00007fffb9b50000 - 0x00007fffb9c3a000 	C:\WINDOWS\System32\SHCORE.dll
0x00007fffb96f0000 - 0x00007fffb974d000 	C:\WINDOWS\System32\shlwapi.dll
0x00007fffb70a0000 - 0x00007fffb70c1000 	C:\WINDOWS\SYSTEM32\profapi.dll
0x00007fff884e0000 - 0x00007fff884fa000 	C:\Program Files\Android\Android Studio\jre\bin\net.dll
0x00007fffb0fc0000 - 0x00007fffb10cc000 	C:\WINDOWS\SYSTEM32\WINHTTP.dll
0x00007fffb66a0000 - 0x00007fffb6707000 	C:\WINDOWS\system32\mswsock.dll
0x00007fff884c0000 - 0x00007fff884d4000 	C:\Program Files\Android\Android Studio\jre\bin\nio.dll
0x00007fffa48a0000 - 0x00007fffa48c7000 	C:\Users\rsris\.gradle\native\e1d6ef7f7dcc3fd88c89a11ec53ec762bb8ba0a96d01ffa2cd45eb1d1d8dd5c5\windows-amd64\native-platform.dll
0x00007fff6b290000 - 0x00007fff6b3d4000 	C:\Users\rsris\.gradle\native\5664cfc778a61ccfe75a443a1ab52a65af34e5dc3c78e0209fed803814484fcb\windows-amd64\native-platform-file-events.dll
0x00007fffa3a30000 - 0x00007fffa3a3a000 	C:\Program Files\Android\Android Studio\jre\bin\management.dll
0x00007fff99ac0000 - 0x00007fff99acd000 	C:\Program Files\Android\Android Studio\jre\bin\management_ext.dll
0x00007fffb68f0000 - 0x00007fffb6908000 	C:\WINDOWS\SYSTEM32\CRYPTSP.dll
0x00007fffb61d0000 - 0x00007fffb6205000 	C:\WINDOWS\system32\rsaenh.dll
0x00007fffb6790000 - 0x00007fffb67b9000 	C:\WINDOWS\SYSTEM32\USERENV.dll
0x00007fffb6ad0000 - 0x00007fffb6af7000 	C:\WINDOWS\SYSTEM32\bcrypt.dll
0x00007fffb68e0000 - 0x00007fffb68ec000 	C:\WINDOWS\SYSTEM32\CRYPTBASE.dll
0x00007fffb5da0000 - 0x00007fffb5dcd000 	C:\WINDOWS\SYSTEM32\IPHLPAPI.DLL
0x00007fffb9520000 - 0x00007fffb9529000 	C:\WINDOWS\System32\NSI.dll
0x00007fffb1500000 - 0x00007fffb1519000 	C:\WINDOWS\SYSTEM32\dhcpcsvc6.DLL
0x00007fffb1850000 - 0x00007fffb186e000 	C:\WINDOWS\SYSTEM32\dhcpcsvc.DLL
0x00007fffb5dd0000 - 0x00007fffb5eb7000 	C:\WINDOWS\SYSTEM32\DNSAPI.dll
0x00007fffb4b20000 - 0x00007fffb4b54000 	C:\WINDOWS\SYSTEM32\ntmarta.dll

dbghelp: loaded successfully - version: 4.0.5 - missing functions: none
symbol engine: initialized successfully - sym options: 0x614 - pdb path: .;C:\Program Files\Android\Android Studio\jre\bin;C:\WINDOWS\SYSTEM32;C:\WINDOWS\WinSxS\amd64_microsoft.windows.common-controls_6595b64144ccf1df_6.0.22000.120_none_9d947278b86cc467;C:\Program Files\Android\Android Studio\jre\bin\server;C:\Users\rsris\.gradle\native\e1d6ef7f7dcc3fd88c89a11ec53ec762bb8ba0a96d01ffa2cd45eb1d1d8dd5c5\windows-amd64;C:\Users\rsris\.gradle\native\5664cfc778a61ccfe75a443a1ab52a65af34e5dc3c78e0209fed803814484fcb\windows-amd64

VM Arguments:
jvm_args: --add-opens=java.base/java.util=ALL-UNNAMED --add-opens=java.base/java.lang=ALL-UNNAMED --add-opens=java.base/java.lang.invoke=ALL-UNNAMED --add-opens=java.base/java.util=ALL-UNNAMED --add-opens=java.prefs/java.util.prefs=ALL-UNNAMED --add-opens=java.prefs/java.util.prefs=ALL-UNNAMED --add-opens=java.base/java.nio.charset=ALL-UNNAMED --add-opens=java.base/java.net=ALL-UNNAMED --add-opens=java.base/java.util.concurrent.atomic=ALL-UNNAMED -Xmx2048m -Dfile.encoding=UTF-8 -Duser.country=IN -Duser.language=en -Duser.variant 
java_command: org.gradle.launcher.daemon.bootstrap.GradleDaemon 7.2
java_class_path (initial): C:\Users\rsris\.gradle\wrapper\dists\gradle-7.2-bin\2dnblmf4td7x66yl1d74lt32g\gradle-7.2\lib\gradle-launcher-7.2.jar
Launcher Type: SUN_STANDARD

[Global flags]
     intx CICompilerCount                          = 4                                         {product} {ergonomic}
     uint ConcGCThreads                            = 3                                         {product} {ergonomic}
     uint G1ConcRefinementThreads                  = 10                                        {product} {ergonomic}
   size_t G1HeapRegionSize                         = 1048576                                   {product} {ergonomic}
    uintx GCDrainStackTargetSize                   = 64                                        {product} {ergonomic}
   size_t InitialHeapSize                          = 123731968                                 {product} {ergonomic}
   size_t MarkStackSize                            = 4194304                                   {product} {ergonomic}
   size_t MaxHeapSize                              = 2147483648                                {product} {command line}
   size_t MaxNewSize                               = 1287651328                                {product} {ergonomic}
   size_t MinHeapDeltaBytes                        = 1048576                                   {product} {ergonomic}
    uintx NonNMethodCodeHeapSize                   = 5836300                                {pd product} {ergonomic}
    uintx NonProfiledCodeHeapSize                  = 122910970                              {pd product} {ergonomic}
    uintx ProfiledCodeHeapSize                     = 122910970                              {pd product} {ergonomic}
    uintx ReservedCodeCacheSize                    = 251658240                              {pd product} {ergonomic}
     bool SegmentedCodeCache                       = true                                      {product} {ergonomic}
     bool UseCompressedClassPointers               = true                                 {lp64_product} {ergonomic}
     bool UseCompressedOops                        = true                                 {lp64_product} {ergonomic}
     bool UseG1GC                                  = true                                      {product} {ergonomic}
     bool UseLargePagesIndividualAllocation        = false                                  {pd product} {ergonomic}

Logging:
Log output configuration:
 #0: stdout all=warning uptime,level,tags
 #1: stderr all=off uptime,level,tags

Environment Variables:
PATH=C:\Program Files\Common Files\Oracle\Java\javapath;C:\windows\system32;C:\windows;C:\windows\System32\Wbem;C:\windows\System32\WindowsPowerShell\v1.0\;C:\windows\System32\OpenSSH\;C:\Program Files (x86)\NVIDIA Corporation\PhysX\Common;C:\Program Files\NVIDIA Corporation\NVIDIA NvDLISR;C:\WINDOWS\system32;C:\WINDOWS;C:\WINDOWS\System32\Wbem;C:\WINDOWS\System32\WindowsPowerShell\v1.0\;C:\WINDOWS\System32\OpenSSH\;C:\Program Files\Git\cmd;C:\sai\python\Scripts\;C:\sai\python\;C:\Users\rsris\AppData\Local\Microsoft\WindowsApps;C:\sai\vs\Microsoft VS Code\bin;C:\sai\compillers\java;C:\sai\compillers\MinGW\bin;
USERNAME=rsris
OS=Windows_NT
PROCESSOR_IDENTIFIER=AMD64 Family 25 Model 80 Stepping 0, AuthenticAMD



---------------  S Y S T E M  ---------------

OS: Windows 10 , 64 bit Build 22000 (10.0.22000.434)
OS uptime: 1 days 12:28 hours

CPU:total 12 (initial active 12) (12 cores per cpu, 2 threads per core) family 25 model 80 stepping 0 microcode 0x0, cmov, cx8, fxsr, mmx, sse, sse2, sse3, ssse3, sse4.1, sse4.2, popcnt, avx, avx2, aes, clmul, erms, mmxext, 3dnowpref, lzcnt, sse4a, ht, tsc, tscinvbit, tscinv, bmi1, bmi2,

Memory: 4k page, system-wide physical 7524M (594M free)
TotalPageFile size 9360M (AvailPageFile size 48M)
current process WorkingSet (physical memory assigned to process): 527M, peak: 545M
current process commit charge ("private bytes"): 576M, peak: 620M

vm_info: OpenJDK 64-Bit Server VM (11.0.11+9-b60-7590822) for windows-amd64 JRE (11.0.11+9-b60-7590822), built on Jul 29 2021 21:43:44 by "builder" with MS VC++ 14.0 (VS2015)

END.
